[2017-10-04 00:01:52] A Error Code: 8, Message:Undefined index: request-ip, In Line :66, At File:/data/web/restful/vendor/yoc/http/Input.php
[2017-10-04 00:04:59] A Error Code: 8, Message:Undefined index: request-ip, In Line :66, At File:/data/web/restful/vendor/yoc/http/Input.php
[2017-10-04 00:05:36] A Error Code: 8, Message:Undefined index: request-ip, In Line :66, At File:/data/web/restful/vendor/yoc/http/Input.php
[2017-10-04 00:07:16] A Error Code: 8, Message:Undefined index: request-ip, In Line :66, At File:/data/web/restful/vendor/yoc/http/Input.php
[2017-10-04 00:09:17] A Error Code: 8, Message:Undefined index: request-ip, In Line :66, At File:/data/web/restful/vendor/yoc/http/Input.php
[2017-10-04 00:10:06] A Error Code: 8, Message:Undefined index: request-ip, In Line :66, At File:/data/web/restful/vendor/yoc/http/Input.php
[2017-10-04 00:10:31] A Error Code: 8, Message:Undefined index: request-ip, In Line :66, At File:/data/web/restful/vendor/yoc/http/Input.php
[2017-10-04 00:11:54] A Error Code: 8, Message:Undefined index: request-ip, In Line :66, At File:/data/web/restful/vendor/yoc/http/Input.php
[2017-10-04 00:14:17] A Error Code: 8, Message:Undefined index: request-ip, In Line :66, At File:/data/web/restful/vendor/yoc/http/Input.php
[2017-10-04 00:19:04] A Error Code: 8, Message:Undefined index: request-ip, In Line :66, At File:/data/web/restful/vendor/yoc/http/Input.php
[2017-10-04 00:20:59] A Error Code: 8, Message:Undefined index: request-ip, In Line :66, At File:/data/web/restful/vendor/yoc/http/Input.php
[2017-10-04 00:26:44] A Error Code: 8, Message:Undefined index: request-ip, In Line :66, At File:/data/web/restful/vendor/yoc/http/Input.php
[2017-10-04 00:27:21] A Error Code: 8, Message:Undefined index: request-ip, In Line :66, At File:/data/web/restful/vendor/yoc/http/Input.php
[2017-10-04 00:27:59] A Error Code: 8, Message:Undefined index: request-ip, In Line :66, At File:/data/web/restful/vendor/yoc/http/Input.php
[2017-10-04 00:28:04] A Error Code: 8, Message:Undefined index: request-ip, In Line :66, At File:/data/web/restful/vendor/yoc/http/Input.php
[2017-10-04 00:28:07] A Error Code: 8, Message:Undefined index: request-ip, In Line :66, At File:/data/web/restful/vendor/yoc/http/Input.php
[2017-10-04 00:28:09] A Error Code: 8, Message:Undefined index: request-ip, In Line :66, At File:/data/web/restful/vendor/yoc/http/Input.php
[2017-10-04 00:28:10] A Error Code: 8, Message:Undefined index: request-ip, In Line :66, At File:/data/web/restful/vendor/yoc/http/Input.php
[2017-10-04 00:44:23] A Error Code: 8, Message:Undefined index: request-ip, In Line :66, At File:/data/web/restful/vendor/yoc/http/Input.php
[2017-10-04 00:47:29] A Error Code: 8, Message:Undefined index: request-ip, In Line :66, At File:/data/web/restful/vendor/yoc/http/Input.php
[2017-10-04 00:48:25] A Error Code: 8, Message:Undefined index: request-ip, In Line :66, At File:/data/web/restful/vendor/yoc/http/Input.php
[2017-10-04 00:49:41] A Error Code: 8, Message:Undefined index: request-ip, In Line :66, At File:/data/web/restful/vendor/yoc/http/Input.php
[2017-10-04 00:50:15] A Error Code: 8, Message:Undefined index: request-ip, In Line :66, At File:/data/web/restful/vendor/yoc/http/Input.php
[2017-10-04 00:50:45] A Error Code: 8, Message:Undefined index: request-ip, In Line :66, At File:/data/web/restful/vendor/yoc/http/Input.php
[2017-10-04 00:51:11] A Error Code: 8, Message:Undefined index: request-ip, In Line :66, At File:/data/web/restful/vendor/yoc/http/Input.php
[2017-10-04 00:51:16] A Error Code: 8, Message:Undefined index: request-ip, In Line :66, At File:/data/web/restful/vendor/yoc/http/Input.php
[2017-10-04 00:52:54] A Error Code: 8, Message:Undefined index: request-ip, In Line :66, At File:/data/web/restful/vendor/yoc/http/Input.php
[2017-10-04 00:53:51] A Error Code: 8, Message:Undefined index: request-ip, In Line :66, At File:/data/web/restful/vendor/yoc/http/Input.php
[2017-10-04 00:56:10] A Error Code: 8, Message:Undefined index: request-ip, In Line :66, At File:/data/web/restful/vendor/yoc/http/Input.php
[2017-10-04 00:58:33] A Error Code: 8, Message:Undefined index: request-ip, In Line :66, At File:/data/web/restful/vendor/yoc/http/Input.php
[2017-10-04 01:01:36] A Error Code: 8, Message:Undefined index: request-ip, In Line :66, At File:/data/web/restful/vendor/yoc/http/Input.php
[2017-10-04 01:03:30] A Error Code: 8, Message:Undefined index: request-ip, In Line :66, At File:/data/web/restful/vendor/yoc/http/Input.php
[2017-10-04 01:06:57] A Error Code: 8, Message:Undefined index: request-ip, In Line :66, At File:/data/web/restful/vendor/yoc/http/Input.php
[2017-10-04 01:08:31] A Error Code: 8, Message:Undefined index: request-ip, In Line :66, At File:/data/web/restful/vendor/yoc/http/Input.php
[2017-10-04 01:11:11] A Error Code: 8, Message:Undefined index: request-ip, In Line :66, At File:/data/web/restful/vendor/yoc/http/Input.php
[2017-10-04 01:14:31] A Error Code: 8, Message:Undefined index: request-ip, In Line :66, At File:/data/web/restful/vendor/yoc/http/Input.php
[2017-10-04 01:20:26] A Error Code: 8, Message:Undefined index: request-ip, In Line :66, At File:/data/web/restful/vendor/yoc/http/Input.php
[2017-10-04 01:25:19] A Error Code: 8, Message:Undefined index: request-ip, In Line :66, At File:/data/web/restful/vendor/yoc/http/Input.php
[2017-10-04 01:25:37] A Error Code: 8, Message:Undefined index: request-ip, In Line :66, At File:/data/web/restful/vendor/yoc/http/Input.php
[2017-10-04 01:29:02] A Error Code: 8, Message:Undefined index: request-ip, In Line :66, At File:/data/web/restful/vendor/yoc/http/Input.php
[2017-10-04 01:32:11] A Error Code: 8, Message:Undefined index: request-ip, In Line :66, At File:/data/web/restful/vendor/yoc/http/Input.php
[2017-10-04 01:33:53] A Error Code: 8, Message:Undefined index: request-ip, In Line :66, At File:/data/web/restful/vendor/yoc/http/Input.php
[2017-10-04 01:54:52] A Error Code: 8, Message:Undefined index: request-ip, In Line :66, At File:/data/web/restful/vendor/yoc/http/Input.php
[2017-10-04 01:55:59] A Error Code: 8, Message:Undefined index: request-ip, In Line :66, At File:/data/web/restful/vendor/yoc/http/Input.php
[2017-10-04 03:45:21] A Error Code: 8, Message:Undefined index: request-ip, In Line :66, At File:/data/web/restful/vendor/yoc/http/Input.php
[2017-10-04 03:45:21] A Error Code: 8, Message:Undefined index: request-ip, In Line :66, At File:/data/web/restful/vendor/yoc/http/Input.php
[2017-10-04 03:45:22] A Error Code: 8, Message:Undefined index: request-ip, In Line :66, At File:/data/web/restful/vendor/yoc/http/Input.php
[2017-10-04 03:45:22] A Error Code: 8, Message:Undefined index: request-ip, In Line :66, At File:/data/web/restful/vendor/yoc/http/Input.php
[2017-10-04 03:45:23] A Error Code: 8, Message:Undefined index: request-ip, In Line :66, At File:/data/web/restful/vendor/yoc/http/Input.php
[2017-10-04 03:45:23] A Error Code: 8, Message:Undefined index: request-ip, In Line :66, At File:/data/web/restful/vendor/yoc/http/Input.php
[2017-10-04 03:45:24] A Error Code: 8, Message:Undefined index: request-ip, In Line :66, At File:/data/web/restful/vendor/yoc/http/Input.php
[2017-10-04 03:45:25] A Error Code: 8, Message:Undefined index: request-ip, In Line :66, At File:/data/web/restful/vendor/yoc/http/Input.php
[2017-10-04 03:45:26] A Error Code: 8, Message:Undefined index: request-ip, In Line :66, At File:/data/web/restful/vendor/yoc/http/Input.php
[2017-10-04 03:45:26] A Error Code: 8, Message:Undefined index: request-ip, In Line :66, At File:/data/web/restful/vendor/yoc/http/Input.php
[2017-10-04 03:45:27] A Error Code: 8, Message:Undefined index: request-ip, In Line :66, At File:/data/web/restful/vendor/yoc/http/Input.php
[2017-10-04 03:45:27] A Error Code: 8, Message:Undefined index: request-ip, In Line :66, At File:/data/web/restful/vendor/yoc/http/Input.php
[2017-10-04 03:45:28] A Error Code: 8, Message:Undefined index: request-ip, In Line :66, At File:/data/web/restful/vendor/yoc/http/Input.php
[2017-10-04 03:45:28] A Error Code: 8, Message:Undefined index: request-ip, In Line :66, At File:/data/web/restful/vendor/yoc/http/Input.php
[2017-10-04 03:45:29] A Error Code: 8, Message:Undefined index: request-ip, In Line :66, At File:/data/web/restful/vendor/yoc/http/Input.php
[2017-10-04 03:45:29] A Error Code: 8, Message:Undefined index: request-ip, In Line :66, At File:/data/web/restful/vendor/yoc/http/Input.php
[2017-10-04 03:45:30] A Error Code: 8, Message:Undefined index: request-ip, In Line :66, At File:/data/web/restful/vendor/yoc/http/Input.php
[2017-10-04 03:45:30] A Error Code: 8, Message:Undefined index: request-ip, In Line :66, At File:/data/web/restful/vendor/yoc/http/Input.php
[2017-10-04 03:45:31] A Error Code: 8, Message:Undefined index: request-ip, In Line :66, At File:/data/web/restful/vendor/yoc/http/Input.php
[2017-10-04 03:45:31] A Error Code: 8, Message:Undefined index: request-ip, In Line :66, At File:/data/web/restful/vendor/yoc/http/Input.php
[2017-10-04 03:46:54] A Error Code: 8, Message:Undefined index: request-ip, In Line :66, At File:/data/web/restful/vendor/yoc/http/Input.php
[2017-10-04 03:46:54] A Error Code: 8, Message:Undefined index: request-ip, In Line :66, At File:/data/web/restful/vendor/yoc/http/Input.php
[2017-10-04 03:46:55] A Error Code: 8, Message:Undefined index: request-ip, In Line :66, At File:/data/web/restful/vendor/yoc/http/Input.php
[2017-10-04 03:46:55] A Error Code: 8, Message:Undefined index: request-ip, In Line :66, At File:/data/web/restful/vendor/yoc/http/Input.php
[2017-10-04 03:46:56] A Error Code: 8, Message:Undefined index: request-ip, In Line :66, At File:/data/web/restful/vendor/yoc/http/Input.php
[2017-10-04 03:46:56] A Error Code: 8, Message:Undefined index: request-ip, In Line :66, At File:/data/web/restful/vendor/yoc/http/Input.php
[2017-10-04 03:46:57] A Error Code: 8, Message:Undefined index: request-ip, In Line :66, At File:/data/web/restful/vendor/yoc/http/Input.php
[2017-10-04 03:46:57] A Error Code: 8, Message:Undefined index: request-ip, In Line :66, At File:/data/web/restful/vendor/yoc/http/Input.php
[2017-10-04 03:46:58] A Error Code: 8, Message:Undefined index: request-ip, In Line :66, At File:/data/web/restful/vendor/yoc/http/Input.php
[2017-10-04 03:46:58] A Error Code: 8, Message:Undefined index: request-ip, In Line :66, At File:/data/web/restful/vendor/yoc/http/Input.php
[2017-10-04 03:46:59] A Error Code: 8, Message:Undefined index: request-ip, In Line :66, At File:/data/web/restful/vendor/yoc/http/Input.php
[2017-10-04 03:46:59] A Error Code: 8, Message:Undefined index: request-ip, In Line :66, At File:/data/web/restful/vendor/yoc/http/Input.php
[2017-10-04 03:47:00] A Error Code: 8, Message:Undefined index: request-ip, In Line :66, At File:/data/web/restful/vendor/yoc/http/Input.php
[2017-10-04 03:47:00] A Error Code: 8, Message:Undefined index: request-ip, In Line :66, At File:/data/web/restful/vendor/yoc/http/Input.php
[2017-10-04 03:47:01] A Error Code: 8, Message:Undefined index: request-ip, In Line :66, At File:/data/web/restful/vendor/yoc/http/Input.php
[2017-10-04 03:47:01] A Error Code: 8, Message:Undefined index: request-ip, In Line :66, At File:/data/web/restful/vendor/yoc/http/Input.php
[2017-10-04 03:47:02] A Error Code: 8, Message:Undefined index: request-ip, In Line :66, At File:/data/web/restful/vendor/yoc/http/Input.php
[2017-10-04 03:47:02] A Error Code: 8, Message:Undefined index: request-ip, In Line :66, At File:/data/web/restful/vendor/yoc/http/Input.php
[2017-10-04 03:47:03] A Error Code: 8, Message:Undefined index: request-ip, In Line :66, At File:/data/web/restful/vendor/yoc/http/Input.php
[2017-10-04 03:47:03] A Error Code: 8, Message:Undefined index: request-ip, In Line :66, At File:/data/web/restful/vendor/yoc/http/Input.php
[2017-10-04 03:53:37] A Error Code: 8, Message:Undefined index: request-ip, In Line :66, At File:/data/web/restful/vendor/yoc/http/Input.php
[2017-10-04 03:53:44] A Error Code: 8, Message:Undefined index: request-ip, In Line :66, At File:/data/web/restful/vendor/yoc/http/Input.php
[2017-10-04 03:53:49] A Error Code: 8, Message:Undefined index: request-ip, In Line :66, At File:/data/web/restful/vendor/yoc/http/Input.php
[2017-10-04 03:56:29] A Error Code: 8, Message:Undefined index: request-ip, In Line :66, At File:/data/web/restful/vendor/yoc/http/Input.php
[2017-10-04 03:56:29] A Error Code: 8, Message:Undefined index: request-ip, In Line :66, At File:/data/web/restful/vendor/yoc/http/Input.php
[2017-10-04 03:56:29] A Error Code: 8, Message:Undefined index: request-ip, In Line :66, At File:/data/web/restful/vendor/yoc/http/Input.php
[2017-10-04 03:56:37] A Error Code: 8, Message:Undefined index: request-ip, In Line :66, At File:/data/web/restful/vendor/yoc/http/Input.php
[2017-10-04 03:56:45] A Error Code: 8, Message:Undefined index: request-ip, In Line :66, At File:/data/web/restful/vendor/yoc/http/Input.php
[2017-10-04 04:01:41] A Error Code: 8, Message:Undefined index: request-ip, In Line :66, At File:/data/web/restful/vendor/yoc/http/Input.php
[2017-10-04 04:01:41] A Error Code: 8, Message:Undefined index: request-ip, In Line :66, At File:/data/web/restful/vendor/yoc/http/Input.php
[2017-10-04 04:02:30] A Error Code: 8, Message:Undefined index: request-ip, In Line :66, At File:/data/web/restful/vendor/yoc/http/Input.php
[2017-10-04 04:02:30] A Error Code: 8, Message:Undefined index: request-ip, In Line :66, At File:/data/web/restful/vendor/yoc/http/Input.php
[2017-10-04 04:02:30] A Error Code: 8, Message:Undefined index: request-ip, In Line :66, At File:/data/web/restful/vendor/yoc/http/Input.php
[2017-10-04 04:02:30] A Error Code: 8, Message:Undefined index: request-ip, In Line :66, At File:/data/web/restful/vendor/yoc/http/Input.php
[2017-10-04 04:10:22] A Error Code: 8, Message:Undefined index: request-ip, In Line :66, At File:/data/web/restful/vendor/yoc/http/Input.php
[2017-10-04 04:11:21] A Error Code: 8, Message:Undefined index: request-ip, In Line :66, At File:/data/web/restful/vendor/yoc/http/Input.php
[2017-10-04 04:11:21] A Error Code: 8, Message:Undefined index: request-ip, In Line :66, At File:/data/web/restful/vendor/yoc/http/Input.php
[2017-10-04 04:16:06] A Error Code: 8, Message:Undefined index: request-ip, In Line :66, At File:/data/web/restful/vendor/yoc/http/Input.php
[2017-10-04 04:16:38] A Error Code: 8, Message:Undefined index: request-ip, In Line :66, At File:/data/web/restful/vendor/yoc/http/Input.php
[2017-10-04 04:18:16] A Error Code: 8, Message:Undefined index: request-ip, In Line :66, At File:/data/web/restful/vendor/yoc/http/Input.php
[2017-10-04 04:19:54] A Error Code: 8, Message:Undefined index: request-ip, In Line :66, At File:/data/web/restful/vendor/yoc/http/Input.php
[2017-10-04 04:21:08] A Error Code: 8, Message:Undefined index: request-ip, In Line :66, At File:/data/web/restful/vendor/yoc/http/Input.php
[2017-10-04 04:23:41] A Error Code: 8, Message:Undefined index: request-ip, In Line :66, At File:/data/web/restful/vendor/yoc/http/Input.php
[2017-10-04 04:24:34] A Error Code: 8, Message:Undefined index: request-ip, In Line :66, At File:/data/web/restful/vendor/yoc/http/Input.php
[2017-10-04 04:29:10] A Error Code: 8, Message:Undefined index: request-ip, In Line :66, At File:/data/web/restful/vendor/yoc/http/Input.php
[2017-10-04 04:31:43] A Error Code: 8, Message:Undefined index: request-ip, In Line :66, At File:/data/web/restful/vendor/yoc/http/Input.php
[2017-10-04 04:34:08] A Error Code: 8, Message:Undefined index: request-ip, In Line :66, At File:/data/web/restful/vendor/yoc/http/Input.php
[2017-10-04 04:35:04] A Error Code: 8, Message:Undefined index: request-ip, In Line :66, At File:/data/web/restful/vendor/yoc/http/Input.php
[2017-10-04 04:39:39] A Error Code: 8, Message:Undefined index: request-ip, In Line :66, At File:/data/web/restful/vendor/yoc/http/Input.php
[2017-10-04 04:39:47] A Error Code: 8, Message:Undefined index: request-ip, In Line :66, At File:/data/web/restful/vendor/yoc/http/Input.php
[2017-10-04 04:42:03] A Error Code: 8, Message:Undefined index: request-ip, In Line :66, At File:/data/web/restful/vendor/yoc/http/Input.php
[2017-10-04 04:47:01] A Error Code: 8, Message:Undefined index: request-ip, In Line :66, At File:/data/web/restful/vendor/yoc/http/Input.php
[2017-10-04 04:53:18] A Error Code: 8, Message:Undefined index: request-ip, In Line :66, At File:/data/web/restful/vendor/yoc/http/Input.php
[2017-10-04 04:55:02] A Error Code: 8, Message:Undefined index: request-ip, In Line :66, At File:/data/web/restful/vendor/yoc/http/Input.php
[2017-10-04 04:57:53] A Error Code: 8, Message:Undefined index: request-ip, In Line :66, At File:/data/web/restful/vendor/yoc/http/Input.php
[2017-10-04 05:07:32] A Error Code: 8, Message:Undefined index: request-ip, In Line :66, At File:/data/web/restful/vendor/yoc/http/Input.php
[2017-10-04 05:08:06] A Error Code: 8, Message:Undefined index: request-ip, In Line :66, At File:/data/web/restful/vendor/yoc/http/Input.php
[2017-10-04 05:11:36] A Error Code: 8, Message:Undefined index: request-ip, In Line :66, At File:/data/web/restful/vendor/yoc/http/Input.php
[2017-10-04 05:11:57] A Error Code: 8, Message:Undefined index: request-ip, In Line :66, At File:/data/web/restful/vendor/yoc/http/Input.php
[2017-10-04 05:12:12] A Error Code: 8, Message:Undefined index: request-ip, In Line :66, At File:/data/web/restful/vendor/yoc/http/Input.php
[2017-10-04 05:13:24] A Error Code: 8, Message:Undefined index: request-ip, In Line :66, At File:/data/web/restful/vendor/yoc/http/Input.php
[2017-10-04 05:17:13] A Error Code: 8, Message:Undefined index: request-ip, In Line :66, At File:/data/web/restful/vendor/yoc/http/Input.php
[2017-10-04 05:17:20] A Error Code: 8, Message:Undefined index: request-ip, In Line :66, At File:/data/web/restful/vendor/yoc/http/Input.php
[2017-10-04 05:18:35] A Error Code: 8, Message:Undefined index: request-ip, In Line :66, At File:/data/web/restful/vendor/yoc/http/Input.php
[2017-10-04 05:26:01] A Error Code: 8, Message:Undefined index: request-ip, In Line :66, At File:/data/web/restful/vendor/yoc/http/Input.php
[2017-10-04 05:26:20] A Error Code: 8, Message:Undefined index: request-ip, In Line :66, At File:/data/web/restful/vendor/yoc/http/Input.php
[2017-10-04 05:32:58] A Error Code: 8, Message:Undefined index: request-ip, In Line :66, At File:/data/web/restful/vendor/yoc/http/Input.php
[2017-10-04 05:33:04] A Error Code: 8, Message:Undefined index: request-ip, In Line :66, At File:/data/web/restful/vendor/yoc/http/Input.php
[2017-10-04 05:33:14] A Error Code: 8, Message:Undefined index: request-ip, In Line :66, At File:/data/web/restful/vendor/yoc/http/Input.php
[2017-10-04 05:33:17] A Error Code: 8, Message:Undefined index: request-ip, In Line :66, At File:/data/web/restful/vendor/yoc/http/Input.php
[2017-10-04 05:33:23] A Error Code: 8, Message:Undefined index: request-ip, In Line :66, At File:/data/web/restful/vendor/yoc/http/Input.php
[2017-10-04 05:34:31] A Error Code: 8, Message:Undefined index: request-ip, In Line :66, At File:/data/web/restful/vendor/yoc/http/Input.php
[2017-10-04 05:35:43] A Error Code: 8, Message:Undefined index: request-ip, In Line :66, At File:/data/web/restful/vendor/yoc/http/Input.php
[2017-10-04 05:36:53] A Error Code: 8, Message:Undefined index: request-ip, In Line :66, At File:/data/web/restful/vendor/yoc/http/Input.php
[2017-10-04 05:38:14] A Error Code: 8, Message:Undefined index: request-ip, In Line :66, At File:/data/web/restful/vendor/yoc/http/Input.php
[2017-10-04 05:38:49] A Error Code: 8, Message:Undefined index: request-ip, In Line :66, At File:/data/web/restful/vendor/yoc/http/Input.php
[2017-10-04 05:45:43] A Error Code: 8, Message:Undefined index: request-ip, In Line :66, At File:/data/web/restful/vendor/yoc/http/Input.php
[2017-10-04 05:48:08] A Error Code: 8, Message:Undefined index: request-ip, In Line :66, At File:/data/web/restful/vendor/yoc/http/Input.php
[2017-10-04 05:54:36] A Error Code: 8, Message:Undefined index: request-ip, In Line :66, At File:/data/web/restful/vendor/yoc/http/Input.php
[2017-10-04 05:56:06] A Error Code: 8, Message:Undefined index: request-ip, In Line :66, At File:/data/web/restful/vendor/yoc/http/Input.php
[2017-10-04 05:57:46] A Error Code: 8, Message:Undefined index: request-ip, In Line :66, At File:/data/web/restful/vendor/yoc/http/Input.php
[2017-10-04 06:02:30] A Error Code: 8, Message:Undefined index: request-ip, In Line :66, At File:/data/web/restful/vendor/yoc/http/Input.php
[2017-10-04 06:15:03] A Error Code: 8, Message:Undefined index: request-ip, In Line :66, At File:/data/web/restful/vendor/yoc/http/Input.php
[2017-10-04 06:15:53] A Error Code: 8, Message:Undefined index: request-ip, In Line :66, At File:/data/web/restful/vendor/yoc/http/Input.php
[2017-10-04 06:19:39] A Error Code: 8, Message:Undefined index: request-ip, In Line :66, At File:/data/web/restful/vendor/yoc/http/Input.php
[2017-10-04 06:28:21] A Error Code: 8, Message:Undefined index: request-ip, In Line :66, At File:/data/web/restful/vendor/yoc/http/Input.php
[2017-10-04 06:29:35] A Error Code: 8, Message:Undefined index: request-ip, In Line :66, At File:/data/web/restful/vendor/yoc/http/Input.php
[2017-10-04 06:29:45] A Error Code: 8, Message:Undefined index: request-ip, In Line :66, At File:/data/web/restful/vendor/yoc/http/Input.php
[2017-10-04 06:30:45] A Error Code: 8, Message:Undefined index: request-ip, In Line :66, At File:/data/web/restful/vendor/yoc/http/Input.php
[2017-10-04 06:33:15] A Error Code: 8, Message:Undefined index: request-ip, In Line :66, At File:/data/web/restful/vendor/yoc/http/Input.php
[2017-10-04 06:34:10] A Error Code: 8, Message:Undefined index: request-ip, In Line :66, At File:/data/web/restful/vendor/yoc/http/Input.php
[2017-10-04 06:36:10] A Error Code: 8, Message:Undefined index: request-ip, In Line :66, At File:/data/web/restful/vendor/yoc/http/Input.php
[2017-10-04 06:36:28] A Error Code: 8, Message:Undefined index: request-ip, In Line :66, At File:/data/web/restful/vendor/yoc/http/Input.php
[2017-10-04 06:37:46] A Error Code: 8, Message:Undefined index: request-ip, In Line :66, At File:/data/web/restful/vendor/yoc/http/Input.php
[2017-10-04 06:39:16] A Error Code: 8, Message:Undefined index: request-ip, In Line :66, At File:/data/web/restful/vendor/yoc/http/Input.php
[2017-10-04 07:18:07] A Error Code: 8, Message:Trying to get property of non-object, In Line :111, At File:/data/web/restful/app/controller/FriendGroupController.php
[2017-10-04 07:18:07] A Error Code: 8, Message:PDO::getAttribute(): send of 5 bytes failed with errno=32 Broken pipe, In Line :143, At File:/data/web/restful/vendor/yoc/db/Connect.php
[2017-10-04 07:18:07] A Error Code: 2, Message:Error while sending STATISTICS packet. PID=24940, In Line :143, At File:/data/web/restful/vendor/yoc/db/Connect.php
[2017-10-04 07:18:12] A Error Code: 2, Message:Declaration of app\components\ActiveController::beforeAction($request) should be compatible with yoc\base\Controller::beforeAction(yoc\http\Request $request), In Line :140, At File:/data/web/restful/app/components/ActiveController.php
[2017-10-04 09:13:32] A Error Code: 2, Message:Declaration of app\components\ActiveController::beforeAction($request) should be compatible with yoc\base\Controller::beforeAction(yoc\http\Request $request), In Line :140, At File:/data/web/restful/app/components/ActiveController.php
[2017-10-04 09:24:14] A Error Code: 8, Message:Undefined index: request-ip, In Line :66, At File:/data/web/restful/vendor/yoc/http/Input.php
[2017-10-04 09:42:59] A Error Code: 8, Message:Undefined index: request-ip, In Line :66, At File:/data/web/restful/vendor/yoc/http/Input.php
[2017-10-04 10:20:59] A Error Code: 8, Message:Undefined index: request-ip, In Line :66, At File:/data/web/restful/vendor/yoc/http/Input.php
[2017-10-04 10:32:10] A Error Code: 8, Message:Undefined index: request-ip, In Line :66, At File:/data/web/restful/vendor/yoc/http/Input.php
[2017-10-04 11:52:19] A Error Code: 8, Message:Undefined index: request-ip, In Line :66, At File:/data/web/restful/vendor/yoc/http/Input.php
[2017-10-04 13:20:56] A Error Code: 8, Message:Undefined index: request-ip, In Line :66, At File:/data/web/restful/vendor/yoc/http/Input.php
[2017-10-04 13:23:48] A Error Code: 8, Message:Undefined index: request-ip, In Line :66, At File:/data/web/restful/vendor/yoc/http/Input.php
[2017-10-04 13:37:57] A Error Code: 8, Message:Undefined index: request-ip, In Line :66, At File:/data/web/restful/vendor/yoc/http/Input.php
[2017-10-04 13:56:04] A Error Code: 8, Message:Undefined index: request-ip, In Line :66, At File:/data/web/restful/vendor/yoc/http/Input.php
[2017-10-04 14:05:08] A Error Code: 8, Message:Undefined index: request-ip, In Line :66, At File:/data/web/restful/vendor/yoc/http/Input.php
[2017-10-04 14:29:34] A Error Code: 8, Message:Undefined index: request-ip, In Line :66, At File:/data/web/restful/vendor/yoc/http/Input.php
[2017-10-04 15:21:24] A Error Code: 8, Message:Trying to get property of non-object, In Line :111, At File:/data/web/restful/app/controller/FriendGroupController.php
[2017-10-04 15:56:46] A Error Code: 8, Message:Undefined index: request-ip, In Line :66, At File:/data/web/restful/vendor/yoc/http/Input.php
[2017-10-04 16:41:51] A Error Code: 8, Message:Undefined index: request-ip, In Line :66, At File:/data/web/restful/vendor/yoc/http/Input.php
[2017-10-04 16:41:51] A Error Code: 8, Message:Undefined index: request-ip, In Line :66, At File:/data/web/restful/vendor/yoc/http/Input.php
[2017-10-04 16:41:51] A Error Code: 8, Message:Undefined index: request-ip, In Line :66, At File:/data/web/restful/vendor/yoc/http/Input.php
[2017-10-04 16:55:10] A Error Code: 8, Message:Undefined index: request-ip, In Line :66, At File:/data/web/restful/vendor/yoc/http/Input.php
[2017-10-04 16:59:29] A Error Code: 8, Message:Undefined index: request-ip, In Line :66, At File:/data/web/restful/vendor/yoc/http/Input.php
[2017-10-04 17:00:57] A Error Code: 8, Message:Undefined index: request-ip, In Line :66, At File:/data/web/restful/vendor/yoc/http/Input.php
[2017-10-04 19:44:00] A Error Code: 2, Message:Declaration of app\components\ActiveController::beforeAction($request) should be compatible with yoc\base\Controller::beforeAction(yoc\http\Request $request), In Line :140, At File:/data/web/restful/app/components/ActiveController.php
[2017-10-04 19:47:34] A Error Code: 8, Message:Undefined index: request-ip, In Line :66, At File:/data/web/restful/vendor/yoc/http/Input.php
[2017-10-04 19:49:21] A Error Code: 8, Message:Undefined index: request-ip, In Line :66, At File:/data/web/restful/vendor/yoc/http/Input.php
[2017-10-04 19:53:08] A Error Code: 8, Message:Undefined index: request-ip, In Line :66, At File:/data/web/restful/vendor/yoc/http/Input.php
[2017-10-04 20:08:35] A Error Code: 8, Message:Undefined index: request-ip, In Line :66, At File:/data/web/restful/vendor/yoc/http/Input.php
[2017-10-04 20:47:48] A Error Code: 8, Message:Undefined index: request-ip, In Line :66, At File:/data/web/restful/vendor/yoc/http/Input.php
[2017-10-04 21:43:20] A Error Code: 8, Message:Undefined index: request-ip, In Line :66, At File:/data/web/restful/vendor/yoc/http/Input.php
[2017-10-04 22:01:13] A Error Code: 8, Message:Undefined index: request-ip, In Line :66, At File:/data/web/restful/vendor/yoc/http/Input.php
[2017-10-04 23:30:20] A Error Code: 2, Message:Declaration of app\components\ActiveController::beforeAction($request) should be compatible with yoc\base\Controller::beforeAction(yoc\http\Request $request), In Line :140, At File:/data/web/restful/app/components/ActiveController.php
[2017-10-04 23:30:20] A Error Code: 2, Message:Declaration of app\components\ActiveController::beforeAction($request) should be compatible with yoc\base\Controller::beforeAction(yoc\http\Request $request), In Line :140, At File:/data/web/restful/app/components/ActiveController.php
[2017-10-04 23:30:20] A Error Code: 2, Message:Declaration of app\components\ActiveController::beforeAction($request) should be compatible with yoc\base\Controller::beforeAction(yoc\http\Request $request), In Line :140, At File:/data/web/restful/app/components/ActiveController.php
[2017-10-04 23:30:20] A Error Code: 2, Message:Declaration of app\components\ActiveController::beforeAction($request) should be compatible with yoc\base\Controller::beforeAction(yoc\http\Request $request), In Line :140, At File:/data/web/restful/app/components/ActiveController.php
[2017-10-04 23:30:26] A Error Code: 8, Message:Array to string conversion, In Line :32, At File:/data/web/restful/vendor/yoc/validate/DatetimeValidate.php
[2017-10-04 23:30:27] A Error Code: 8, Message:Array to string conversion, In Line :32, At File:/data/web/restful/vendor/yoc/validate/DatetimeValidate.php
[2017-10-04 23:30:29] A Error Code: 8, Message:Array to string conversion, In Line :32, At File:/data/web/restful/vendor/yoc/validate/DatetimeValidate.php
[2017-10-04 23:30:30] A Error Code: 8, Message:Array to string conversion, In Line :32, At File:/data/web/restful/vendor/yoc/validate/DatetimeValidate.php
[2017-10-04 23:31:20] A Error Code: 8, Message:Array to string conversion, In Line :32, At File:/data/web/restful/vendor/yoc/validate/DatetimeValidate.php
[2017-10-04 23:31:20] A Error Code: 8, Message:Array to string conversion, In Line :32, At File:/data/web/restful/vendor/yoc/validate/DatetimeValidate.php
[2017-10-04 23:31:20] A Error Code: 8, Message:Array to string conversion, In Line :32, At File:/data/web/restful/vendor/yoc/validate/DatetimeValidate.php
[2017-10-04 23:31:20] A Error Code: 8, Message:Array to string conversion, In Line :32, At File:/data/web/restful/vendor/yoc/validate/DatetimeValidate.php
[2017-10-04 23:31:20] A Error Code: 8, Message:Array to string conversion, In Line :32, At File:/data/web/restful/vendor/yoc/validate/DatetimeValidate.php
[2017-10-04 23:31:21] A Error Code: 8, Message:Array to string conversion, In Line :32, At File:/data/web/restful/vendor/yoc/validate/DatetimeValidate.php
[2017-10-04 23:31:21] A Error Code: 8, Message:Array to string conversion, In Line :32, At File:/data/web/restful/vendor/yoc/validate/DatetimeValidate.php
[2017-10-04 23:31:21] A Error Code: 8, Message:Array to string conversion, In Line :32, At File:/data/web/restful/vendor/yoc/validate/DatetimeValidate.php
[2017-10-04 23:31:21] A Error Code: 8, Message:Array to string conversion, In Line :32, At File:/data/web/restful/vendor/yoc/validate/DatetimeValidate.php
[2017-10-04 23:31:21] A Error Code: 8, Message:Array to string conversion, In Line :32, At File:/data/web/restful/vendor/yoc/validate/DatetimeValidate.php
[2017-10-04 23:31:21] A Error Code: 8, Message:Array to string conversion, In Line :32, At File:/data/web/restful/vendor/yoc/validate/DatetimeValidate.php
[2017-10-04 23:31:23] A Error Code: 8, Message:Array to string conversion, In Line :32, At File:/data/web/restful/vendor/yoc/validate/DatetimeValidate.php
[2017-10-04 23:31:23] A Error Code: 8, Message:Array to string conversion, In Line :32, At File:/data/web/restful/vendor/yoc/validate/DatetimeValidate.php
[2017-10-04 23:31:23] A Error Code: 8, Message:Array to string conversion, In Line :32, At File:/data/web/restful/vendor/yoc/validate/DatetimeValidate.php
[2017-10-04 23:31:23] A Error Code: 8, Message:Array to string conversion, In Line :32, At File:/data/web/restful/vendor/yoc/validate/DatetimeValidate.php
[2017-10-04 23:31:23] A Error Code: 8, Message:Array to string conversion, In Line :32, At File:/data/web/restful/vendor/yoc/validate/DatetimeValidate.php
[2017-10-04 23:31:24] A Error Code: 8, Message:Array to string conversion, In Line :32, At File:/data/web/restful/vendor/yoc/validate/DatetimeValidate.php
[2017-10-04 23:31:24] A Error Code: 8, Message:Array to string conversion, In Line :32, At File:/data/web/restful/vendor/yoc/validate/DatetimeValidate.php
[2017-10-04 23:31:24] A Error Code: 8, Message:Array to string conversion, In Line :32, At File:/data/web/restful/vendor/yoc/validate/DatetimeValidate.php
[2017-10-04 23:35:19] A Error Code: 2, Message:Declaration of app\components\ActiveController::beforeAction($request) should be compatible with yoc\base\Controller::beforeAction(yoc\http\Request $request), In Line :140, At File:/data/web/restful/app/components/ActiveController.php
[2017-10-04 23:35:20] A Error Code: 2, Message:Declaration of app\components\ActiveController::beforeAction($request) should be compatible with yoc\base\Controller::beforeAction(yoc\http\Request $request), In Line :140, At File:/data/web/restful/app/components/ActiveController.php
[2017-10-04 23:35:20] A Error Code: 2, Message:Declaration of app\components\ActiveController::beforeAction($request) should be compatible with yoc\base\Controller::beforeAction(yoc\http\Request $request), In Line :140, At File:/data/web/restful/app/components/ActiveController.php
[2017-10-04 23:35:48] A Error Code: 8, Message:Array to string conversion, In Line :32, At File:/data/web/restful/vendor/yoc/validate/DatetimeValidate.php
[2017-10-04 23:35:48] A Error Code: 8, Message:Array to string conversion, In Line :32, At File:/data/web/restful/vendor/yoc/validate/DatetimeValidate.php
[2017-10-04 23:35:48] A Error Code: 8, Message:Array to string conversion, In Line :32, At File:/data/web/restful/vendor/yoc/validate/DatetimeValidate.php
[2017-10-04 23:35:49] A Error Code: 8, Message:Array to string conversion, In Line :32, At File:/data/web/restful/vendor/yoc/validate/DatetimeValidate.php
[2017-10-04 23:35:49] A Error Code: 8, Message:Array to string conversion, In Line :32, At File:/data/web/restful/vendor/yoc/validate/DatetimeValidate.php
[2017-10-04 23:35:49] A Error Code: 8, Message:Array to string conversion, In Line :32, At File:/data/web/restful/vendor/yoc/validate/DatetimeValidate.php
[2017-10-04 23:35:49] A Error Code: 8, Message:Array to string conversion, In Line :32, At File:/data/web/restful/vendor/yoc/validate/DatetimeValidate.php
[2017-10-04 23:35:49] A Error Code: 8, Message:Array to string conversion, In Line :32, At File:/data/web/restful/vendor/yoc/validate/DatetimeValidate.php
[2017-10-04 23:35:49] A Error Code: 8, Message:Array to string conversion, In Line :32, At File:/data/web/restful/vendor/yoc/validate/DatetimeValidate.php
[2017-10-04 23:35:49] A Error Code: 8, Message:Array to string conversion, In Line :32, At File:/data/web/restful/vendor/yoc/validate/DatetimeValidate.php
[2017-10-04 23:35:50] A Error Code: 8, Message:Array to string conversion, In Line :32, At File:/data/web/restful/vendor/yoc/validate/DatetimeValidate.php
[2017-10-04 23:35:50] A Error Code: 8, Message:Array to string conversion, In Line :32, At File:/data/web/restful/vendor/yoc/validate/DatetimeValidate.php
[2017-10-04 23:35:50] A Error Code: 8, Message:Array to string conversion, In Line :32, At File:/data/web/restful/vendor/yoc/validate/DatetimeValidate.php
[2017-10-04 23:35:50] A Error Code: 8, Message:Array to string conversion, In Line :32, At File:/data/web/restful/vendor/yoc/validate/DatetimeValidate.php
[2017-10-04 23:35:50] A Error Code: 8, Message:Array to string conversion, In Line :32, At File:/data/web/restful/vendor/yoc/validate/DatetimeValidate.php
[2017-10-04 23:35:51] A Error Code: 8, Message:Array to string conversion, In Line :32, At File:/data/web/restful/vendor/yoc/validate/DatetimeValidate.php
[2017-10-04 23:35:51] A Error Code: 8, Message:Array to string conversion, In Line :32, At File:/data/web/restful/vendor/yoc/validate/DatetimeValidate.php
[2017-10-04 23:35:51] A Error Code: 8, Message:Array to string conversion, In Line :32, At File:/data/web/restful/vendor/yoc/validate/DatetimeValidate.php
[2017-10-04 23:35:51] A Error Code: 8, Message:Array to string conversion, In Line :32, At File:/data/web/restful/vendor/yoc/validate/DatetimeValidate.php
[2017-10-04 23:35:51] A Error Code: 8, Message:Array to string conversion, In Line :32, At File:/data/web/restful/vendor/yoc/validate/DatetimeValidate.php
[2017-10-04 23:35:51] A Error Code: 8, Message:Array to string conversion, In Line :32, At File:/data/web/restful/vendor/yoc/validate/DatetimeValidate.php
[2017-10-04 23:35:52] A Error Code: 8, Message:Array to string conversion, In Line :32, At File:/data/web/restful/vendor/yoc/validate/DatetimeValidate.php
[2017-10-04 23:35:52] A Error Code: 8, Message:Array to string conversion, In Line :32, At File:/data/web/restful/vendor/yoc/validate/DatetimeValidate.php
[2017-10-04 23:35:52] A Error Code: 8, Message:Array to string conversion, In Line :32, At File:/data/web/restful/vendor/yoc/validate/DatetimeValidate.php
[2017-10-04 23:35:53] A Error Code: 8, Message:Array to string conversion, In Line :32, At File:/data/web/restful/vendor/yoc/validate/DatetimeValidate.php
[2017-10-04 23:35:53] A Error Code: 8, Message:Array to string conversion, In Line :32, At File:/data/web/restful/vendor/yoc/validate/DatetimeValidate.php
[2017-10-04 23:48:19] A Error Code: 2, Message:Declaration of app\components\ActiveController::beforeAction($request) should be compatible with yoc\base\Controller::beforeAction(yoc\http\Request $request), In Line :140, At File:/data/web/restful/app/components/ActiveController.php
[2017-10-04 23:49:11] A Error Code: 2, Message:Declaration of app\components\ActiveController::beforeAction($request) should be compatible with yoc\base\Controller::beforeAction(yoc\http\Request $request), In Line :140, At File:/data/web/restful/app/components/ActiveController.php
[2017-10-04 23:50:12] A Error Code: 8, Message:Array to string conversion, In Line :32, At File:/data/web/restful/vendor/yoc/validate/DatetimeValidate.php
[2017-10-04 23:50:13] A Error Code: 8, Message:Array to string conversion, In Line :32, At File:/data/web/restful/vendor/yoc/validate/DatetimeValidate.php
[2017-10-04 23:50:51] A Error Code: 8, Message:Array to string conversion, In Line :32, At File:/data/web/restful/vendor/yoc/validate/DatetimeValidate.php
[2017-10-04 23:50:51] A Error Code: 8, Message:Array to string conversion, In Line :32, At File:/data/web/restful/vendor/yoc/validate/DatetimeValidate.php
[2017-10-04 23:50:51] A Error Code: 8, Message:Array to string conversion, In Line :32, At File:/data/web/restful/vendor/yoc/validate/DatetimeValidate.php
[2017-10-04 23:50:51] A Error Code: 8, Message:Array to string conversion, In Line :32, At File:/data/web/restful/vendor/yoc/validate/DatetimeValidate.php
[2017-10-04 23:50:52] A Error Code: 8, Message:Array to string conversion, In Line :32, At File:/data/web/restful/vendor/yoc/validate/DatetimeValidate.php
[2017-10-04 23:50:52] A Error Code: 8, Message:Array to string conversion, In Line :32, At File:/data/web/restful/vendor/yoc/validate/DatetimeValidate.php
[2017-10-04 23:50:52] A Error Code: 8, Message:Array to string conversion, In Line :32, At File:/data/web/restful/vendor/yoc/validate/DatetimeValidate.php
[2017-10-04 23:50:52] A Error Code: 8, Message:Array to string conversion, In Line :32, At File:/data/web/restful/vendor/yoc/validate/DatetimeValidate.php
[2017-10-04 23:50:52] A Error Code: 8, Message:Array to string conversion, In Line :32, At File:/data/web/restful/vendor/yoc/validate/DatetimeValidate.php
[2017-10-04 23:50:52] A Error Code: 8, Message:Array to string conversion, In Line :32, At File:/data/web/restful/vendor/yoc/validate/DatetimeValidate.php
[2017-10-04 23:50:52] A Error Code: 8, Message:Array to string conversion, In Line :32, At File:/data/web/restful/vendor/yoc/validate/DatetimeValidate.php
[2017-10-04 23:50:52] A Error Code: 8, Message:Array to string conversion, In Line :32, At File:/data/web/restful/vendor/yoc/validate/DatetimeValidate.php
[2017-10-04 23:50:53] A Error Code: 8, Message:Array to string conversion, In Line :32, At File:/data/web/restful/vendor/yoc/validate/DatetimeValidate.php
[2017-10-04 23:50:53] A Error Code: 8, Message:Array to string conversion, In Line :32, At File:/data/web/restful/vendor/yoc/validate/DatetimeValidate.php
[2017-10-04 23:50:53] A Error Code: 8, Message:Array to string conversion, In Line :32, At File:/data/web/restful/vendor/yoc/validate/DatetimeValidate.php
[2017-10-04 23:50:53] A Error Code: 8, Message:Array to string conversion, In Line :32, At File:/data/web/restful/vendor/yoc/validate/DatetimeValidate.php
[2017-10-04 23:50:54] A Error Code: 8, Message:Array to string conversion, In Line :32, At File:/data/web/restful/vendor/yoc/validate/DatetimeValidate.php
[2017-10-04 23:50:54] A Error Code: 8, Message:Array to string conversion, In Line :32, At File:/data/web/restful/vendor/yoc/validate/DatetimeValidate.php
[2017-10-04 23:50:54] A Error Code: 8, Message:Array to string conversion, In Line :32, At File:/data/web/restful/vendor/yoc/validate/DatetimeValidate.php
[2017-10-04 23:50:54] A Error Code: 8, Message:Array to string conversion, In Line :32, At File:/data/web/restful/vendor/yoc/validate/DatetimeValidate.php
[2017-10-04 23:50:55] A Error Code: 8, Message:Array to string conversion, In Line :32, At File:/data/web/restful/vendor/yoc/validate/DatetimeValidate.php
[2017-10-04 23:50:55] A Error Code: 8, Message:Array to string conversion, In Line :32, At File:/data/web/restful/vendor/yoc/validate/DatetimeValidate.php
[2017-10-04 23:50:55] A Error Code: 8, Message:Array to string conversion, In Line :32, At File:/data/web/restful/vendor/yoc/validate/DatetimeValidate.php
[2017-10-04 23:51:14] A Error Code: 8, Message:Array to string conversion, In Line :32, At File:/data/web/restful/vendor/yoc/validate/DatetimeValidate.php
[2017-10-04 23:56:52] A Error Code: 2, Message:Declaration of app\components\ActiveController::beforeAction($request) should be compatible with yoc\base\Controller::beforeAction(yoc\http\Request $request), In Line :140, At File:/data/web/restful/app/components/ActiveController.php
[2017-10-04 23:56:52] A Error Code: 2, Message:Declaration of app\components\ActiveController::beforeAction($request) should be compatible with yoc\base\Controller::beforeAction(yoc\http\Request $request), In Line :140, At File:/data/web/restful/app/components/ActiveController.php
[2017-10-04 23:57:46] A Error Code: 2, Message:Declaration of app\components\ActiveController::beforeAction($request) should be compatible with yoc\base\Controller::beforeAction(yoc\http\Request $request), In Line :140, At File:/data/web/restful/app/components/ActiveController.php
