[2017-10-02 00:13:23] A Error Code: 8, Message:Undefined index: request-ip, In Line :66, At File:/data/web/restful/vendor/yoc/http/Input.php
[2017-10-02 00:14:00] A Error Code: 8, Message:Array to string conversion, In Line :32, At File:/data/web/restful/vendor/yoc/validate/DatetimeValidate.php
[2017-10-02 00:14:01] A Error Code: 8, Message:Array to string conversion, In Line :32, At File:/data/web/restful/vendor/yoc/validate/DatetimeValidate.php
[2017-10-02 00:14:01] A Error Code: 8, Message:Array to string conversion, In Line :32, At File:/data/web/restful/vendor/yoc/validate/DatetimeValidate.php
[2017-10-02 00:14:01] A Error Code: 8, Message:Array to string conversion, In Line :32, At File:/data/web/restful/vendor/yoc/validate/DatetimeValidate.php
[2017-10-02 00:14:01] A Error Code: 8, Message:Array to string conversion, In Line :32, At File:/data/web/restful/vendor/yoc/validate/DatetimeValidate.php
[2017-10-02 00:14:02] A Error Code: 8, Message:Array to string conversion, In Line :32, At File:/data/web/restful/vendor/yoc/validate/DatetimeValidate.php
[2017-10-02 00:14:02] A Error Code: 8, Message:Array to string conversion, In Line :32, At File:/data/web/restful/vendor/yoc/validate/DatetimeValidate.php
[2017-10-02 00:14:02] A Error Code: 8, Message:Array to string conversion, In Line :32, At File:/data/web/restful/vendor/yoc/validate/DatetimeValidate.php
[2017-10-02 00:14:03] A Error Code: 8, Message:Array to string conversion, In Line :32, At File:/data/web/restful/vendor/yoc/validate/DatetimeValidate.php
[2017-10-02 00:14:03] A Error Code: 8, Message:Array to string conversion, In Line :32, At File:/data/web/restful/vendor/yoc/validate/DatetimeValidate.php
[2017-10-02 00:14:03] A Error Code: 8, Message:Array to string conversion, In Line :32, At File:/data/web/restful/vendor/yoc/validate/DatetimeValidate.php
[2017-10-02 00:14:03] A Error Code: 8, Message:Array to string conversion, In Line :32, At File:/data/web/restful/vendor/yoc/validate/DatetimeValidate.php
[2017-10-02 00:14:03] A Error Code: 8, Message:Array to string conversion, In Line :32, At File:/data/web/restful/vendor/yoc/validate/DatetimeValidate.php
[2017-10-02 00:15:09] A Error Code: 8, Message:Array to string conversion, In Line :32, At File:/data/web/restful/vendor/yoc/validate/DatetimeValidate.php
[2017-10-02 00:15:11] A Error Code: 8, Message:Array to string conversion, In Line :32, At File:/data/web/restful/vendor/yoc/validate/DatetimeValidate.php
[2017-10-02 00:15:12] A Error Code: 8, Message:Array to string conversion, In Line :32, At File:/data/web/restful/vendor/yoc/validate/DatetimeValidate.php
[2017-10-02 00:15:12] A Error Code: 8, Message:Array to string conversion, In Line :32, At File:/data/web/restful/vendor/yoc/validate/DatetimeValidate.php
[2017-10-02 00:15:12] A Error Code: 8, Message:Array to string conversion, In Line :32, At File:/data/web/restful/vendor/yoc/validate/DatetimeValidate.php
[2017-10-02 00:15:12] A Error Code: 8, Message:Array to string conversion, In Line :32, At File:/data/web/restful/vendor/yoc/validate/DatetimeValidate.php
[2017-10-02 00:16:01] A Error Code: 2, Message:Declaration of app\components\ActiveController::beforeAction($request) should be compatible with yoc\base\Controller::beforeAction(yoc\http\Request $request), In Line :140, At File:/data/web/restful/app/components/ActiveController.php
[2017-10-02 00:16:01] A Error Code: 8, Message:Array to string conversion, In Line :32, At File:/data/web/restful/vendor/yoc/validate/DatetimeValidate.php
[2017-10-02 00:17:25] A Error Code: 2, Message:Declaration of app\components\ActiveController::beforeAction($request) should be compatible with yoc\base\Controller::beforeAction(yoc\http\Request $request), In Line :140, At File:/data/web/restful/app/components/ActiveController.php
[2017-10-02 00:51:11] A Error Code: 2, Message:Declaration of app\components\ActiveController::beforeAction($request) should be compatible with yoc\base\Controller::beforeAction(yoc\http\Request $request), In Line :140, At File:/data/web/restful/app/components/ActiveController.php
[2017-10-02 00:51:11] A Error Code: 2, Message:Declaration of app\components\ActiveController::beforeAction($request) should be compatible with yoc\base\Controller::beforeAction(yoc\http\Request $request), In Line :140, At File:/data/web/restful/app/components/ActiveController.php
[2017-10-02 00:51:11] A Error Code: 2, Message:Declaration of app\components\ActiveController::beforeAction($request) should be compatible with yoc\base\Controller::beforeAction(yoc\http\Request $request), In Line :140, At File:/data/web/restful/app/components/ActiveController.php
[2017-10-02 00:53:47] A Error Code: 2, Message:Declaration of app\components\ActiveController::beforeAction($request) should be compatible with yoc\base\Controller::beforeAction(yoc\http\Request $request), In Line :140, At File:/data/web/restful/app/components/ActiveController.php
[2017-10-02 00:53:48] A Error Code: 2, Message:Declaration of app\components\ActiveController::beforeAction($request) should be compatible with yoc\base\Controller::beforeAction(yoc\http\Request $request), In Line :140, At File:/data/web/restful/app/components/ActiveController.php
[2017-10-02 00:53:48] A Error Code: 2, Message:Declaration of app\components\ActiveController::beforeAction($request) should be compatible with yoc\base\Controller::beforeAction(yoc\http\Request $request), In Line :140, At File:/data/web/restful/app/components/ActiveController.php
[2017-10-02 00:53:52] A Error Code: 8, Message:Array to string conversion, In Line :32, At File:/data/web/restful/vendor/yoc/validate/DatetimeValidate.php
[2017-10-02 01:02:41] A Error Code: 8, Message:Undefined index: request-ip, In Line :66, At File:/data/web/restful/vendor/yoc/http/Input.php
[2017-10-02 01:11:58] A Error Code: 2, Message:Declaration of app\components\ActiveController::beforeAction($request) should be compatible with yoc\base\Controller::beforeAction(yoc\http\Request $request), In Line :140, At File:/data/web/restful/app/components/ActiveController.php
[2017-10-02 01:24:57] A Error Code: 8, Message:Undefined index: request-ip, In Line :66, At File:/data/web/restful/vendor/yoc/http/Input.php
[2017-10-02 01:52:08] A Error Code: 2, Message:Declaration of app\components\ActiveController::beforeAction($request) should be compatible with yoc\base\Controller::beforeAction(yoc\http\Request $request), In Line :140, At File:/data/web/restful/app/components/ActiveController.php
[2017-10-02 01:53:35] A Error Code: 2, Message:Declaration of app\components\ActiveController::beforeAction($request) should be compatible with yoc\base\Controller::beforeAction(yoc\http\Request $request), In Line :140, At File:/data/web/restful/app/components/ActiveController.php
[2017-10-02 01:54:53] A Error Code: 2, Message:Declaration of app\components\ActiveController::beforeAction($request) should be compatible with yoc\base\Controller::beforeAction(yoc\http\Request $request), In Line :140, At File:/data/web/restful/app/components/ActiveController.php
[2017-10-02 01:55:37] A Error Code: 2, Message:Declaration of app\components\ActiveController::beforeAction($request) should be compatible with yoc\base\Controller::beforeAction(yoc\http\Request $request), In Line :140, At File:/data/web/restful/app/components/ActiveController.php
[2017-10-02 01:55:54] A Error Code: 2, Message:Declaration of app\components\ActiveController::beforeAction($request) should be compatible with yoc\base\Controller::beforeAction(yoc\http\Request $request), In Line :140, At File:/data/web/restful/app/components/ActiveController.php
[2017-10-02 01:57:47] A Error Code: 2, Message:Declaration of app\components\ActiveController::beforeAction($request) should be compatible with yoc\base\Controller::beforeAction(yoc\http\Request $request), In Line :140, At File:/data/web/restful/app/components/ActiveController.php
[2017-10-02 01:58:39] A Error Code: 2, Message:Declaration of app\components\ActiveController::beforeAction($request) should be compatible with yoc\base\Controller::beforeAction(yoc\http\Request $request), In Line :140, At File:/data/web/restful/app/components/ActiveController.php
[2017-10-02 01:58:55] A Error Code: 2, Message:Declaration of app\components\ActiveController::beforeAction($request) should be compatible with yoc\base\Controller::beforeAction(yoc\http\Request $request), In Line :140, At File:/data/web/restful/app/components/ActiveController.php
[2017-10-02 01:59:18] A Error Code: 2, Message:Declaration of app\components\ActiveController::beforeAction($request) should be compatible with yoc\base\Controller::beforeAction(yoc\http\Request $request), In Line :140, At File:/data/web/restful/app/components/ActiveController.php
[2017-10-02 01:59:27] A Error Code: 2, Message:Declaration of app\components\ActiveController::beforeAction($request) should be compatible with yoc\base\Controller::beforeAction(yoc\http\Request $request), In Line :140, At File:/data/web/restful/app/components/ActiveController.php
[2017-10-02 02:04:14] A Error Code: 2, Message:Declaration of app\components\ActiveController::beforeAction($request) should be compatible with yoc\base\Controller::beforeAction(yoc\http\Request $request), In Line :140, At File:/data/web/restful/app/components/ActiveController.php
[2017-10-02 02:07:04] A Error Code: 2, Message:Declaration of app\components\ActiveController::beforeAction($request) should be compatible with yoc\base\Controller::beforeAction(yoc\http\Request $request), In Line :140, At File:/data/web/restful/app/components/ActiveController.php
[2017-10-02 02:08:55] A Error Code: 2, Message:Declaration of app\components\ActiveController::beforeAction($request) should be compatible with yoc\base\Controller::beforeAction(yoc\http\Request $request), In Line :140, At File:/data/web/restful/app/components/ActiveController.php
[2017-10-02 02:10:24] A Error Code: 2, Message:Declaration of app\components\ActiveController::beforeAction($request) should be compatible with yoc\base\Controller::beforeAction(yoc\http\Request $request), In Line :140, At File:/data/web/restful/app/components/ActiveController.php
[2017-10-02 02:15:21] A Error Code: 2, Message:Declaration of app\components\ActiveController::beforeAction($request) should be compatible with yoc\base\Controller::beforeAction(yoc\http\Request $request), In Line :140, At File:/data/web/restful/app/components/ActiveController.php
[2017-10-02 02:15:35] A Error Code: 2, Message:Declaration of app\components\ActiveController::beforeAction($request) should be compatible with yoc\base\Controller::beforeAction(yoc\http\Request $request), In Line :140, At File:/data/web/restful/app/components/ActiveController.php
[2017-10-02 02:17:55] A Error Code: 2, Message:Declaration of app\components\ActiveController::beforeAction($request) should be compatible with yoc\base\Controller::beforeAction(yoc\http\Request $request), In Line :140, At File:/data/web/restful/app/components/ActiveController.php
[2017-10-02 02:37:26] A Error Code: 2, Message:Declaration of app\components\ActiveController::beforeAction($request) should be compatible with yoc\base\Controller::beforeAction(yoc\http\Request $request), In Line :140, At File:/data/web/restful/app/components/ActiveController.php
[2017-10-02 02:39:01] A Error Code: 2, Message:Declaration of app\components\ActiveController::beforeAction($request) should be compatible with yoc\base\Controller::beforeAction(yoc\http\Request $request), In Line :140, At File:/data/web/restful/app/components/ActiveController.php
[2017-10-02 02:40:31] A Error Code: 2, Message:Declaration of app\components\ActiveController::beforeAction($request) should be compatible with yoc\base\Controller::beforeAction(yoc\http\Request $request), In Line :140, At File:/data/web/restful/app/components/ActiveController.php
[2017-10-02 02:49:20] A Error Code: 2, Message:Declaration of app\components\ActiveController::beforeAction($request) should be compatible with yoc\base\Controller::beforeAction(yoc\http\Request $request), In Line :140, At File:/data/web/restful/app/components/ActiveController.php
[2017-10-02 02:50:29] A Error Code: 2, Message:Declaration of app\components\ActiveController::beforeAction($request) should be compatible with yoc\base\Controller::beforeAction(yoc\http\Request $request), In Line :140, At File:/data/web/restful/app/components/ActiveController.php
[2017-10-02 02:56:37] A Error Code: 2, Message:Declaration of app\components\ActiveController::beforeAction($request) should be compatible with yoc\base\Controller::beforeAction(yoc\http\Request $request), In Line :140, At File:/data/web/restful/app/components/ActiveController.php
[2017-10-02 03:05:41] A Error Code: 2, Message:Declaration of app\components\ActiveController::beforeAction($request) should be compatible with yoc\base\Controller::beforeAction(yoc\http\Request $request), In Line :140, At File:/data/web/restful/app/components/ActiveController.php
[2017-10-02 03:05:51] A Error Code: 8, Message:Undefined index: request-ip, In Line :66, At File:/data/web/restful/vendor/yoc/http/Input.php
[2017-10-02 03:06:59] A Error Code: 2, Message:Declaration of app\components\ActiveController::beforeAction($request) should be compatible with yoc\base\Controller::beforeAction(yoc\http\Request $request), In Line :140, At File:/data/web/restful/app/components/ActiveController.php
[2017-10-02 03:08:58] A Error Code: 2, Message:Declaration of app\components\ActiveController::beforeAction($request) should be compatible with yoc\base\Controller::beforeAction(yoc\http\Request $request), In Line :140, At File:/data/web/restful/app/components/ActiveController.php
[2017-10-02 04:16:35] A Error Code: 8, Message:Undefined index: request-ip, In Line :66, At File:/data/web/restful/vendor/yoc/http/Input.php
[2017-10-02 04:16:36] A Error Code: 8, Message:Undefined index: request-ip, In Line :66, At File:/data/web/restful/vendor/yoc/http/Input.php
[2017-10-02 04:16:37] A Error Code: 8, Message:Undefined index: request-ip, In Line :66, At File:/data/web/restful/vendor/yoc/http/Input.php
[2017-10-02 05:01:18] A Error Code: 8, Message:Undefined index: request-ip, In Line :66, At File:/data/web/restful/vendor/yoc/http/Input.php
[2017-10-02 05:21:53] A Error Code: 8, Message:Undefined index: request-ip, In Line :66, At File:/data/web/restful/vendor/yoc/http/Input.php
[2017-10-02 07:21:14] A Error Code: 8, Message:Undefined index: request-ip, In Line :66, At File:/data/web/restful/vendor/yoc/http/Input.php
[2017-10-02 07:21:14] A Error Code: 8, Message:Undefined index: request-ip, In Line :66, At File:/data/web/restful/vendor/yoc/http/Input.php
[2017-10-02 07:21:15] A Error Code: 8, Message:Undefined index: request-ip, In Line :66, At File:/data/web/restful/vendor/yoc/http/Input.php
[2017-10-02 07:21:15] A Error Code: 8, Message:Undefined index: request-ip, In Line :66, At File:/data/web/restful/vendor/yoc/http/Input.php
[2017-10-02 07:21:17] A Error Code: 8, Message:Undefined index: request-ip, In Line :66, At File:/data/web/restful/vendor/yoc/http/Input.php
[2017-10-02 07:21:17] A Error Code: 8, Message:Undefined index: request-ip, In Line :66, At File:/data/web/restful/vendor/yoc/http/Input.php
[2017-10-02 07:21:19] A Error Code: 8, Message:Undefined index: request-ip, In Line :66, At File:/data/web/restful/vendor/yoc/http/Input.php
[2017-10-02 07:21:19] A Error Code: 8, Message:Undefined index: request-ip, In Line :66, At File:/data/web/restful/vendor/yoc/http/Input.php
[2017-10-02 07:21:20] A Error Code: 8, Message:Undefined index: request-ip, In Line :66, At File:/data/web/restful/vendor/yoc/http/Input.php
[2017-10-02 07:21:22] A Error Code: 8, Message:Undefined index: request-ip, In Line :66, At File:/data/web/restful/vendor/yoc/http/Input.php
[2017-10-02 07:21:23] A Error Code: 8, Message:Undefined index: request-ip, In Line :66, At File:/data/web/restful/vendor/yoc/http/Input.php
[2017-10-02 07:21:24] A Error Code: 8, Message:Undefined index: request-ip, In Line :66, At File:/data/web/restful/vendor/yoc/http/Input.php
[2017-10-02 07:21:24] A Error Code: 8, Message:Undefined index: request-ip, In Line :66, At File:/data/web/restful/vendor/yoc/http/Input.php
[2017-10-02 07:21:27] A Error Code: 8, Message:Undefined index: request-ip, In Line :66, At File:/data/web/restful/vendor/yoc/http/Input.php
[2017-10-02 07:21:27] A Error Code: 8, Message:Undefined index: request-ip, In Line :66, At File:/data/web/restful/vendor/yoc/http/Input.php
[2017-10-02 07:21:28] A Error Code: 8, Message:Undefined index: request-ip, In Line :66, At File:/data/web/restful/vendor/yoc/http/Input.php
[2017-10-02 07:21:28] A Error Code: 8, Message:Undefined index: request-ip, In Line :66, At File:/data/web/restful/vendor/yoc/http/Input.php
[2017-10-02 07:21:29] A Error Code: 8, Message:Undefined index: request-ip, In Line :66, At File:/data/web/restful/vendor/yoc/http/Input.php
[2017-10-02 07:21:29] A Error Code: 8, Message:Undefined index: request-ip, In Line :66, At File:/data/web/restful/vendor/yoc/http/Input.php
[2017-10-02 07:21:34] A Error Code: 8, Message:Undefined index: request-ip, In Line :66, At File:/data/web/restful/vendor/yoc/http/Input.php
[2017-10-02 07:21:35] A Error Code: 8, Message:Undefined index: request-ip, In Line :66, At File:/data/web/restful/vendor/yoc/http/Input.php
[2017-10-02 07:21:38] A Error Code: 8, Message:Undefined index: request-ip, In Line :66, At File:/data/web/restful/vendor/yoc/http/Input.php
[2017-10-02 07:21:39] A Error Code: 8, Message:Undefined index: request-ip, In Line :66, At File:/data/web/restful/vendor/yoc/http/Input.php
[2017-10-02 07:21:41] A Error Code: 8, Message:Undefined index: request-ip, In Line :66, At File:/data/web/restful/vendor/yoc/http/Input.php
[2017-10-02 07:21:44] A Error Code: 8, Message:Trying to get property of non-object, In Line :111, At File:/data/web/restful/app/controller/FriendGroupController.php
[2017-10-02 09:24:20] A Error Code: 8, Message:Trying to get property of non-object, In Line :111, At File:/data/web/restful/app/controller/FriendGroupController.php
[2017-10-02 09:49:53] A Error Code: 8, Message:Array to string conversion, In Line :32, At File:/data/web/restful/vendor/yoc/validate/DatetimeValidate.php
[2017-10-02 09:52:10] A Error Code: 2, Message:Declaration of app\components\ActiveController::beforeAction($request) should be compatible with yoc\base\Controller::beforeAction(yoc\http\Request $request), In Line :140, At File:/data/web/restful/app/components/ActiveController.php
[2017-10-02 09:55:36] A Error Code: 2, Message:Declaration of app\components\ActiveController::beforeAction($request) should be compatible with yoc\base\Controller::beforeAction(yoc\http\Request $request), In Line :140, At File:/data/web/restful/app/components/ActiveController.php
[2017-10-02 09:55:36] A Error Code: 8, Message:Array to string conversion, In Line :32, At File:/data/web/restful/vendor/yoc/validate/DatetimeValidate.php
[2017-10-02 10:01:09] A Error Code: 2, Message:Declaration of app\components\ActiveController::beforeAction($request) should be compatible with yoc\base\Controller::beforeAction(yoc\http\Request $request), In Line :140, At File:/data/web/restful/app/components/ActiveController.php
[2017-10-02 10:01:09] A Error Code: 2, Message:Declaration of app\components\ActiveController::beforeAction($request) should be compatible with yoc\base\Controller::beforeAction(yoc\http\Request $request), In Line :140, At File:/data/web/restful/app/components/ActiveController.php
[2017-10-02 10:01:09] A Error Code: 2, Message:Declaration of app\components\ActiveController::beforeAction($request) should be compatible with yoc\base\Controller::beforeAction(yoc\http\Request $request), In Line :140, At File:/data/web/restful/app/components/ActiveController.php
[2017-10-02 10:05:38] A Error Code: 2, Message:Declaration of app\components\ActiveController::beforeAction($request) should be compatible with yoc\base\Controller::beforeAction(yoc\http\Request $request), In Line :140, At File:/data/web/restful/app/components/ActiveController.php
[2017-10-02 10:12:25] A Error Code: 2, Message:Declaration of app\components\ActiveController::beforeAction($request) should be compatible with yoc\base\Controller::beforeAction(yoc\http\Request $request), In Line :140, At File:/data/web/restful/app/components/ActiveController.php
[2017-10-02 10:12:25] A Error Code: 2, Message:Declaration of app\components\ActiveController::beforeAction($request) should be compatible with yoc\base\Controller::beforeAction(yoc\http\Request $request), In Line :140, At File:/data/web/restful/app/components/ActiveController.php
[2017-10-02 10:12:25] A Error Code: 2, Message:Declaration of app\components\ActiveController::beforeAction($request) should be compatible with yoc\base\Controller::beforeAction(yoc\http\Request $request), In Line :140, At File:/data/web/restful/app/components/ActiveController.php
[2017-10-02 10:12:25] A Error Code: 2, Message:Declaration of app\components\ActiveController::beforeAction($request) should be compatible with yoc\base\Controller::beforeAction(yoc\http\Request $request), In Line :140, At File:/data/web/restful/app/components/ActiveController.php
[2017-10-02 10:19:06] A Error Code: 2, Message:Declaration of app\components\ActiveController::beforeAction($request) should be compatible with yoc\base\Controller::beforeAction(yoc\http\Request $request), In Line :140, At File:/data/web/restful/app/components/ActiveController.php
[2017-10-02 10:19:37] A Error Code: 4096, Message:Object of class app\model\User could not be converted to string, In Line :247, At File:/data/web/restful/vendor/yoc/db/builder/Query.php
[2017-10-02 10:19:37] A Error Code: 8, Message:Array to string conversion, In Line :34, At File:/data/web/restful/vendor/yoc/validate/LengthValidate.php
[2017-10-02 10:22:16] A Error Code: 4096, Message:Object of class app\model\User could not be converted to string, In Line :247, At File:/data/web/restful/vendor/yoc/db/builder/Query.php
[2017-10-02 10:22:16] A Error Code: 8, Message:Array to string conversion, In Line :34, At File:/data/web/restful/vendor/yoc/validate/LengthValidate.php
[2017-10-02 10:23:06] A Error Code: 4096, Message:Object of class app\model\User could not be converted to string, In Line :247, At File:/data/web/restful/vendor/yoc/db/builder/Query.php
[2017-10-02 10:23:06] A Error Code: 8, Message:Array to string conversion, In Line :34, At File:/data/web/restful/vendor/yoc/validate/LengthValidate.php
[2017-10-02 10:23:30] A Error Code: 2, Message:Declaration of app\components\ActiveController::beforeAction($request) should be compatible with yoc\base\Controller::beforeAction(yoc\http\Request $request), In Line :140, At File:/data/web/restful/app/components/ActiveController.php
[2017-10-02 10:23:31] A Error Code: 2, Message:Declaration of app\components\ActiveController::beforeAction($request) should be compatible with yoc\base\Controller::beforeAction(yoc\http\Request $request), In Line :140, At File:/data/web/restful/app/components/ActiveController.php
[2017-10-02 10:23:36] A Error Code: 4096, Message:Object of class app\model\User could not be converted to string, In Line :247, At File:/data/web/restful/vendor/yoc/db/builder/Query.php
[2017-10-02 10:23:36] A Error Code: 8, Message:Array to string conversion, In Line :34, At File:/data/web/restful/vendor/yoc/validate/LengthValidate.php
[2017-10-02 10:25:18] A Error Code: 2, Message:Declaration of app\components\ActiveController::beforeAction($request) should be compatible with yoc\base\Controller::beforeAction(yoc\http\Request $request), In Line :140, At File:/data/web/restful/app/components/ActiveController.php
[2017-10-02 10:25:22] A Error Code: 4096, Message:Object of class app\model\User could not be converted to string, In Line :247, At File:/data/web/restful/vendor/yoc/db/builder/Query.php
[2017-10-02 10:25:22] A Error Code: 8, Message:Array to string conversion, In Line :34, At File:/data/web/restful/vendor/yoc/validate/LengthValidate.php
[2017-10-02 10:25:58] A Error Code: 4096, Message:Object of class app\model\User could not be converted to string, In Line :247, At File:/data/web/restful/vendor/yoc/db/builder/Query.php
[2017-10-02 10:25:58] A Error Code: 8, Message:Array to string conversion, In Line :34, At File:/data/web/restful/vendor/yoc/validate/LengthValidate.php
[2017-10-02 10:26:45] A Error Code: 4096, Message:Object of class app\model\User could not be converted to string, In Line :247, At File:/data/web/restful/vendor/yoc/db/builder/Query.php
[2017-10-02 10:26:45] A Error Code: 8, Message:Array to string conversion, In Line :34, At File:/data/web/restful/vendor/yoc/validate/LengthValidate.php
[2017-10-02 10:28:46] A Error Code: 4096, Message:Object of class app\model\User could not be converted to string, In Line :247, At File:/data/web/restful/vendor/yoc/db/builder/Query.php
[2017-10-02 10:28:46] A Error Code: 8, Message:Array to string conversion, In Line :34, At File:/data/web/restful/vendor/yoc/validate/LengthValidate.php
[2017-10-02 10:29:17] A Error Code: 4096, Message:Object of class app\model\User could not be converted to string, In Line :247, At File:/data/web/restful/vendor/yoc/db/builder/Query.php
[2017-10-02 10:29:17] A Error Code: 8, Message:Array to string conversion, In Line :34, At File:/data/web/restful/vendor/yoc/validate/LengthValidate.php
[2017-10-02 10:29:57] A Error Code: 4096, Message:Object of class app\model\User could not be converted to string, In Line :247, At File:/data/web/restful/vendor/yoc/db/builder/Query.php
[2017-10-02 10:29:57] A Error Code: 8, Message:Array to string conversion, In Line :34, At File:/data/web/restful/vendor/yoc/validate/LengthValidate.php
[2017-10-02 10:30:19] A Error Code: 4096, Message:Object of class app\model\User could not be converted to string, In Line :247, At File:/data/web/restful/vendor/yoc/db/builder/Query.php
[2017-10-02 10:30:19] A Error Code: 8, Message:Array to string conversion, In Line :34, At File:/data/web/restful/vendor/yoc/validate/LengthValidate.php
[2017-10-02 10:30:49] A Error Code: 4096, Message:Object of class app\model\User could not be converted to string, In Line :247, At File:/data/web/restful/vendor/yoc/db/builder/Query.php
[2017-10-02 10:30:49] A Error Code: 8, Message:Array to string conversion, In Line :34, At File:/data/web/restful/vendor/yoc/validate/LengthValidate.php
[2017-10-02 10:31:29] A Error Code: 4096, Message:Object of class app\model\User could not be converted to string, In Line :247, At File:/data/web/restful/vendor/yoc/db/builder/Query.php
[2017-10-02 10:31:29] A Error Code: 8, Message:Array to string conversion, In Line :34, At File:/data/web/restful/vendor/yoc/validate/LengthValidate.php
[2017-10-02 10:31:52] A Error Code: 4096, Message:Object of class app\model\User could not be converted to string, In Line :247, At File:/data/web/restful/vendor/yoc/db/builder/Query.php
[2017-10-02 10:31:52] A Error Code: 8, Message:Array to string conversion, In Line :34, At File:/data/web/restful/vendor/yoc/validate/LengthValidate.php
[2017-10-02 10:32:18] A Error Code: 4096, Message:Object of class app\model\User could not be converted to string, In Line :247, At File:/data/web/restful/vendor/yoc/db/builder/Query.php
[2017-10-02 10:32:18] A Error Code: 8, Message:Array to string conversion, In Line :34, At File:/data/web/restful/vendor/yoc/validate/LengthValidate.php
[2017-10-02 10:36:00] A Error Code: 2, Message:Declaration of app\components\ActiveController::beforeAction($request) should be compatible with yoc\base\Controller::beforeAction(yoc\http\Request $request), In Line :140, At File:/data/web/restful/app/components/ActiveController.php
[2017-10-02 10:36:00] A Error Code: 4096, Message:Object of class app\model\User could not be converted to string, In Line :247, At File:/data/web/restful/vendor/yoc/db/builder/Query.php
[2017-10-02 10:36:00] A Error Code: 8, Message:Array to string conversion, In Line :34, At File:/data/web/restful/vendor/yoc/validate/LengthValidate.php
[2017-10-02 10:36:52] A Error Code: 2, Message:Declaration of app\components\ActiveController::beforeAction($request) should be compatible with yoc\base\Controller::beforeAction(yoc\http\Request $request), In Line :140, At File:/data/web/restful/app/components/ActiveController.php
[2017-10-02 10:36:52] A Error Code: 2, Message:Declaration of app\components\ActiveController::beforeAction($request) should be compatible with yoc\base\Controller::beforeAction(yoc\http\Request $request), In Line :140, At File:/data/web/restful/app/components/ActiveController.php
[2017-10-02 10:47:49] A Error Code: 2, Message:Declaration of app\components\ActiveController::beforeAction($request) should be compatible with yoc\base\Controller::beforeAction(yoc\http\Request $request), In Line :140, At File:/data/web/restful/app/components/ActiveController.php
[2017-10-02 10:47:49] A Error Code: 2, Message:Declaration of app\components\ActiveController::beforeAction($request) should be compatible with yoc\base\Controller::beforeAction(yoc\http\Request $request), In Line :140, At File:/data/web/restful/app/components/ActiveController.php
[2017-10-02 10:47:49] A Error Code: 2, Message:Declaration of app\components\ActiveController::beforeAction($request) should be compatible with yoc\base\Controller::beforeAction(yoc\http\Request $request), In Line :140, At File:/data/web/restful/app/components/ActiveController.php
[2017-10-02 10:50:35] A Error Code: 2, Message:Declaration of app\components\ActiveController::beforeAction($request) should be compatible with yoc\base\Controller::beforeAction(yoc\http\Request $request), In Line :140, At File:/data/web/restful/app/components/ActiveController.php
[2017-10-02 10:50:35] A Error Code: 2, Message:unlink(/data/web/restful/runtime/cachexl_system_log.log): No such file or directory, In Line :163, At File:/data/web/restful/vendor/yoc/cache/FileCache.php
[2017-10-02 10:50:41] A Error Code: 2, Message:unlink(/data/web/restful/runtime/cachexl_system_log.log): No such file or directory, In Line :163, At File:/data/web/restful/vendor/yoc/cache/FileCache.php
[2017-10-02 10:50:46] A Error Code: 2, Message:unlink(/data/web/restful/runtime/cachexl_system_log.log): No such file or directory, In Line :163, At File:/data/web/restful/vendor/yoc/cache/FileCache.php
[2017-10-02 10:51:07] A Error Code: 2, Message:unlink(/data/web/restful/runtime/cachexl_system_log.log): No such file or directory, In Line :163, At File:/data/web/restful/vendor/yoc/cache/FileCache.php
[2017-10-02 10:54:27] A Error Code: 2, Message:Declaration of app\components\ActiveController::beforeAction($request) should be compatible with yoc\base\Controller::beforeAction(yoc\http\Request $request), In Line :140, At File:/data/web/restful/app/components/ActiveController.php
[2017-10-02 10:54:27] A Error Code: 2, Message:Declaration of app\components\ActiveController::beforeAction($request) should be compatible with yoc\base\Controller::beforeAction(yoc\http\Request $request), In Line :140, At File:/data/web/restful/app/components/ActiveController.php
[2017-10-02 11:03:21] A Error Code: 2, Message:unlink(/data/web/restful/runtime/cachexl_system_log.log): No such file or directory, In Line :163, At File:/data/web/restful/vendor/yoc/cache/FileCache.php
[2017-10-02 11:03:40] A Error Code: 2, Message:unlink(/data/web/restful/runtime/cachexl_system_log.log): No such file or directory, In Line :163, At File:/data/web/restful/vendor/yoc/cache/FileCache.php
[2017-10-02 11:03:43] A Error Code: 2, Message:unlink(/data/web/restful/runtime/cachexl_system_log.log): No such file or directory, In Line :163, At File:/data/web/restful/vendor/yoc/cache/FileCache.php
[2017-10-02 11:03:48] A Error Code: 2, Message:unlink(/data/web/restful/runtime/cachexl_system_log.log): No such file or directory, In Line :163, At File:/data/web/restful/vendor/yoc/cache/FileCache.php
[2017-10-02 11:04:55] A Error Code: 2, Message:unlink(/data/web/restful/runtime/cachexl_system_log.log): No such file or directory, In Line :163, At File:/data/web/restful/vendor/yoc/cache/FileCache.php
[2017-10-02 11:05:33] A Error Code: 2, Message:unlink(/data/web/restful/runtime/cachexl_system_log.log): No such file or directory, In Line :163, At File:/data/web/restful/vendor/yoc/cache/FileCache.php
[2017-10-02 11:05:41] A Error Code: 2, Message:unlink(/data/web/restful/runtime/cachexl_system_log.log): No such file or directory, In Line :163, At File:/data/web/restful/vendor/yoc/cache/FileCache.php
[2017-10-02 11:06:31] A Error Code: 2, Message:unlink(/data/web/restful/runtime/cachexl_system_log.log): No such file or directory, In Line :163, At File:/data/web/restful/vendor/yoc/cache/FileCache.php
[2017-10-02 11:06:37] A Error Code: 2, Message:unlink(/data/web/restful/runtime/cachexl_system_log.log): No such file or directory, In Line :163, At File:/data/web/restful/vendor/yoc/cache/FileCache.php
[2017-10-02 11:06:47] A Error Code: 4096, Message:Object of class app\model\User could not be converted to string, In Line :247, At File:/data/web/restful/vendor/yoc/db/builder/Query.php
[2017-10-02 11:06:47] A Error Code: 8, Message:Array to string conversion, In Line :34, At File:/data/web/restful/vendor/yoc/validate/LengthValidate.php
[2017-10-02 11:06:55] A Error Code: 2, Message:unlink(/data/web/restful/runtime/cachexl_system_log.log): No such file or directory, In Line :163, At File:/data/web/restful/vendor/yoc/cache/FileCache.php
[2017-10-02 11:06:58] A Error Code: 4096, Message:Object of class app\model\User could not be converted to string, In Line :247, At File:/data/web/restful/vendor/yoc/db/builder/Query.php
[2017-10-02 11:06:58] A Error Code: 8, Message:Array to string conversion, In Line :34, At File:/data/web/restful/vendor/yoc/validate/LengthValidate.php
[2017-10-02 11:19:51] A Error Code: 2, Message:Declaration of app\components\ActiveController::beforeAction($request) should be compatible with yoc\base\Controller::beforeAction(yoc\http\Request $request), In Line :140, At File:/data/web/restful/app/components/ActiveController.php
[2017-10-02 11:53:41] A Error Code: 2, Message:Declaration of app\components\ActiveController::beforeAction($request) should be compatible with yoc\base\Controller::beforeAction(yoc\http\Request $request), In Line :140, At File:/data/web/restful/app/components/ActiveController.php
[2017-10-02 12:06:06] A Error Code: 8, Message:Undefined index: request-ip, In Line :66, At File:/data/web/restful/vendor/yoc/http/Input.php
[2017-10-02 12:07:24] A Error Code: 8, Message:Undefined index: request-ip, In Line :66, At File:/data/web/restful/vendor/yoc/http/Input.php
[2017-10-02 12:08:42] A Error Code: 8, Message:Undefined index: request-ip, In Line :66, At File:/data/web/restful/vendor/yoc/http/Input.php
[2017-10-02 12:17:39] A Error Code: 2, Message:Declaration of app\components\ActiveController::beforeAction($request) should be compatible with yoc\base\Controller::beforeAction(yoc\http\Request $request), In Line :140, At File:/data/web/restful/app/components/ActiveController.php
[2017-10-02 12:17:39] A Error Code: 2, Message:Declaration of app\components\ActiveController::beforeAction($request) should be compatible with yoc\base\Controller::beforeAction(yoc\http\Request $request), In Line :140, At File:/data/web/restful/app/components/ActiveController.php
[2017-10-02 12:17:39] A Error Code: 2, Message:Declaration of app\components\ActiveController::beforeAction($request) should be compatible with yoc\base\Controller::beforeAction(yoc\http\Request $request), In Line :140, At File:/data/web/restful/app/components/ActiveController.php
[2017-10-02 12:17:39] A Error Code: 2, Message:Declaration of app\components\ActiveController::beforeAction($request) should be compatible with yoc\base\Controller::beforeAction(yoc\http\Request $request), In Line :140, At File:/data/web/restful/app/components/ActiveController.php
[2017-10-02 12:19:52] A Error Code: 8, Message:Array to string conversion, In Line :34, At File:/data/web/restful/vendor/yoc/validate/LengthValidate.php
[2017-10-02 12:20:43] A Error Code: 2, Message:Declaration of app\components\ActiveController::beforeAction($request) should be compatible with yoc\base\Controller::beforeAction(yoc\http\Request $request), In Line :140, At File:/data/web/restful/app/components/ActiveController.php
[2017-10-02 12:21:39] A Error Code: 2, Message:Declaration of app\components\ActiveController::beforeAction($request) should be compatible with yoc\base\Controller::beforeAction(yoc\http\Request $request), In Line :140, At File:/data/web/restful/app/components/ActiveController.php
[2017-10-02 12:34:06] A Error Code: 2, Message:Declaration of app\components\ActiveController::beforeAction($request) should be compatible with yoc\base\Controller::beforeAction(yoc\http\Request $request), In Line :140, At File:/data/web/restful/app/components/ActiveController.php
[2017-10-02 12:36:42] A Error Code: 2, Message:Declaration of app\components\ActiveController::beforeAction($request) should be compatible with yoc\base\Controller::beforeAction(yoc\http\Request $request), In Line :140, At File:/data/web/restful/app/components/ActiveController.php
[2017-10-02 12:36:52] A Error Code: 8, Message:Undefined index: request-ip, In Line :66, At File:/data/web/restful/vendor/yoc/http/Input.php
[2017-10-02 12:38:37] A Error Code: 2, Message:Declaration of app\components\ActiveController::beforeAction($request) should be compatible with yoc\base\Controller::beforeAction(yoc\http\Request $request), In Line :140, At File:/data/web/restful/app/components/ActiveController.php
[2017-10-02 12:38:37] A Error Code: 2, Message:Declaration of app\components\ActiveController::beforeAction($request) should be compatible with yoc\base\Controller::beforeAction(yoc\http\Request $request), In Line :140, At File:/data/web/restful/app/components/ActiveController.php
[2017-10-02 12:38:37] A Error Code: 2, Message:Declaration of app\components\ActiveController::beforeAction($request) should be compatible with yoc\base\Controller::beforeAction(yoc\http\Request $request), In Line :140, At File:/data/web/restful/app/components/ActiveController.php
[2017-10-02 12:38:43] A Error Code: 8, Message:Array to string conversion, In Line :34, At File:/data/web/restful/vendor/yoc/validate/LengthValidate.php
[2017-10-02 12:38:43] A Error Code: 8, Message:Array to string conversion, In Line :34, At File:/data/web/restful/vendor/yoc/validate/LengthValidate.php
[2017-10-02 12:38:43] A Error Code: 8, Message:Array to string conversion, In Line :34, At File:/data/web/restful/vendor/yoc/validate/LengthValidate.php
[2017-10-02 12:38:43] A Error Code: 8, Message:Array to string conversion, In Line :34, At File:/data/web/restful/vendor/yoc/validate/LengthValidate.php
[2017-10-02 12:41:31] A Error Code: 2, Message:Declaration of app\components\ActiveController::beforeAction($request) should be compatible with yoc\base\Controller::beforeAction(yoc\http\Request $request), In Line :140, At File:/data/web/restful/app/components/ActiveController.php
[2017-10-02 12:41:31] A Error Code: 2, Message:Declaration of app\components\ActiveController::beforeAction($request) should be compatible with yoc\base\Controller::beforeAction(yoc\http\Request $request), In Line :140, At File:/data/web/restful/app/components/ActiveController.php
[2017-10-02 12:41:31] A Error Code: 2, Message:Declaration of app\components\ActiveController::beforeAction($request) should be compatible with yoc\base\Controller::beforeAction(yoc\http\Request $request), In Line :140, At File:/data/web/restful/app/components/ActiveController.php
[2017-10-02 12:41:34] A Error Code: 2, Message:Declaration of app\components\ActiveController::beforeAction($request) should be compatible with yoc\base\Controller::beforeAction(yoc\http\Request $request), In Line :140, At File:/data/web/restful/app/components/ActiveController.php
[2017-10-02 12:41:38] A Error Code: 2, Message:unlink(/data/web/restful/runtime/cachexl_friend.log): No such file or directory, In Line :163, At File:/data/web/restful/vendor/yoc/cache/FileCache.php
[2017-10-02 12:41:38] A Error Code: 2, Message:unlink(/data/web/restful/runtime/cachexl_friend.log): No such file or directory, In Line :163, At File:/data/web/restful/vendor/yoc/cache/FileCache.php
[2017-10-02 12:41:38] A Error Code: 2, Message:unlink(/data/web/restful/runtime/cachexl_friend.log): No such file or directory, In Line :163, At File:/data/web/restful/vendor/yoc/cache/FileCache.php
[2017-10-02 12:41:38] A Error Code: 2, Message:unlink(/data/web/restful/runtime/cachexl_friend_group.log): No such file or directory, In Line :163, At File:/data/web/restful/vendor/yoc/cache/FileCache.php
[2017-10-02 12:44:49] A Error Code: 4096, Message:Object of class app\model\User could not be converted to string, In Line :247, At File:/data/web/restful/vendor/yoc/db/builder/Query.php
[2017-10-02 12:44:49] A Error Code: 8, Message:Array to string conversion, In Line :34, At File:/data/web/restful/vendor/yoc/validate/LengthValidate.php
[2017-10-02 12:44:55] A Error Code: 8, Message:Array to string conversion, In Line :34, At File:/data/web/restful/vendor/yoc/validate/LengthValidate.php
[2017-10-02 12:44:55] A Error Code: 8, Message:Array to string conversion, In Line :34, At File:/data/web/restful/vendor/yoc/validate/LengthValidate.php
[2017-10-02 12:44:55] A Error Code: 8, Message:Array to string conversion, In Line :34, At File:/data/web/restful/vendor/yoc/validate/LengthValidate.php
[2017-10-02 12:44:55] A Error Code: 8, Message:Array to string conversion, In Line :34, At File:/data/web/restful/vendor/yoc/validate/LengthValidate.php
[2017-10-02 12:45:04] A Error Code: 8, Message:Array to string conversion, In Line :34, At File:/data/web/restful/vendor/yoc/validate/LengthValidate.php
[2017-10-02 12:45:04] A Error Code: 8, Message:Array to string conversion, In Line :34, At File:/data/web/restful/vendor/yoc/validate/LengthValidate.php
[2017-10-02 12:45:04] A Error Code: 8, Message:Array to string conversion, In Line :34, At File:/data/web/restful/vendor/yoc/validate/LengthValidate.php
[2017-10-02 12:45:04] A Error Code: 8, Message:Array to string conversion, In Line :34, At File:/data/web/restful/vendor/yoc/validate/LengthValidate.php
[2017-10-02 12:45:12] A Error Code: 2, Message:unlink(/data/web/restful/runtime/cachexl_friend.log): No such file or directory, In Line :163, At File:/data/web/restful/vendor/yoc/cache/FileCache.php
[2017-10-02 12:45:12] A Error Code: 2, Message:unlink(/data/web/restful/runtime/cachexl_friend.log): No such file or directory, In Line :163, At File:/data/web/restful/vendor/yoc/cache/FileCache.php
[2017-10-02 12:45:12] A Error Code: 2, Message:unlink(/data/web/restful/runtime/cachexl_friend.log): No such file or directory, In Line :163, At File:/data/web/restful/vendor/yoc/cache/FileCache.php
[2017-10-02 12:45:12] A Error Code: 2, Message:unlink(/data/web/restful/runtime/cachexl_friend_group.log): No such file or directory, In Line :163, At File:/data/web/restful/vendor/yoc/cache/FileCache.php
[2017-10-02 12:45:39] A Error Code: 2, Message:unlink(/data/web/restful/runtime/cachexl_friend.log): No such file or directory, In Line :163, At File:/data/web/restful/vendor/yoc/cache/FileCache.php
[2017-10-02 12:45:39] A Error Code: 2, Message:unlink(/data/web/restful/runtime/cachexl_friend.log): No such file or directory, In Line :163, At File:/data/web/restful/vendor/yoc/cache/FileCache.php
[2017-10-02 12:45:39] A Error Code: 2, Message:unlink(/data/web/restful/runtime/cachexl_friend.log): No such file or directory, In Line :163, At File:/data/web/restful/vendor/yoc/cache/FileCache.php
[2017-10-02 12:45:39] A Error Code: 2, Message:unlink(/data/web/restful/runtime/cachexl_friend_group.log): No such file or directory, In Line :163, At File:/data/web/restful/vendor/yoc/cache/FileCache.php
[2017-10-02 12:46:02] A Error Code: 2, Message:unlink(/data/web/restful/runtime/cachexl_system_log.log): No such file or directory, In Line :163, At File:/data/web/restful/vendor/yoc/cache/FileCache.php
[2017-10-02 12:46:03] A Error Code: 2, Message:unlink(/data/web/restful/runtime/cachexl_system_log.log): No such file or directory, In Line :163, At File:/data/web/restful/vendor/yoc/cache/FileCache.php
[2017-10-02 12:46:04] A Error Code: 2, Message:unlink(/data/web/restful/runtime/cachexl_system_log.log): No such file or directory, In Line :163, At File:/data/web/restful/vendor/yoc/cache/FileCache.php
[2017-10-02 12:46:13] A Error Code: 2, Message:unlink(/data/web/restful/runtime/cachexl_system_log.log): No such file or directory, In Line :163, At File:/data/web/restful/vendor/yoc/cache/FileCache.php
[2017-10-02 12:46:13] A Error Code: 2, Message:unlink(/data/web/restful/runtime/cachexl_system_log.log): No such file or directory, In Line :163, At File:/data/web/restful/vendor/yoc/cache/FileCache.php
[2017-10-02 12:46:14] A Error Code: 2, Message:unlink(/data/web/restful/runtime/cachexl_system_log.log): No such file or directory, In Line :163, At File:/data/web/restful/vendor/yoc/cache/FileCache.php
[2017-10-02 12:46:25] A Error Code: 4096, Message:Object of class app\model\User could not be converted to string, In Line :247, At File:/data/web/restful/vendor/yoc/db/builder/Query.php
[2017-10-02 12:46:25] A Error Code: 8, Message:Array to string conversion, In Line :34, At File:/data/web/restful/vendor/yoc/validate/LengthValidate.php
[2017-10-02 12:46:32] A Error Code: 4096, Message:Object of class app\model\User could not be converted to string, In Line :247, At File:/data/web/restful/vendor/yoc/db/builder/Query.php
[2017-10-02 12:46:32] A Error Code: 8, Message:Array to string conversion, In Line :34, At File:/data/web/restful/vendor/yoc/validate/LengthValidate.php
[2017-10-02 12:46:36] A Error Code: 8, Message:Array to string conversion, In Line :34, At File:/data/web/restful/vendor/yoc/validate/LengthValidate.php
[2017-10-02 12:46:36] A Error Code: 8, Message:Array to string conversion, In Line :34, At File:/data/web/restful/vendor/yoc/validate/LengthValidate.php
[2017-10-02 12:46:36] A Error Code: 8, Message:Array to string conversion, In Line :34, At File:/data/web/restful/vendor/yoc/validate/LengthValidate.php
[2017-10-02 12:46:36] A Error Code: 8, Message:Array to string conversion, In Line :34, At File:/data/web/restful/vendor/yoc/validate/LengthValidate.php
[2017-10-02 12:49:48] A Error Code: 2, Message:unlink(/data/web/restful/runtime/cachexl_friend.log): No such file or directory, In Line :163, At File:/data/web/restful/vendor/yoc/cache/FileCache.php
[2017-10-02 12:49:48] A Error Code: 2, Message:unlink(/data/web/restful/runtime/cachexl_friend.log): No such file or directory, In Line :163, At File:/data/web/restful/vendor/yoc/cache/FileCache.php
[2017-10-02 12:49:48] A Error Code: 2, Message:unlink(/data/web/restful/runtime/cachexl_friend.log): No such file or directory, In Line :163, At File:/data/web/restful/vendor/yoc/cache/FileCache.php
[2017-10-02 12:49:48] A Error Code: 2, Message:unlink(/data/web/restful/runtime/cachexl_friend_group.log): No such file or directory, In Line :163, At File:/data/web/restful/vendor/yoc/cache/FileCache.php
[2017-10-02 12:50:03] A Error Code: 4096, Message:Object of class app\model\User could not be converted to string, In Line :247, At File:/data/web/restful/vendor/yoc/db/builder/Query.php
[2017-10-02 12:50:03] A Error Code: 8, Message:Array to string conversion, In Line :34, At File:/data/web/restful/vendor/yoc/validate/LengthValidate.php
[2017-10-02 12:50:07] A Error Code: 8, Message:Array to string conversion, In Line :34, At File:/data/web/restful/vendor/yoc/validate/LengthValidate.php
[2017-10-02 12:50:07] A Error Code: 8, Message:Array to string conversion, In Line :34, At File:/data/web/restful/vendor/yoc/validate/LengthValidate.php
[2017-10-02 12:50:07] A Error Code: 8, Message:Array to string conversion, In Line :34, At File:/data/web/restful/vendor/yoc/validate/LengthValidate.php
[2017-10-02 12:50:07] A Error Code: 8, Message:Array to string conversion, In Line :34, At File:/data/web/restful/vendor/yoc/validate/LengthValidate.php
[2017-10-02 13:04:25] A Error Code: 2, Message:unlink(/data/web/restful/runtime/cachexl_friend.log): No such file or directory, In Line :163, At File:/data/web/restful/vendor/yoc/cache/FileCache.php
[2017-10-02 13:04:25] A Error Code: 2, Message:unlink(/data/web/restful/runtime/cachexl_friend.log): No such file or directory, In Line :163, At File:/data/web/restful/vendor/yoc/cache/FileCache.php
[2017-10-02 13:04:25] A Error Code: 2, Message:unlink(/data/web/restful/runtime/cachexl_friend.log): No such file or directory, In Line :163, At File:/data/web/restful/vendor/yoc/cache/FileCache.php
[2017-10-02 13:04:25] A Error Code: 2, Message:unlink(/data/web/restful/runtime/cachexl_friend_group.log): No such file or directory, In Line :163, At File:/data/web/restful/vendor/yoc/cache/FileCache.php
[2017-10-02 13:04:39] A Error Code: 4096, Message:Object of class app\model\User could not be converted to string, In Line :247, At File:/data/web/restful/vendor/yoc/db/builder/Query.php
[2017-10-02 13:04:39] A Error Code: 8, Message:Array to string conversion, In Line :34, At File:/data/web/restful/vendor/yoc/validate/LengthValidate.php
[2017-10-02 13:04:44] A Error Code: 8, Message:Array to string conversion, In Line :34, At File:/data/web/restful/vendor/yoc/validate/LengthValidate.php
[2017-10-02 13:04:44] A Error Code: 8, Message:Array to string conversion, In Line :34, At File:/data/web/restful/vendor/yoc/validate/LengthValidate.php
[2017-10-02 13:04:44] A Error Code: 8, Message:Array to string conversion, In Line :34, At File:/data/web/restful/vendor/yoc/validate/LengthValidate.php
[2017-10-02 13:04:44] A Error Code: 8, Message:Array to string conversion, In Line :34, At File:/data/web/restful/vendor/yoc/validate/LengthValidate.php
[2017-10-02 13:05:00] A Error Code: 2, Message:unlink(/data/web/restful/runtime/cachexl_system_log.log): No such file or directory, In Line :163, At File:/data/web/restful/vendor/yoc/cache/FileCache.php
[2017-10-02 13:05:00] A Error Code: 2, Message:unlink(/data/web/restful/runtime/cachexl_system_log.log): No such file or directory, In Line :163, At File:/data/web/restful/vendor/yoc/cache/FileCache.php
[2017-10-02 13:05:06] A Error Code: 2, Message:unlink(/data/web/restful/runtime/cachexl_system_log.log): No such file or directory, In Line :163, At File:/data/web/restful/vendor/yoc/cache/FileCache.php
[2017-10-02 13:05:07] A Error Code: 2, Message:unlink(/data/web/restful/runtime/cachexl_system_log.log): No such file or directory, In Line :163, At File:/data/web/restful/vendor/yoc/cache/FileCache.php
[2017-10-02 13:07:49] A Error Code: 8, Message:Trying to get property of non-object, In Line :111, At File:/data/web/restful/app/controller/FriendGroupController.php
[2017-10-02 13:35:38] A Error Code: 8, Message:Undefined index: request-ip, In Line :66, At File:/data/web/restful/vendor/yoc/http/Input.php
[2017-10-02 14:17:24] A Error Code: 8, Message:Undefined index: request-ip, In Line :66, At File:/data/web/restful/vendor/yoc/http/Input.php
[2017-10-02 14:39:39] A Error Code: 8, Message:Trying to get property of non-object, In Line :111, At File:/data/web/restful/app/controller/FriendGroupController.php
[2017-10-02 14:41:13] A Error Code: 8, Message:Undefined index: request-ip, In Line :66, At File:/data/web/restful/vendor/yoc/http/Input.php
[2017-10-02 15:10:40] A Error Code: 2, Message:Declaration of app\components\ActiveController::beforeAction($request) should be compatible with yoc\base\Controller::beforeAction(yoc\http\Request $request), In Line :140, At File:/data/web/restful/app/components/ActiveController.php
[2017-10-02 15:29:11] A Error Code: 8, Message:Undefined index: request-ip, In Line :66, At File:/data/web/restful/vendor/yoc/http/Input.php
[2017-10-02 15:30:01] A Error Code: 2, Message:Declaration of app\components\ActiveController::beforeAction($request) should be compatible with yoc\base\Controller::beforeAction(yoc\http\Request $request), In Line :140, At File:/data/web/restful/app/components/ActiveController.php
[2017-10-02 15:30:11] A Error Code: 8, Message:Undefined index: request-ip, In Line :66, At File:/data/web/restful/vendor/yoc/http/Input.php
[2017-10-02 15:35:02] A Error Code: 8, Message:Trying to get property of non-object, In Line :111, At File:/data/web/restful/app/controller/FriendGroupController.php
[2017-10-02 15:51:32] A Error Code: 8, Message:Undefined index: request-ip, In Line :66, At File:/data/web/restful/vendor/yoc/http/Input.php
[2017-10-02 15:51:33] A Error Code: 8, Message:Undefined index: request-ip, In Line :66, At File:/data/web/restful/vendor/yoc/http/Input.php
[2017-10-02 17:15:28] A Error Code: 8, Message:Undefined index: request-ip, In Line :66, At File:/data/web/restful/vendor/yoc/http/Input.php
[2017-10-02 17:32:15] A Error Code: 8, Message:Undefined index: request-ip, In Line :66, At File:/data/web/restful/vendor/yoc/http/Input.php
[2017-10-02 18:02:48] A Error Code: 8, Message:Trying to get property of non-object, In Line :111, At File:/data/web/restful/app/controller/FriendGroupController.php
[2017-10-02 18:15:40] A Error Code: 8, Message:Undefined index: request-ip, In Line :66, At File:/data/web/restful/vendor/yoc/http/Input.php
[2017-10-02 18:15:40] A Error Code: 8, Message:Undefined index: request-ip, In Line :66, At File:/data/web/restful/vendor/yoc/http/Input.php
[2017-10-02 18:15:41] A Error Code: 8, Message:Undefined index: request-ip, In Line :66, At File:/data/web/restful/vendor/yoc/http/Input.php
[2017-10-02 18:15:41] A Error Code: 8, Message:Undefined index: request-ip, In Line :66, At File:/data/web/restful/vendor/yoc/http/Input.php
[2017-10-02 18:15:42] A Error Code: 8, Message:Undefined index: request-ip, In Line :66, At File:/data/web/restful/vendor/yoc/http/Input.php
[2017-10-02 18:15:42] A Error Code: 8, Message:Undefined index: request-ip, In Line :66, At File:/data/web/restful/vendor/yoc/http/Input.php
[2017-10-02 18:15:43] A Error Code: 8, Message:Undefined index: request-ip, In Line :66, At File:/data/web/restful/vendor/yoc/http/Input.php
[2017-10-02 18:15:43] A Error Code: 8, Message:Undefined index: request-ip, In Line :66, At File:/data/web/restful/vendor/yoc/http/Input.php
[2017-10-02 18:15:44] A Error Code: 8, Message:Undefined index: request-ip, In Line :66, At File:/data/web/restful/vendor/yoc/http/Input.php
[2017-10-02 18:15:44] A Error Code: 8, Message:Undefined index: request-ip, In Line :66, At File:/data/web/restful/vendor/yoc/http/Input.php
[2017-10-02 18:15:45] A Error Code: 8, Message:Undefined index: request-ip, In Line :66, At File:/data/web/restful/vendor/yoc/http/Input.php
[2017-10-02 18:15:45] A Error Code: 8, Message:Undefined index: request-ip, In Line :66, At File:/data/web/restful/vendor/yoc/http/Input.php
[2017-10-02 18:15:46] A Error Code: 8, Message:Undefined index: request-ip, In Line :66, At File:/data/web/restful/vendor/yoc/http/Input.php
[2017-10-02 18:15:46] A Error Code: 8, Message:Undefined index: request-ip, In Line :66, At File:/data/web/restful/vendor/yoc/http/Input.php
[2017-10-02 18:15:47] A Error Code: 8, Message:Undefined index: request-ip, In Line :66, At File:/data/web/restful/vendor/yoc/http/Input.php
[2017-10-02 18:15:47] A Error Code: 8, Message:Undefined index: request-ip, In Line :66, At File:/data/web/restful/vendor/yoc/http/Input.php
[2017-10-02 18:15:48] A Error Code: 8, Message:Undefined index: request-ip, In Line :66, At File:/data/web/restful/vendor/yoc/http/Input.php
[2017-10-02 18:15:48] A Error Code: 8, Message:Undefined index: request-ip, In Line :66, At File:/data/web/restful/vendor/yoc/http/Input.php
[2017-10-02 18:15:49] A Error Code: 8, Message:Undefined index: request-ip, In Line :66, At File:/data/web/restful/vendor/yoc/http/Input.php
[2017-10-02 18:15:49] A Error Code: 8, Message:Undefined index: request-ip, In Line :66, At File:/data/web/restful/vendor/yoc/http/Input.php
[2017-10-02 18:22:44] A Error Code: 8, Message:Undefined index: request-ip, In Line :66, At File:/data/web/restful/vendor/yoc/http/Input.php
[2017-10-02 18:23:07] A Error Code: 8, Message:Undefined index: request-ip, In Line :66, At File:/data/web/restful/vendor/yoc/http/Input.php
[2017-10-02 18:23:07] A Error Code: 8, Message:Undefined index: request-ip, In Line :66, At File:/data/web/restful/vendor/yoc/http/Input.php
[2017-10-02 18:23:07] A Error Code: 8, Message:Undefined index: request-ip, In Line :66, At File:/data/web/restful/vendor/yoc/http/Input.php
[2017-10-02 18:23:07] A Error Code: 8, Message:Undefined index: request-ip, In Line :66, At File:/data/web/restful/vendor/yoc/http/Input.php
[2017-10-02 18:26:12] A Error Code: 8, Message:Undefined index: request-ip, In Line :66, At File:/data/web/restful/vendor/yoc/http/Input.php
[2017-10-02 18:26:13] A Error Code: 8, Message:Undefined index: request-ip, In Line :66, At File:/data/web/restful/vendor/yoc/http/Input.php
[2017-10-02 18:27:07] A Error Code: 8, Message:Undefined index: request-ip, In Line :66, At File:/data/web/restful/vendor/yoc/http/Input.php
[2017-10-02 18:27:49] A Error Code: 8, Message:Undefined index: request-ip, In Line :66, At File:/data/web/restful/vendor/yoc/http/Input.php
[2017-10-02 18:28:36] A Error Code: 8, Message:Undefined index: request-ip, In Line :66, At File:/data/web/restful/vendor/yoc/http/Input.php
[2017-10-02 18:29:23] A Error Code: 8, Message:Undefined index: request-ip, In Line :66, At File:/data/web/restful/vendor/yoc/http/Input.php
[2017-10-02 18:29:49] A Error Code: 8, Message:Undefined index: request-ip, In Line :66, At File:/data/web/restful/vendor/yoc/http/Input.php
[2017-10-02 18:30:02] A Error Code: 8, Message:Undefined index: request-ip, In Line :66, At File:/data/web/restful/vendor/yoc/http/Input.php
[2017-10-02 18:30:24] A Error Code: 8, Message:Undefined index: request-ip, In Line :66, At File:/data/web/restful/vendor/yoc/http/Input.php
[2017-10-02 18:32:09] A Error Code: 8, Message:Undefined index: request-ip, In Line :66, At File:/data/web/restful/vendor/yoc/http/Input.php
[2017-10-02 18:33:07] A Error Code: 8, Message:Undefined index: request-ip, In Line :66, At File:/data/web/restful/vendor/yoc/http/Input.php
[2017-10-02 18:42:50] A Error Code: 8, Message:Undefined index: request-ip, In Line :66, At File:/data/web/restful/vendor/yoc/http/Input.php
[2017-10-02 18:42:50] A Error Code: 8, Message:Undefined index: request-ip, In Line :66, At File:/data/web/restful/vendor/yoc/http/Input.php
[2017-10-02 18:42:51] A Error Code: 8, Message:Undefined index: request-ip, In Line :66, At File:/data/web/restful/vendor/yoc/http/Input.php
[2017-10-02 18:42:51] A Error Code: 8, Message:Undefined index: request-ip, In Line :66, At File:/data/web/restful/vendor/yoc/http/Input.php
[2017-10-02 18:42:52] A Error Code: 8, Message:Undefined index: request-ip, In Line :66, At File:/data/web/restful/vendor/yoc/http/Input.php
[2017-10-02 18:42:52] A Error Code: 8, Message:Undefined index: request-ip, In Line :66, At File:/data/web/restful/vendor/yoc/http/Input.php
[2017-10-02 18:42:53] A Error Code: 8, Message:Undefined index: request-ip, In Line :66, At File:/data/web/restful/vendor/yoc/http/Input.php
[2017-10-02 18:42:53] A Error Code: 8, Message:Undefined index: request-ip, In Line :66, At File:/data/web/restful/vendor/yoc/http/Input.php
[2017-10-02 18:42:54] A Error Code: 8, Message:Undefined index: request-ip, In Line :66, At File:/data/web/restful/vendor/yoc/http/Input.php
[2017-10-02 18:42:54] A Error Code: 8, Message:Undefined index: request-ip, In Line :66, At File:/data/web/restful/vendor/yoc/http/Input.php
[2017-10-02 18:42:55] A Error Code: 8, Message:Undefined index: request-ip, In Line :66, At File:/data/web/restful/vendor/yoc/http/Input.php
[2017-10-02 18:42:55] A Error Code: 8, Message:Undefined index: request-ip, In Line :66, At File:/data/web/restful/vendor/yoc/http/Input.php
[2017-10-02 18:42:56] A Error Code: 8, Message:Undefined index: request-ip, In Line :66, At File:/data/web/restful/vendor/yoc/http/Input.php
[2017-10-02 18:42:56] A Error Code: 8, Message:Undefined index: request-ip, In Line :66, At File:/data/web/restful/vendor/yoc/http/Input.php
[2017-10-02 18:42:57] A Error Code: 8, Message:Undefined index: request-ip, In Line :66, At File:/data/web/restful/vendor/yoc/http/Input.php
[2017-10-02 18:42:57] A Error Code: 8, Message:Undefined index: request-ip, In Line :66, At File:/data/web/restful/vendor/yoc/http/Input.php
[2017-10-02 18:42:58] A Error Code: 8, Message:Undefined index: request-ip, In Line :66, At File:/data/web/restful/vendor/yoc/http/Input.php
[2017-10-02 18:42:58] A Error Code: 8, Message:Undefined index: request-ip, In Line :66, At File:/data/web/restful/vendor/yoc/http/Input.php
[2017-10-02 18:42:59] A Error Code: 8, Message:Undefined index: request-ip, In Line :66, At File:/data/web/restful/vendor/yoc/http/Input.php
[2017-10-02 18:42:59] A Error Code: 8, Message:Undefined index: request-ip, In Line :66, At File:/data/web/restful/vendor/yoc/http/Input.php
[2017-10-02 18:43:49] A Error Code: 8, Message:Undefined index: request-ip, In Line :66, At File:/data/web/restful/vendor/yoc/http/Input.php
[2017-10-02 18:51:56] A Error Code: 8, Message:Undefined index: request-ip, In Line :66, At File:/data/web/restful/vendor/yoc/http/Input.php
[2017-10-02 18:51:56] A Error Code: 8, Message:Undefined index: request-ip, In Line :66, At File:/data/web/restful/vendor/yoc/http/Input.php
[2017-10-02 18:51:56] A Error Code: 8, Message:Undefined index: request-ip, In Line :66, At File:/data/web/restful/vendor/yoc/http/Input.php
[2017-10-02 18:51:56] A Error Code: 8, Message:Undefined index: request-ip, In Line :66, At File:/data/web/restful/vendor/yoc/http/Input.php
[2017-10-02 18:53:24] A Error Code: 8, Message:Undefined index: request-ip, In Line :66, At File:/data/web/restful/vendor/yoc/http/Input.php
[2017-10-02 18:53:24] A Error Code: 8, Message:Undefined index: request-ip, In Line :66, At File:/data/web/restful/vendor/yoc/http/Input.php
[2017-10-02 18:55:39] A Error Code: 8, Message:Undefined index: request-ip, In Line :66, At File:/data/web/restful/vendor/yoc/http/Input.php
[2017-10-02 18:56:39] A Error Code: 8, Message:Undefined index: request-ip, In Line :66, At File:/data/web/restful/vendor/yoc/http/Input.php
[2017-10-02 18:57:20] A Error Code: 8, Message:Undefined index: request-ip, In Line :66, At File:/data/web/restful/vendor/yoc/http/Input.php
[2017-10-02 18:58:28] A Error Code: 8, Message:Undefined index: request-ip, In Line :66, At File:/data/web/restful/vendor/yoc/http/Input.php
[2017-10-02 18:59:31] A Error Code: 8, Message:Undefined index: request-ip, In Line :66, At File:/data/web/restful/vendor/yoc/http/Input.php
[2017-10-02 19:01:09] A Error Code: 8, Message:Undefined index: request-ip, In Line :66, At File:/data/web/restful/vendor/yoc/http/Input.php
[2017-10-02 19:03:18] A Error Code: 8, Message:Undefined index: request-ip, In Line :66, At File:/data/web/restful/vendor/yoc/http/Input.php
[2017-10-02 19:04:10] A Error Code: 8, Message:Undefined index: request-ip, In Line :66, At File:/data/web/restful/vendor/yoc/http/Input.php
[2017-10-02 19:04:11] A Error Code: 8, Message:Undefined index: request-ip, In Line :66, At File:/data/web/restful/vendor/yoc/http/Input.php
[2017-10-02 19:04:12] A Error Code: 8, Message:Undefined index: request-ip, In Line :66, At File:/data/web/restful/vendor/yoc/http/Input.php
[2017-10-02 19:04:12] A Error Code: 8, Message:Undefined index: request-ip, In Line :66, At File:/data/web/restful/vendor/yoc/http/Input.php
[2017-10-02 19:04:12] A Error Code: 8, Message:Undefined index: request-ip, In Line :66, At File:/data/web/restful/vendor/yoc/http/Input.php
[2017-10-02 19:04:13] A Error Code: 8, Message:Undefined index: request-ip, In Line :66, At File:/data/web/restful/vendor/yoc/http/Input.php
[2017-10-02 19:04:13] A Error Code: 8, Message:Undefined index: request-ip, In Line :66, At File:/data/web/restful/vendor/yoc/http/Input.php
[2017-10-02 19:04:14] A Error Code: 8, Message:Undefined index: request-ip, In Line :66, At File:/data/web/restful/vendor/yoc/http/Input.php
[2017-10-02 19:04:14] A Error Code: 8, Message:Undefined index: request-ip, In Line :66, At File:/data/web/restful/vendor/yoc/http/Input.php
[2017-10-02 19:04:15] A Error Code: 8, Message:Undefined index: request-ip, In Line :66, At File:/data/web/restful/vendor/yoc/http/Input.php
[2017-10-02 19:04:15] A Error Code: 8, Message:Undefined index: request-ip, In Line :66, At File:/data/web/restful/vendor/yoc/http/Input.php
[2017-10-02 19:04:16] A Error Code: 8, Message:Undefined index: request-ip, In Line :66, At File:/data/web/restful/vendor/yoc/http/Input.php
[2017-10-02 19:04:16] A Error Code: 8, Message:Undefined index: request-ip, In Line :66, At File:/data/web/restful/vendor/yoc/http/Input.php
[2017-10-02 19:04:17] A Error Code: 8, Message:Undefined index: request-ip, In Line :66, At File:/data/web/restful/vendor/yoc/http/Input.php
[2017-10-02 19:04:17] A Error Code: 8, Message:Undefined index: request-ip, In Line :66, At File:/data/web/restful/vendor/yoc/http/Input.php
[2017-10-02 19:04:18] A Error Code: 8, Message:Undefined index: request-ip, In Line :66, At File:/data/web/restful/vendor/yoc/http/Input.php
[2017-10-02 19:04:18] A Error Code: 8, Message:Undefined index: request-ip, In Line :66, At File:/data/web/restful/vendor/yoc/http/Input.php
[2017-10-02 19:04:19] A Error Code: 8, Message:Undefined index: request-ip, In Line :66, At File:/data/web/restful/vendor/yoc/http/Input.php
[2017-10-02 19:04:19] A Error Code: 8, Message:Undefined index: request-ip, In Line :66, At File:/data/web/restful/vendor/yoc/http/Input.php
[2017-10-02 19:04:20] A Error Code: 8, Message:Undefined index: request-ip, In Line :66, At File:/data/web/restful/vendor/yoc/http/Input.php
[2017-10-02 19:04:20] A Error Code: 8, Message:Undefined index: request-ip, In Line :66, At File:/data/web/restful/vendor/yoc/http/Input.php
[2017-10-02 19:04:43] A Error Code: 8, Message:Undefined index: request-ip, In Line :66, At File:/data/web/restful/vendor/yoc/http/Input.php
[2017-10-02 19:05:32] A Error Code: 8, Message:Undefined index: request-ip, In Line :66, At File:/data/web/restful/vendor/yoc/http/Input.php
[2017-10-02 19:07:36] A Error Code: 8, Message:Undefined index: request-ip, In Line :66, At File:/data/web/restful/vendor/yoc/http/Input.php
[2017-10-02 19:08:00] A Error Code: 8, Message:Undefined index: request-ip, In Line :66, At File:/data/web/restful/vendor/yoc/http/Input.php
[2017-10-02 19:08:16] A Error Code: 8, Message:Undefined index: request-ip, In Line :66, At File:/data/web/restful/vendor/yoc/http/Input.php
[2017-10-02 19:11:10] A Error Code: 8, Message:Undefined index: request-ip, In Line :66, At File:/data/web/restful/vendor/yoc/http/Input.php
[2017-10-02 19:14:31] A Error Code: 8, Message:Undefined index: request-ip, In Line :66, At File:/data/web/restful/vendor/yoc/http/Input.php
[2017-10-02 19:14:51] A Error Code: 8, Message:Undefined index: request-ip, In Line :66, At File:/data/web/restful/vendor/yoc/http/Input.php
[2017-10-02 19:18:11] A Error Code: 8, Message:Undefined index: request-ip, In Line :66, At File:/data/web/restful/vendor/yoc/http/Input.php
[2017-10-02 19:20:19] A Error Code: 8, Message:Undefined index: request-ip, In Line :66, At File:/data/web/restful/vendor/yoc/http/Input.php
[2017-10-02 19:26:30] A Error Code: 8, Message:Undefined index: request-ip, In Line :66, At File:/data/web/restful/vendor/yoc/http/Input.php
[2017-10-02 19:29:42] A Error Code: 8, Message:Undefined index: request-ip, In Line :66, At File:/data/web/restful/vendor/yoc/http/Input.php
[2017-10-02 19:29:52] A Error Code: 8, Message:Undefined index: request-ip, In Line :66, At File:/data/web/restful/vendor/yoc/http/Input.php
[2017-10-02 19:32:46] A Error Code: 8, Message:Undefined index: request-ip, In Line :66, At File:/data/web/restful/vendor/yoc/http/Input.php
[2017-10-02 19:37:58] A Error Code: 8, Message:Undefined index: request-ip, In Line :66, At File:/data/web/restful/vendor/yoc/http/Input.php
[2017-10-02 19:39:23] A Error Code: 8, Message:Undefined index: request-ip, In Line :66, At File:/data/web/restful/vendor/yoc/http/Input.php
[2017-10-02 19:41:25] A Error Code: 8, Message:Undefined index: request-ip, In Line :66, At File:/data/web/restful/vendor/yoc/http/Input.php
[2017-10-02 19:43:02] A Error Code: 8, Message:Undefined index: request-ip, In Line :66, At File:/data/web/restful/vendor/yoc/http/Input.php
[2017-10-02 19:43:38] A Error Code: 8, Message:Undefined index: request-ip, In Line :66, At File:/data/web/restful/vendor/yoc/http/Input.php
[2017-10-02 19:48:55] A Error Code: 8, Message:Undefined index: request-ip, In Line :66, At File:/data/web/restful/vendor/yoc/http/Input.php
[2017-10-02 19:50:13] A Error Code: 8, Message:Undefined index: request-ip, In Line :66, At File:/data/web/restful/vendor/yoc/http/Input.php
[2017-10-02 19:52:13] A Error Code: 8, Message:Undefined index: request-ip, In Line :66, At File:/data/web/restful/vendor/yoc/http/Input.php
[2017-10-02 19:52:52] A Error Code: 8, Message:Undefined index: request-ip, In Line :66, At File:/data/web/restful/vendor/yoc/http/Input.php
[2017-10-02 19:52:52] A Error Code: 8, Message:Undefined index: request-ip, In Line :66, At File:/data/web/restful/vendor/yoc/http/Input.php
[2017-10-02 19:52:52] A Error Code: 8, Message:Undefined index: request-ip, In Line :66, At File:/data/web/restful/vendor/yoc/http/Input.php
[2017-10-02 19:54:09] A Error Code: 8, Message:Undefined index: request-ip, In Line :66, At File:/data/web/restful/vendor/yoc/http/Input.php
[2017-10-02 19:54:16] A Error Code: 8, Message:Undefined index: request-ip, In Line :66, At File:/data/web/restful/vendor/yoc/http/Input.php
[2017-10-02 19:55:09] A Error Code: 8, Message:Undefined index: request-ip, In Line :66, At File:/data/web/restful/vendor/yoc/http/Input.php
[2017-10-02 19:56:47] A Error Code: 8, Message:Undefined index: request-ip, In Line :66, At File:/data/web/restful/vendor/yoc/http/Input.php
[2017-10-02 19:59:27] A Error Code: 8, Message:Undefined index: request-ip, In Line :66, At File:/data/web/restful/vendor/yoc/http/Input.php
[2017-10-02 19:59:27] A Error Code: 8, Message:Undefined index: request-ip, In Line :66, At File:/data/web/restful/vendor/yoc/http/Input.php
[2017-10-02 20:02:13] A Error Code: 8, Message:Undefined index: request-ip, In Line :66, At File:/data/web/restful/vendor/yoc/http/Input.php
[2017-10-02 20:04:56] A Error Code: 8, Message:Undefined index: request-ip, In Line :66, At File:/data/web/restful/vendor/yoc/http/Input.php
[2017-10-02 20:08:16] A Error Code: 8, Message:Undefined index: request-ip, In Line :66, At File:/data/web/restful/vendor/yoc/http/Input.php
[2017-10-02 20:08:16] A Error Code: 8, Message:Undefined index: request-ip, In Line :66, At File:/data/web/restful/vendor/yoc/http/Input.php
[2017-10-02 20:08:17] A Error Code: 8, Message:Undefined index: request-ip, In Line :66, At File:/data/web/restful/vendor/yoc/http/Input.php
[2017-10-02 20:08:17] A Error Code: 8, Message:Undefined index: request-ip, In Line :66, At File:/data/web/restful/vendor/yoc/http/Input.php
[2017-10-02 20:08:18] A Error Code: 8, Message:Undefined index: request-ip, In Line :66, At File:/data/web/restful/vendor/yoc/http/Input.php
[2017-10-02 20:08:19] A Error Code: 8, Message:Undefined index: request-ip, In Line :66, At File:/data/web/restful/vendor/yoc/http/Input.php
[2017-10-02 20:08:20] A Error Code: 8, Message:Undefined index: request-ip, In Line :66, At File:/data/web/restful/vendor/yoc/http/Input.php
[2017-10-02 20:08:20] A Error Code: 8, Message:Undefined index: request-ip, In Line :66, At File:/data/web/restful/vendor/yoc/http/Input.php
[2017-10-02 20:08:21] A Error Code: 8, Message:Undefined index: request-ip, In Line :66, At File:/data/web/restful/vendor/yoc/http/Input.php
[2017-10-02 20:08:21] A Error Code: 8, Message:Undefined index: request-ip, In Line :66, At File:/data/web/restful/vendor/yoc/http/Input.php
[2017-10-02 20:08:22] A Error Code: 8, Message:Undefined index: request-ip, In Line :66, At File:/data/web/restful/vendor/yoc/http/Input.php
[2017-10-02 20:08:22] A Error Code: 8, Message:Undefined index: request-ip, In Line :66, At File:/data/web/restful/vendor/yoc/http/Input.php
[2017-10-02 20:08:23] A Error Code: 8, Message:Undefined index: request-ip, In Line :66, At File:/data/web/restful/vendor/yoc/http/Input.php
[2017-10-02 20:08:23] A Error Code: 8, Message:Undefined index: request-ip, In Line :66, At File:/data/web/restful/vendor/yoc/http/Input.php
[2017-10-02 20:08:24] A Error Code: 8, Message:Undefined index: request-ip, In Line :66, At File:/data/web/restful/vendor/yoc/http/Input.php
[2017-10-02 20:08:24] A Error Code: 8, Message:Undefined index: request-ip, In Line :66, At File:/data/web/restful/vendor/yoc/http/Input.php
[2017-10-02 20:08:25] A Error Code: 8, Message:Undefined index: request-ip, In Line :66, At File:/data/web/restful/vendor/yoc/http/Input.php
[2017-10-02 20:08:25] A Error Code: 8, Message:Undefined index: request-ip, In Line :66, At File:/data/web/restful/vendor/yoc/http/Input.php
[2017-10-02 20:08:26] A Error Code: 8, Message:Undefined index: request-ip, In Line :66, At File:/data/web/restful/vendor/yoc/http/Input.php
[2017-10-02 20:08:26] A Error Code: 8, Message:Undefined index: request-ip, In Line :66, At File:/data/web/restful/vendor/yoc/http/Input.php
[2017-10-02 20:12:34] A Error Code: 8, Message:Undefined index: request-ip, In Line :66, At File:/data/web/restful/vendor/yoc/http/Input.php
[2017-10-02 20:14:18] A Error Code: 8, Message:Undefined index: request-ip, In Line :66, At File:/data/web/restful/vendor/yoc/http/Input.php
[2017-10-02 20:16:44] A Error Code: 8, Message:Undefined index: request-ip, In Line :66, At File:/data/web/restful/vendor/yoc/http/Input.php
[2017-10-02 20:17:27] A Error Code: 8, Message:Undefined index: request-ip, In Line :66, At File:/data/web/restful/vendor/yoc/http/Input.php
[2017-10-02 20:17:27] A Error Code: 8, Message:Undefined index: request-ip, In Line :66, At File:/data/web/restful/vendor/yoc/http/Input.php
[2017-10-02 20:17:27] A Error Code: 8, Message:Undefined index: request-ip, In Line :66, At File:/data/web/restful/vendor/yoc/http/Input.php
[2017-10-02 20:17:40] A Error Code: 8, Message:Undefined index: request-ip, In Line :66, At File:/data/web/restful/vendor/yoc/http/Input.php
[2017-10-02 20:21:39] A Error Code: 8, Message:Undefined index: request-ip, In Line :66, At File:/data/web/restful/vendor/yoc/http/Input.php
[2017-10-02 20:23:03] A Error Code: 8, Message:Undefined index: request-ip, In Line :66, At File:/data/web/restful/vendor/yoc/http/Input.php
[2017-10-02 20:23:03] A Error Code: 8, Message:Undefined index: request-ip, In Line :66, At File:/data/web/restful/vendor/yoc/http/Input.php
[2017-10-02 20:25:23] A Error Code: 8, Message:Undefined index: request-ip, In Line :66, At File:/data/web/restful/vendor/yoc/http/Input.php
[2017-10-02 20:26:38] A Error Code: 8, Message:Undefined index: request-ip, In Line :66, At File:/data/web/restful/vendor/yoc/http/Input.php
[2017-10-02 20:26:51] A Error Code: 8, Message:Undefined index: request-ip, In Line :66, At File:/data/web/restful/vendor/yoc/http/Input.php
[2017-10-02 20:27:54] A Error Code: 8, Message:Undefined index: request-ip, In Line :66, At File:/data/web/restful/vendor/yoc/http/Input.php
[2017-10-02 20:27:54] A Error Code: 8, Message:Undefined index: request-ip, In Line :66, At File:/data/web/restful/vendor/yoc/http/Input.php
[2017-10-02 20:30:07] A Error Code: 8, Message:Undefined index: request-ip, In Line :66, At File:/data/web/restful/vendor/yoc/http/Input.php
[2017-10-02 20:30:38] A Error Code: 8, Message:Undefined index: request-ip, In Line :66, At File:/data/web/restful/vendor/yoc/http/Input.php
[2017-10-02 20:31:22] A Error Code: 8, Message:Undefined index: request-ip, In Line :66, At File:/data/web/restful/vendor/yoc/http/Input.php
[2017-10-02 20:32:43] A Error Code: 8, Message:Undefined index: request-ip, In Line :66, At File:/data/web/restful/vendor/yoc/http/Input.php
[2017-10-02 20:33:05] A Error Code: 8, Message:Undefined index: request-ip, In Line :66, At File:/data/web/restful/vendor/yoc/http/Input.php
[2017-10-02 20:33:19] A Error Code: 8, Message:Undefined index: request-ip, In Line :66, At File:/data/web/restful/vendor/yoc/http/Input.php
[2017-10-02 20:34:07] A Error Code: 8, Message:Undefined index: request-ip, In Line :66, At File:/data/web/restful/vendor/yoc/http/Input.php
[2017-10-02 20:34:49] A Error Code: 8, Message:Undefined index: request-ip, In Line :66, At File:/data/web/restful/vendor/yoc/http/Input.php
[2017-10-02 20:36:14] A Error Code: 8, Message:Undefined index: request-ip, In Line :66, At File:/data/web/restful/vendor/yoc/http/Input.php
[2017-10-02 20:39:23] A Error Code: 8, Message:Undefined index: request-ip, In Line :66, At File:/data/web/restful/vendor/yoc/http/Input.php
[2017-10-02 20:40:56] A Error Code: 8, Message:Undefined index: request-ip, In Line :66, At File:/data/web/restful/vendor/yoc/http/Input.php
[2017-10-02 20:42:45] A Error Code: 8, Message:Undefined index: request-ip, In Line :66, At File:/data/web/restful/vendor/yoc/http/Input.php
[2017-10-02 20:43:40] A Error Code: 8, Message:Undefined index: request-ip, In Line :66, At File:/data/web/restful/vendor/yoc/http/Input.php
[2017-10-02 20:47:26] A Error Code: 8, Message:Undefined index: request-ip, In Line :66, At File:/data/web/restful/vendor/yoc/http/Input.php
[2017-10-02 20:48:50] A Error Code: 8, Message:Undefined index: request-ip, In Line :66, At File:/data/web/restful/vendor/yoc/http/Input.php
[2017-10-02 20:49:31] A Error Code: 8, Message:Undefined index: request-ip, In Line :66, At File:/data/web/restful/vendor/yoc/http/Input.php
[2017-10-02 20:52:42] A Error Code: 8, Message:Undefined index: request-ip, In Line :66, At File:/data/web/restful/vendor/yoc/http/Input.php
[2017-10-02 20:53:25] A Error Code: 8, Message:Undefined index: request-ip, In Line :66, At File:/data/web/restful/vendor/yoc/http/Input.php
[2017-10-02 20:54:52] A Error Code: 8, Message:Undefined index: request-ip, In Line :66, At File:/data/web/restful/vendor/yoc/http/Input.php
[2017-10-02 20:57:00] A Error Code: 8, Message:Undefined index: request-ip, In Line :66, At File:/data/web/restful/vendor/yoc/http/Input.php
[2017-10-02 20:58:01] A Error Code: 8, Message:Undefined index: request-ip, In Line :66, At File:/data/web/restful/vendor/yoc/http/Input.php
[2017-10-02 21:02:09] A Error Code: 8, Message:Undefined index: request-ip, In Line :66, At File:/data/web/restful/vendor/yoc/http/Input.php
[2017-10-02 21:02:20] A Error Code: 8, Message:Undefined index: request-ip, In Line :66, At File:/data/web/restful/vendor/yoc/http/Input.php
[2017-10-02 21:02:52] A Error Code: 8, Message:Undefined index: request-ip, In Line :66, At File:/data/web/restful/vendor/yoc/http/Input.php
[2017-10-02 21:06:12] A Error Code: 8, Message:Undefined index: request-ip, In Line :66, At File:/data/web/restful/vendor/yoc/http/Input.php
[2017-10-02 21:16:14] A Error Code: 8, Message:Undefined index: request-ip, In Line :66, At File:/data/web/restful/vendor/yoc/http/Input.php
[2017-10-02 21:26:09] A Error Code: 8, Message:Undefined index: request-ip, In Line :66, At File:/data/web/restful/vendor/yoc/http/Input.php
[2017-10-02 21:43:09] A Error Code: 8, Message:Undefined index: request-ip, In Line :66, At File:/data/web/restful/vendor/yoc/http/Input.php
[2017-10-02 21:44:49] A Error Code: 8, Message:Undefined index: request-ip, In Line :66, At File:/data/web/restful/vendor/yoc/http/Input.php
[2017-10-02 21:48:27] A Error Code: 8, Message:Undefined index: request-ip, In Line :66, At File:/data/web/restful/vendor/yoc/http/Input.php
[2017-10-02 21:50:32] A Error Code: 8, Message:Undefined index: request-ip, In Line :66, At File:/data/web/restful/vendor/yoc/http/Input.php
[2017-10-02 21:56:00] A Error Code: 8, Message:Undefined index: request-ip, In Line :66, At File:/data/web/restful/vendor/yoc/http/Input.php
[2017-10-02 21:57:37] A Error Code: 8, Message:Undefined index: request-ip, In Line :66, At File:/data/web/restful/vendor/yoc/http/Input.php
[2017-10-02 21:58:09] A Error Code: 8, Message:Undefined index: request-ip, In Line :66, At File:/data/web/restful/vendor/yoc/http/Input.php
[2017-10-02 21:59:10] A Error Code: 8, Message:Undefined index: request-ip, In Line :66, At File:/data/web/restful/vendor/yoc/http/Input.php
[2017-10-02 22:00:04] A Error Code: 8, Message:Undefined index: request-ip, In Line :66, At File:/data/web/restful/vendor/yoc/http/Input.php
[2017-10-02 22:00:11] A Error Code: 8, Message:Undefined index: request-ip, In Line :66, At File:/data/web/restful/vendor/yoc/http/Input.php
[2017-10-02 22:00:51] A Error Code: 8, Message:Undefined index: request-ip, In Line :66, At File:/data/web/restful/vendor/yoc/http/Input.php
[2017-10-02 22:00:59] A Error Code: 8, Message:Undefined index: request-ip, In Line :66, At File:/data/web/restful/vendor/yoc/http/Input.php
[2017-10-02 22:01:01] A Error Code: 8, Message:Undefined index: request-ip, In Line :66, At File:/data/web/restful/vendor/yoc/http/Input.php
[2017-10-02 22:01:12] A Error Code: 8, Message:Undefined index: request-ip, In Line :66, At File:/data/web/restful/vendor/yoc/http/Input.php
[2017-10-02 22:01:26] A Error Code: 8, Message:Undefined index: request-ip, In Line :66, At File:/data/web/restful/vendor/yoc/http/Input.php
[2017-10-02 22:01:31] A Error Code: 8, Message:Undefined index: request-ip, In Line :66, At File:/data/web/restful/vendor/yoc/http/Input.php
[2017-10-02 22:05:17] A Error Code: 8, Message:Undefined index: request-ip, In Line :66, At File:/data/web/restful/vendor/yoc/http/Input.php
[2017-10-02 22:06:53] A Error Code: 8, Message:Undefined index: request-ip, In Line :66, At File:/data/web/restful/vendor/yoc/http/Input.php
[2017-10-02 22:07:48] A Error Code: 8, Message:Trying to get property of non-object, In Line :111, At File:/data/web/restful/app/controller/FriendGroupController.php
[2017-10-02 22:15:03] A Error Code: 8, Message:Undefined index: request-ip, In Line :66, At File:/data/web/restful/vendor/yoc/http/Input.php
[2017-10-02 22:20:06] A Error Code: 8, Message:Undefined index: request-ip, In Line :66, At File:/data/web/restful/vendor/yoc/http/Input.php
[2017-10-02 22:22:31] A Error Code: 8, Message:Undefined index: request-ip, In Line :66, At File:/data/web/restful/vendor/yoc/http/Input.php
[2017-10-02 22:22:42] A Error Code: 8, Message:Undefined index: request-ip, In Line :66, At File:/data/web/restful/vendor/yoc/http/Input.php
[2017-10-02 22:22:49] A Error Code: 8, Message:Undefined index: request-ip, In Line :66, At File:/data/web/restful/vendor/yoc/http/Input.php
[2017-10-02 22:22:51] A Error Code: 8, Message:Undefined index: request-ip, In Line :66, At File:/data/web/restful/vendor/yoc/http/Input.php
[2017-10-02 22:23:01] A Error Code: 8, Message:Undefined index: request-ip, In Line :66, At File:/data/web/restful/vendor/yoc/http/Input.php
[2017-10-02 22:23:04] A Error Code: 8, Message:Undefined index: request-ip, In Line :66, At File:/data/web/restful/vendor/yoc/http/Input.php
[2017-10-02 22:23:09] A Error Code: 8, Message:Undefined index: request-ip, In Line :66, At File:/data/web/restful/vendor/yoc/http/Input.php
[2017-10-02 22:23:13] A Error Code: 8, Message:Undefined index: request-ip, In Line :66, At File:/data/web/restful/vendor/yoc/http/Input.php
[2017-10-02 22:23:17] A Error Code: 8, Message:Undefined index: request-ip, In Line :66, At File:/data/web/restful/vendor/yoc/http/Input.php
[2017-10-02 22:23:19] A Error Code: 8, Message:Undefined index: request-ip, In Line :66, At File:/data/web/restful/vendor/yoc/http/Input.php
[2017-10-02 23:07:48] A Error Code: 8, Message:Undefined index: request-ip, In Line :66, At File:/data/web/restful/vendor/yoc/http/Input.php
