[172.82.166.210][user/detail][ is curl request ]
[][site/index][Mozilla/5.0 (X11; Linux x86_64) AppleWebKit/537.36 (KHTML, like Gecko) Chrome/47.0.2526.73 Safari/537.36]
[][site/index][Mozilla/5.0 (X11; Linux x86_64) AppleWebKit/537.36 (KHTML, like Gecko) Chrome/47.0.2526.73 Safari/537.36]
[120.132.3.151][user/detail][ is curl request ]
[][404/search_children.js][Mozilla/5.0 (X11; Linux x86_64) AppleWebKit/537.36 (KHTML, like Gecko) Chrome/35.0.1916.114 Safari/537.36]
[][404/search_children.js][Mozilla/5.0 (X11; Linux x86_64) AppleWebKit/537.36 (KHTML, like Gecko) Chrome/35.0.1916.114 Safari/537.36]
[][phpmyadmin/index][Python-urllib/2.6]
[][phpmyadmin/index][Mozilla/4.0 (compatible; MSIE 6.0; Windows NT 5.1;Alibaba.Security.Heimdall.5448812.phpmyadmin_login_weak)]
[][phpmyadmin/index][Python-urllib/2.6]
[][phpmyadmin/index][Mozilla/4.0 (compatible; MSIE 6.0; Windows NT 5.1;Alibaba.Security.Heimdall.5448812.phpmyadmin_login_weak)]
[][phpmyadmin/index][Python-urllib/2.6]
[][phpmyadmin/index][Mozilla/4.0 (compatible; MSIE 6.0; Windows NT 5.1;Alibaba.Security.Heimdall.5448812.phpmyadmin_login_weak)]
[][phpmyadmin/index][Python-urllib/2.6]
[][phpmyadmin/index][Mozilla/4.0 (compatible; MSIE 6.0; Windows NT 5.1;Alibaba.Security.Heimdall.5448812.phpmyadmin_login_weak)]
[][phpmyadmin/index][Python-urllib/2.6]
[][phpmyadmin/index][Mozilla/4.0 (compatible; MSIE 6.0; Windows NT 5.1;Alibaba.Security.Heimdall.5448812.phpmyadmin_login_weak)]
[][phpmyadmin/index][Python-urllib/2.6]
[][phpmyadmin/index][Mozilla/4.0 (compatible; MSIE 6.0; Windows NT 5.1;Alibaba.Security.Heimdall.5448812.phpmyadmin_login_weak)]
[][phpmyadmin/index][Python-urllib/2.6]
[][phpmyadmin/index][Mozilla/4.0 (compatible; MSIE 6.0; Windows NT 5.1;Alibaba.Security.Heimdall.5448812.phpmyadmin_login_weak)]
[][phpmyadmin/index][Python-urllib/2.6]
[][phpmyadmin/index][Mozilla/4.0 (compatible; MSIE 6.0; Windows NT 5.1;Alibaba.Security.Heimdall.5448812.phpmyadmin_login_weak)]
[][phpmyadmin/index][Python-urllib/2.6]
[][phpmyadmin/index][Mozilla/4.0 (compatible; MSIE 6.0; Windows NT 5.1;Alibaba.Security.Heimdall.5448812.phpmyadmin_login_weak)]
[][phpmyadmin/index][Python-urllib/2.6]
[][phpmyadmin/index][Mozilla/4.0 (compatible; MSIE 6.0; Windows NT 5.1;Alibaba.Security.Heimdall.5448812.phpmyadmin_login_weak)]
[][site/index][Mozilla/4.0 (compatible; MSIE 6.0; Windows NT 5.1;Alibaba.Security.Heimdall.5448812.struts-s2-046)]
[][masterStatus/index][Mozilla/4.0 (compatible; MSIE 6.0; Windows NT 5.1;Alibaba.Security.Heimdall.5448812)]
[][showcase/integration][Python-urllib/2.6]
[][struts2Showcase/integration][Python-urllib/2.6]
[][integration/savegangster.action][Python-urllib/2.6]
[][site/index][Mozilla/4.0 (compatible; MSIE 8.0; Windows NT 6.1; Trident/4.0)]
[][site/index][Mozilla/4.0 (compatible; MSIE 6.0; Windows NT 5.1;Alibaba.Security.Heimdall.5448812.wordpress-restapi-editpost)]
[][wpJson/wp][Mozilla/4.0 (compatible; MSIE 6.0; Windows NT 5.1;Alibaba.Security.Heimdall.5448812.wordpress-restapi-editpost)]
[][rsStatus/index][Mozilla/4.0 (compatible; MSIE 6.0; Windows NT 5.1;Alibaba.Security.Heimdall.5448812)]
[][ganglia/index.php][Mozilla/4.0 (compatible; MSIE 6.0; Windows NT 5.1;Alibaba.Security.Heimdall.5448812)]
[][index.php/index][Mozilla/4.0 (compatible; MSIE 6.0; Windows NT 5.1;Alibaba.Security.Heimdall.5448812)]
[][jobs/index][Mozilla/4.0 (compatible; MSIE 6.0; Windows NT 5.1;Alibaba.Security.Heimdall.5448812)]
[][site/index][ is curl request ]
[][vdmwpojifkeg/index][Mozilla/4.0 (compatible; MSIE 6.0; Windows NT 5.1;Alibaba.Security.Heimdall.5448812.elasticsearch_unauthorized)]
[][site/index][Mozilla/4.0 (compatible; MSIE 6.0; Windows NT 5.1;Alibaba.Security.Heimdall.5448812)]
