[139.162.108.53][user/detail][ is curl request ]
[139.162.108.53][user/detail][ is curl request ]
[139.162.108.53][user/detail][ is curl request ]
[][site/index][Mozilla/4.0 (compatible; MSIE 9.0; Windows NT 6.1)]
[][site/index][Mozilla/5.0 (compatible; ArcticFission)]
[][site/index][Scanbot]
[][site/index][Mozilla/5.0 (Windows NT 10.0; WOW64) AppleWebKit/537.36 (KHTML, like Gecko) Chrome/52.0.2743.116 Safari/537.36]
[][phpmyadmin/index][Python-urllib/2.6]
[][phpmyadmin/index][Mozilla/4.0 (compatible; MSIE 6.0; Windows NT 5.1;Alibaba.Security.Heimdall.5448812.phpmyadmin_login_weak)]
[][phpmyadmin/index][Python-urllib/2.6]
[][phpmyadmin/index][Mozilla/4.0 (compatible; MSIE 6.0; Windows NT 5.1;Alibaba.Security.Heimdall.5448812.phpmyadmin_login_weak)]
[][phpmyadmin/index][Python-urllib/2.6]
[][phpmyadmin/index][Mozilla/4.0 (compatible; MSIE 6.0; Windows NT 5.1;Alibaba.Security.Heimdall.5448812.phpmyadmin_login_weak)]
[][phpmyadmin/index][Python-urllib/2.6]
[][phpmyadmin/index][Mozilla/4.0 (compatible; MSIE 6.0; Windows NT 5.1;Alibaba.Security.Heimdall.5448812.phpmyadmin_login_weak)]
[][phpmyadmin/index][Python-urllib/2.6]
[][phpmyadmin/index][Mozilla/4.0 (compatible; MSIE 6.0; Windows NT 5.1;Alibaba.Security.Heimdall.5448812.phpmyadmin_login_weak)]
[][phpmyadmin/index][Python-urllib/2.6]
[][phpmyadmin/index][Mozilla/4.0 (compatible; MSIE 6.0; Windows NT 5.1;Alibaba.Security.Heimdall.5448812.phpmyadmin_login_weak)]
[][phpmyadmin/index][Python-urllib/2.6]
[][phpmyadmin/index][Mozilla/4.0 (compatible; MSIE 6.0; Windows NT 5.1;Alibaba.Security.Heimdall.5448812.phpmyadmin_login_weak)]
[][phpmyadmin/index][Python-urllib/2.6]
[][phpmyadmin/index][Mozilla/4.0 (compatible; MSIE 6.0; Windows NT 5.1;Alibaba.Security.Heimdall.5448812.phpmyadmin_login_weak)]
[][phpmyadmin/index][Python-urllib/2.6]
[][phpmyadmin/index][Mozilla/4.0 (compatible; MSIE 6.0; Windows NT 5.1;Alibaba.Security.Heimdall.5448812.phpmyadmin_login_weak)]
[][phpmyadmin/index][Python-urllib/2.6]
[][phpmyadmin/index][Mozilla/4.0 (compatible; MSIE 6.0; Windows NT 5.1;Alibaba.Security.Heimdall.5448812.phpmyadmin_login_weak)]
[][site/index][Mozilla/4.0 (compatible; MSIE 6.0; Windows NT 5.1;Alibaba.Security.Heimdall.5448812.struts-s2-046)]
