[][masterStatus/index][Mozilla/4.0 (compatible; MSIE 6.0; Windows NT 5.1;Alibaba.Security.Heimdall.5448812)]
[][showcase/integration][Python-urllib/2.6]
[][struts2Showcase/integration][Python-urllib/2.6]
[][integration/savegangster.action][Python-urllib/2.6]
[][site/index][Mozilla/4.0 (compatible; MSIE 6.0; Windows NT 5.1;Alibaba.Security.Heimdall.5448812.wordpress-restapi-editpost)]
[][wpJson/wp][Mozilla/4.0 (compatible; MSIE 6.0; Windows NT 5.1;Alibaba.Security.Heimdall.5448812.wordpress-restapi-editpost)]
[][rsStatus/index][Mozilla/4.0 (compatible; MSIE 6.0; Windows NT 5.1;Alibaba.Security.Heimdall.5448812)]
[][ganglia/index.php][Mozilla/4.0 (compatible; MSIE 6.0; Windows NT 5.1;Alibaba.Security.Heimdall.5448812)]
[][index.php/index][Mozilla/4.0 (compatible; MSIE 6.0; Windows NT 5.1;Alibaba.Security.Heimdall.5448812)]
[][jobs/index][Mozilla/4.0 (compatible; MSIE 6.0; Windows NT 5.1;Alibaba.Security.Heimdall.5448812)]
[][bxdawgyneoip/index][Mozilla/4.0 (compatible; MSIE 6.0; Windows NT 5.1;Alibaba.Security.Heimdall.5448812.elasticsearch_unauthorized)]
[][site/index][Mozilla/4.0 (compatible; MSIE 6.0; Windows NT 5.1;Alibaba.Security.Heimdall.5448812)]
[][site/index][Mozilla/4.0 (compatible; MSIE 6.0; Windows NT 5.1;Alibaba.Security.Heimdall.5448812)]
[][site/index][Mozilla/4.0 (compatible; MSIE 6.0; Windows NT 5.1;Alibaba.Security.Heimdall.5448812)]
[][phpmyadmin/index][Python-urllib/2.6]
[][phpmyadmin/index][Mozilla/4.0 (compatible; MSIE 6.0; Windows NT 5.1;Alibaba.Security.Heimdall.5448812.phpmyadmin_login_weak)]
[][phpmyadmin/index][Python-urllib/2.6]
[][phpmyadmin/index][Mozilla/4.0 (compatible; MSIE 6.0; Windows NT 5.1;Alibaba.Security.Heimdall.5448812.phpmyadmin_login_weak)]
[][phpmyadmin/index][Python-urllib/2.6]
[][phpmyadmin/index][Mozilla/4.0 (compatible; MSIE 6.0; Windows NT 5.1;Alibaba.Security.Heimdall.5448812.phpmyadmin_login_weak)]
[][phpmyadmin/index][Python-urllib/2.6]
[][phpmyadmin/index][Mozilla/4.0 (compatible; MSIE 6.0; Windows NT 5.1;Alibaba.Security.Heimdall.5448812.phpmyadmin_login_weak)]
[][phpmyadmin/index][Python-urllib/2.6]
[][phpmyadmin/index][Mozilla/4.0 (compatible; MSIE 6.0; Windows NT 5.1;Alibaba.Security.Heimdall.5448812.phpmyadmin_login_weak)]
[][phpmyadmin/index][Python-urllib/2.6]
[][phpmyadmin/index][Mozilla/4.0 (compatible; MSIE 6.0; Windows NT 5.1;Alibaba.Security.Heimdall.5448812.phpmyadmin_login_weak)]
[][phpmyadmin/index][Python-urllib/2.6]
[][phpmyadmin/index][Mozilla/4.0 (compatible; MSIE 6.0; Windows NT 5.1;Alibaba.Security.Heimdall.5448812.phpmyadmin_login_weak)]
[][phpmyadmin/index][Python-urllib/2.6]
[][phpmyadmin/index][Mozilla/4.0 (compatible; MSIE 6.0; Windows NT 5.1;Alibaba.Security.Heimdall.5448812.phpmyadmin_login_weak)]
[][phpmyadmin/index][Python-urllib/2.6]
[][phpmyadmin/index][Mozilla/4.0 (compatible; MSIE 6.0; Windows NT 5.1;Alibaba.Security.Heimdall.5448812.phpmyadmin_login_weak)]
[][phpmyadmin/index][Python-urllib/2.6]
[][phpmyadmin/index][Mozilla/4.0 (compatible; MSIE 6.0; Windows NT 5.1;Alibaba.Security.Heimdall.5448812.phpmyadmin_login_weak)]
[][hwi/index][Mozilla/4.0 (compatible; MSIE 6.0; Windows NT 5.1;Alibaba.Security.Heimdall.5448812)]
[][site/index][Mozilla/4.0 (compatible; MSIE 6.0; Windows NT 5.1;Alibaba.Security.Heimdall.5448812.struts-s2-046)]
[][showcase/integration][Python-urllib/2.6]
[][struts2Showcase/integration][Python-urllib/2.6]
[][integration/savegangster.action][Python-urllib/2.6]
[][masterStatus/index][Mozilla/4.0 (compatible; MSIE 6.0; Windows NT 5.1;Alibaba.Security.Heimdall.5448812)]
[][site/index][Mozilla/4.0 (compatible; MSIE 6.0; Windows NT 5.1;Alibaba.Security.Heimdall.5448812.wordpress-restapi-editpost)]
[][wpJson/wp][Mozilla/4.0 (compatible; MSIE 6.0; Windows NT 5.1;Alibaba.Security.Heimdall.5448812.wordpress-restapi-editpost)]
[][rsStatus/index][Mozilla/4.0 (compatible; MSIE 6.0; Windows NT 5.1;Alibaba.Security.Heimdall.5448812)]
[][ganglia/index.php][Mozilla/4.0 (compatible; MSIE 6.0; Windows NT 5.1;Alibaba.Security.Heimdall.5448812)]
[][index.php/index][Mozilla/4.0 (compatible; MSIE 6.0; Windows NT 5.1;Alibaba.Security.Heimdall.5448812)]
[][jobs/index][Mozilla/4.0 (compatible; MSIE 6.0; Windows NT 5.1;Alibaba.Security.Heimdall.5448812)]
[][arwehuntzypg/index][Mozilla/4.0 (compatible; MSIE 6.0; Windows NT 5.1;Alibaba.Security.Heimdall.5448812.elasticsearch_unauthorized)]
[][site/index][Mozilla/4.0 (compatible; MSIE 6.0; Windows NT 5.1;Alibaba.Security.Heimdall.5448812)]
[][site/index][Mozilla/4.0 (compatible; MSIE 6.0; Windows NT 5.1;Alibaba.Security.Heimdall.5448812)]
