PDOException: SQLSTATE[42S22]: Column not found: 1054 Unknown column 'method' in 'where clause' in /data/web/restful/vendor/yoc/db/Command.php:111
Stack trace:
#0 /data/web/restful/vendor/yoc/db/Command.php(111): PDOStatement->execute()
#1 /data/web/restful/vendor/yoc/db/builder/QueryRecord.php(40): yoc\db\Command->one()
#2 /data/web/restful/vendor/yoc/base/Rbac.php(72): yoc\db\builder\QueryRecord->one()
#3 /data/web/restful/vendor/yoc/base/Rbac.php(54): yoc\base\Rbac->saveAuth('adminGroup', 'actionAdd')
#4 /data/web/restful/vendor/yoc/base/Rbac.php(26): yoc\base\Rbac->reflection('app\\controller\\...')
#5 /data/web/restful/app/controller/SiteController.php(102): yoc\base\Rbac::update()
#6 [internal function]: app\controller\SiteController->actionAuth(Object(yoc\http\Request), Object(yoc\http\Response))
#7 /data/web/restful/vendor/yoc/base/Server.php(96): ReflectionMethod->invokeArgs(Object(app\controller\SiteController), Array)
#8 {main}
PDOException: SQLSTATE[42S22]: Column not found: 1054 Unknown column 'method' in 'where clause' in /data/web/restful/vendor/yoc/db/Command.php:111
Stack trace:
#0 /data/web/restful/vendor/yoc/db/Command.php(111): PDOStatement->execute()
#1 /data/web/restful/vendor/yoc/db/builder/QueryRecord.php(40): yoc\db\Command->one()
#2 /data/web/restful/vendor/yoc/base/Rbac.php(73): yoc\db\builder\QueryRecord->one()
#3 /data/web/restful/vendor/yoc/base/Rbac.php(55): yoc\base\Rbac->saveAuth('adminGroup', 'actionAdd')
#4 /data/web/restful/vendor/yoc/base/Rbac.php(26): yoc\base\Rbac->reflection('app\\controller\\...')
#5 /data/web/restful/app/controller/SiteController.php(102): yoc\base\Rbac::update()
#6 [internal function]: app\controller\SiteController->actionAuth(Object(yoc\http\Request), Object(yoc\http\Response))
#7 /data/web/restful/vendor/yoc/base/Server.php(96): ReflectionMethod->invokeArgs(Object(app\controller\SiteController), Array)
#8 {main}
Exception: unknown device on the request in /data/web/restful/app/components/ActiveController.php:36
Stack trace:
#0 [internal function]: app\components\ActiveController->beforeAction(Object(yoc\http\Request))
#1 /data/web/restful/vendor/yoc/event/Event.php(99): call_user_func(Array, Object(yoc\http\Request))
#2 /data/web/restful/vendor/yoc/base/Objects.php(51): yoc\Event\Event::trigger('app\\controller\\...', 'beforeAction', false)
#3 /data/web/restful/vendor/yoc/base/Server.php(94): yoc\base\Objects->trigger('app\\controller\\...', 'beforeAction', false)
#4 {main}
Exception: param id can not empty in /data/web/restful/app/controller/UserController.php:100
Stack trace:
#0 [internal function]: app\controller\UserController->actionDetail(Object(yoc\http\Request), Object(yoc\http\Response))
#1 /data/web/restful/vendor/yoc/base/Server.php(96): ReflectionMethod->invokeArgs(Object(app\controller\UserController), Array)
#2 {main}
Exception: param id can not empty in /data/web/restful/app/controller/UserController.php:100
Stack trace:
#0 [internal function]: app\controller\UserController->actionDetail(Object(yoc\http\Request), Object(yoc\http\Response))
#1 /data/web/restful/vendor/yoc/base/Server.php(96): ReflectionMethod->invokeArgs(Object(app\controller\UserController), Array)
#2 {main}
Exception: http client is finished in /data/web/restful/vendor/yoc/http/Response.php:63
Stack trace:
#0 /data/web/restful/app/controller/FriendGroupController.php(135): yoc\http\Response->send(0, Object(yoc\db\Collection), -1)
#1 [internal function]: app\controller\FriendGroupController->actionList(Object(yoc\http\Request), Object(yoc\http\Response))
#2 /data/web/restful/vendor/yoc/base/Server.php(96): ReflectionMethod->invokeArgs(Object(app\controller\FriendGroupController), Array)
#3 {main}
Exception: param id can not empty in /data/web/restful/app/controller/UserController.php:100
Stack trace:
#0 [internal function]: app\controller\UserController->actionDetail(Object(yoc\http\Request), Object(yoc\http\Response))
#1 /data/web/restful/vendor/yoc/base/Server.php(96): ReflectionMethod->invokeArgs(Object(app\controller\UserController), Array)
#2 {main}
Exception: param id can not empty in /data/web/restful/app/controller/UserController.php:100
Stack trace:
#0 [internal function]: app\controller\UserController->actionDetail(Object(yoc\http\Request), Object(yoc\http\Response))
#1 /data/web/restful/vendor/yoc/base/Server.php(96): ReflectionMethod->invokeArgs(Object(app\controller\UserController), Array)
#2 {main}
Exception: Request Error: Not Find Controller File! in /data/web/restful/vendor/yoc/base/Server.php:138
Stack trace:
#0 /data/web/restful/vendor/yoc/base/Server.php(82): yoc\base\Server->createController('Echo.phpControl...')
#1 {main}
Exception: unknown device on the request in /data/web/restful/app/components/ActiveController.php:36
Stack trace:
#0 [internal function]: app\components\ActiveController->beforeAction(Object(yoc\http\Request))
#1 /data/web/restful/vendor/yoc/event/Event.php(99): call_user_func(Array, Object(yoc\http\Request))
#2 /data/web/restful/vendor/yoc/base/Objects.php(51): yoc\Event\Event::trigger('app\\controller\\...', 'beforeAction', false)
#3 /data/web/restful/vendor/yoc/base/Server.php(94): yoc\base\Objects->trigger('app\\controller\\...', 'beforeAction', false)
#4 {main}
Exception: param id can not empty in /data/web/restful/app/controller/UserController.php:100
Stack trace:
#0 [internal function]: app\controller\UserController->actionDetail(Object(yoc\http\Request), Object(yoc\http\Response))
#1 /data/web/restful/vendor/yoc/base/Server.php(96): ReflectionMethod->invokeArgs(Object(app\controller\UserController), Array)
#2 {main}
Exception: unknown device on the request in /data/web/restful/app/components/ActiveController.php:36
Stack trace:
#0 [internal function]: app\components\ActiveController->beforeAction(Object(yoc\http\Request))
#1 /data/web/restful/vendor/yoc/event/Event.php(99): call_user_func(Array, Object(yoc\http\Request))
#2 /data/web/restful/vendor/yoc/base/Objects.php(51): yoc\Event\Event::trigger('app\\controller\\...', 'beforeAction', false)
#3 /data/web/restful/vendor/yoc/base/Server.php(94): yoc\base\Objects->trigger('app\\controller\\...', 'beforeAction', false)
#4 {main}
Exception: unknown device on the request in /data/web/restful/app/components/ActiveController.php:36
Stack trace:
#0 [internal function]: app\components\ActiveController->beforeAction(Object(yoc\http\Request))
#1 /data/web/restful/vendor/yoc/event/Event.php(99): call_user_func(Array, Object(yoc\http\Request))
#2 /data/web/restful/vendor/yoc/base/Objects.php(51): yoc\Event\Event::trigger('app\\controller\\...', 'beforeAction', false)
#3 /data/web/restful/vendor/yoc/base/Server.php(94): yoc\base\Objects->trigger('app\\controller\\...', 'beforeAction', false)
#4 {main}
Exception: unknown device on the request in /data/web/restful/app/components/ActiveController.php:36
Stack trace:
#0 [internal function]: app\components\ActiveController->beforeAction(Object(yoc\http\Request))
#1 /data/web/restful/vendor/yoc/event/Event.php(99): call_user_func(Array, Object(yoc\http\Request))
#2 /data/web/restful/vendor/yoc/base/Objects.php(51): yoc\Event\Event::trigger('app\\controller\\...', 'beforeAction', false)
#3 /data/web/restful/vendor/yoc/base/Server.php(94): yoc\base\Objects->trigger('app\\controller\\...', 'beforeAction', false)
#4 {main}
Exception: unknown device on the request in /data/web/restful/app/components/ActiveController.php:36
Stack trace:
#0 [internal function]: app\components\ActiveController->beforeAction(Object(yoc\http\Request))
#1 /data/web/restful/vendor/yoc/event/Event.php(99): call_user_func(Array, Object(yoc\http\Request))
#2 /data/web/restful/vendor/yoc/base/Objects.php(51): yoc\Event\Event::trigger('app\\controller\\...', 'beforeAction', false)
#3 /data/web/restful/vendor/yoc/base/Server.php(94): yoc\base\Objects->trigger('app\\controller\\...', 'beforeAction', false)
#4 {main}
Exception: param id can not empty in /data/web/restful/app/controller/UserController.php:100
Stack trace:
#0 [internal function]: app\controller\UserController->actionDetail(Object(yoc\http\Request), Object(yoc\http\Response))
#1 /data/web/restful/vendor/yoc/base/Server.php(96): ReflectionMethod->invokeArgs(Object(app\controller\UserController), Array)
#2 {main}
Exception: unknown device on the request in /data/web/restful/app/components/ActiveController.php:36
Stack trace:
#0 [internal function]: app\components\ActiveController->beforeAction(Object(yoc\http\Request))
#1 /data/web/restful/vendor/yoc/event/Event.php(99): call_user_func(Array, Object(yoc\http\Request))
#2 /data/web/restful/vendor/yoc/base/Objects.php(51): yoc\Event\Event::trigger('app\\controller\\...', 'beforeAction', false)
#3 /data/web/restful/vendor/yoc/base/Server.php(94): yoc\base\Objects->trigger('app\\controller\\...', 'beforeAction', false)
#4 {main}
Exception: Request Error: Not Find Controller File! in /data/web/restful/vendor/yoc/base/Server.php:138
Stack trace:
#0 /data/web/restful/vendor/yoc/base/Server.php(82): yoc\base\Server->createController('VideoController')
#1 {main}
Exception: http client is finished in /data/web/restful/vendor/yoc/http/Response.php:63
Stack trace:
#0 /data/web/restful/vendor/yoc/exception/ErrorHandler.php(185): yoc\http\Response->send(-1, NULL, Array)
#1 /data/web/restful/vendor/yoc/exception/ErrorHandler.php(170): yoc\exception\ErrorHandler->send(-1, NULL, Array)
#2 [internal function]: yoc\exception\ErrorHandler->error_shutdown_function()
#3 {main}
