[2017-10-02 00:00:00] A Error Code: 0, Message:402, In Line :121, At File:/data/web/restful/app/controller/UserController.php
[2017-10-02 00:00:00] A Error Code: 0, Message:402, In Line :121, At File:/data/web/restful/app/controller/UserController.php
[2017-10-02 00:00:00] A Error Code: 0, Message:402, In Line :121, At File:/data/web/restful/app/controller/UserController.php
[2017-10-02 00:00:11] A Error Code: 0, Message:402, In Line :121, At File:/data/web/restful/app/controller/UserController.php
[2017-10-02 00:03:30] A Error Code: 0, Message:402, In Line :121, At File:/data/web/restful/app/controller/UserController.php
[2017-10-02 00:03:30] A Error Code: 0, Message:402, In Line :121, At File:/data/web/restful/app/controller/UserController.php
[2017-10-02 00:03:30] A Error Code: 0, Message:402, In Line :121, At File:/data/web/restful/app/controller/UserController.php
[2017-10-02 00:03:30] A Error Code: 0, Message:402, In Line :121, At File:/data/web/restful/app/controller/UserController.php
[2017-10-02 00:06:06] A Error Code: 0, Message:402, In Line :121, At File:/data/web/restful/app/controller/UserController.php
[2017-10-02 00:13:13] A Error Code: 0, Message:Request Error: Not Find Controller File!data/web/restful/app/controller/PmaController.php, In Line :155, At File:/data/web/restful/vendor/yoc/base/Server.php
[2017-10-02 00:17:25] A Error Code: 0, Message:402, In Line :121, At File:/data/web/restful/app/controller/UserController.php
[2017-10-02 00:17:25] A Error Code: 0, Message:402, In Line :121, At File:/data/web/restful/app/controller/UserController.php
[2017-10-02 00:23:12] A Error Code: 0, Message:402, In Line :121, At File:/data/web/restful/app/controller/UserController.php
[2017-10-02 00:23:12] A Error Code: 0, Message:402, In Line :121, At File:/data/web/restful/app/controller/UserController.php
[2017-10-02 00:23:13] A Error Code: 0, Message:402, In Line :121, At File:/data/web/restful/app/controller/UserController.php
[2017-10-02 00:24:13] A Error Code: 0, Message:402, In Line :121, At File:/data/web/restful/app/controller/UserController.php
[2017-10-02 00:26:27] A Error Code: 0, Message:402, In Line :121, At File:/data/web/restful/app/controller/UserController.php
[2017-10-02 00:26:27] A Error Code: 0, Message:402, In Line :121, At File:/data/web/restful/app/controller/UserController.php
[2017-10-02 00:26:27] A Error Code: 0, Message:402, In Line :121, At File:/data/web/restful/app/controller/UserController.php
[2017-10-02 00:28:04] A Error Code: 0, Message:402, In Line :121, At File:/data/web/restful/app/controller/UserController.php
[2017-10-02 00:28:04] A Error Code: 0, Message:402, In Line :121, At File:/data/web/restful/app/controller/UserController.php
[2017-10-02 00:32:45] A Error Code: 0, Message:402, In Line :121, At File:/data/web/restful/app/controller/UserController.php
[2017-10-02 00:32:45] A Error Code: 0, Message:402, In Line :121, At File:/data/web/restful/app/controller/UserController.php
[2017-10-02 00:47:13] A Error Code: 0, Message:402, In Line :121, At File:/data/web/restful/app/controller/UserController.php
[2017-10-02 00:47:13] A Error Code: 0, Message:402, In Line :121, At File:/data/web/restful/app/controller/UserController.php
[2017-10-02 00:57:07] A Error Code: 0, Message:402, In Line :121, At File:/data/web/restful/app/controller/UserController.php
[2017-10-02 01:16:10] A Error Code: 0, Message:402, In Line :121, At File:/data/web/restful/app/controller/UserController.php
[2017-10-02 01:16:10] A Error Code: 0, Message:402, In Line :121, At File:/data/web/restful/app/controller/UserController.php
[2017-10-02 01:18:45] A Error Code: 0, Message:402, In Line :121, At File:/data/web/restful/app/controller/UserController.php
[2017-10-02 01:20:42] A Error Code: 0, Message:402, In Line :121, At File:/data/web/restful/app/controller/UserController.php
[2017-10-02 01:20:42] A Error Code: 0, Message:402, In Line :121, At File:/data/web/restful/app/controller/UserController.php
[2017-10-02 01:20:42] A Error Code: 0, Message:402, In Line :121, At File:/data/web/restful/app/controller/UserController.php
[2017-10-02 01:20:42] A Error Code: 0, Message:402, In Line :121, At File:/data/web/restful/app/controller/UserController.php
[2017-10-02 01:20:42] A Error Code: 0, Message:402, In Line :121, At File:/data/web/restful/app/controller/UserController.php
[2017-10-02 01:20:42] A Error Code: 0, Message:402, In Line :121, At File:/data/web/restful/app/controller/UserController.php
[2017-10-02 01:20:42] A Error Code: 0, Message:402, In Line :121, At File:/data/web/restful/app/controller/UserController.php
[2017-10-02 01:20:42] A Error Code: 0, Message:402, In Line :121, At File:/data/web/restful/app/controller/UserController.php
[2017-10-02 01:20:42] A Error Code: 0, Message:402, In Line :121, At File:/data/web/restful/app/controller/UserController.php
[2017-10-02 01:20:42] A Error Code: 0, Message:402, In Line :121, At File:/data/web/restful/app/controller/UserController.php
[2017-10-02 01:20:42] A Error Code: 0, Message:402, In Line :121, At File:/data/web/restful/app/controller/UserController.php
[2017-10-02 01:20:42] A Error Code: 0, Message:402, In Line :121, At File:/data/web/restful/app/controller/UserController.php
[2017-10-02 01:20:43] A Error Code: 0, Message:402, In Line :121, At File:/data/web/restful/app/controller/UserController.php
[2017-10-02 01:20:43] A Error Code: 0, Message:402, In Line :121, At File:/data/web/restful/app/controller/UserController.php
[2017-10-02 01:20:43] A Error Code: 0, Message:402, In Line :121, At File:/data/web/restful/app/controller/UserController.php
[2017-10-02 01:20:43] A Error Code: 0, Message:402, In Line :121, At File:/data/web/restful/app/controller/UserController.php
[2017-10-02 01:20:43] A Error Code: 0, Message:402, In Line :121, At File:/data/web/restful/app/controller/UserController.php
[2017-10-02 01:20:43] A Error Code: 0, Message:402, In Line :121, At File:/data/web/restful/app/controller/UserController.php
[2017-10-02 01:20:43] A Error Code: 0, Message:402, In Line :121, At File:/data/web/restful/app/controller/UserController.php
[2017-10-02 01:20:43] A Error Code: 0, Message:402, In Line :121, At File:/data/web/restful/app/controller/UserController.php
[2017-10-02 01:25:40] A Error Code: 0, Message:402, In Line :121, At File:/data/web/restful/app/controller/UserController.php
[2017-10-02 01:25:40] A Error Code: 0, Message:402, In Line :121, At File:/data/web/restful/app/controller/UserController.php
[2017-10-02 01:27:25] A Error Code: 0, Message:402, In Line :121, At File:/data/web/restful/app/controller/UserController.php
[2017-10-02 01:27:25] A Error Code: 0, Message:402, In Line :121, At File:/data/web/restful/app/controller/UserController.php
[2017-10-02 01:30:00] A Error Code: 0, Message:402, In Line :121, At File:/data/web/restful/app/controller/UserController.php
[2017-10-02 01:31:14] A Error Code: 0, Message:402, In Line :121, At File:/data/web/restful/app/controller/UserController.php
[2017-10-02 01:31:14] A Error Code: 0, Message:402, In Line :121, At File:/data/web/restful/app/controller/UserController.php
[2017-10-02 01:31:14] A Error Code: 0, Message:402, In Line :121, At File:/data/web/restful/app/controller/UserController.php
[2017-10-02 01:32:51] A Error Code: 0, Message:402, In Line :121, At File:/data/web/restful/app/controller/UserController.php
[2017-10-02 01:32:51] A Error Code: 0, Message:402, In Line :121, At File:/data/web/restful/app/controller/UserController.php
[2017-10-02 01:32:51] A Error Code: 0, Message:402, In Line :121, At File:/data/web/restful/app/controller/UserController.php
[2017-10-02 01:33:29] A Error Code: 0, Message:402, In Line :121, At File:/data/web/restful/app/controller/UserController.php
[2017-10-02 01:33:39] A Error Code: 0, Message:402, In Line :121, At File:/data/web/restful/app/controller/UserController.php
[2017-10-02 01:37:18] A Error Code: 0, Message:402, In Line :121, At File:/data/web/restful/app/controller/UserController.php
[2017-10-02 01:42:40] A Error Code: 0, Message:402, In Line :121, At File:/data/web/restful/app/controller/UserController.php
[2017-10-02 01:42:40] A Error Code: 0, Message:402, In Line :121, At File:/data/web/restful/app/controller/UserController.php
[2017-10-02 01:42:40] A Error Code: 0, Message:402, In Line :121, At File:/data/web/restful/app/controller/UserController.php
[2017-10-02 01:42:40] A Error Code: 0, Message:402, In Line :121, At File:/data/web/restful/app/controller/UserController.php
[2017-10-02 01:47:23] A Error Code: 0, Message:402, In Line :121, At File:/data/web/restful/app/controller/UserController.php
[2017-10-02 01:51:26] A Error Code: 404, Message:404 not found, In Line :79, At File:/data/web/restful/vendor/yoc/base/Server.php
[2017-10-02 01:52:11] A Error Code: 0, Message:402, In Line :121, At File:/data/web/restful/app/controller/UserController.php
[2017-10-02 01:52:11] A Error Code: 0, Message:402, In Line :121, At File:/data/web/restful/app/controller/UserController.php
[2017-10-02 01:52:31] A Error Code: 0, Message:密码错误, In Line :32, At File:/data/web/restful/app/controller/PhpMyAdminController.php
[2017-10-02 01:52:42] A Error Code: 0, Message:密码错误, In Line :32, At File:/data/web/restful/app/controller/PhpMyAdminController.php
[2017-10-02 01:53:01] A Error Code: 0, Message:402, In Line :121, At File:/data/web/restful/app/controller/UserController.php
[2017-10-02 01:53:35] A Error Code: 0, Message:402, In Line :121, At File:/data/web/restful/app/controller/UserController.php
[2017-10-02 01:54:53] A Error Code: 0, Message:402, In Line :121, At File:/data/web/restful/app/controller/UserController.php
[2017-10-02 01:55:37] A Error Code: 0, Message:402, In Line :121, At File:/data/web/restful/app/controller/UserController.php
[2017-10-02 01:55:37] A Error Code: 0, Message:402, In Line :121, At File:/data/web/restful/app/controller/UserController.php
[2017-10-02 01:55:54] A Error Code: 0, Message:402, In Line :121, At File:/data/web/restful/app/controller/UserController.php
[2017-10-02 01:55:59] A Error Code: 0, Message:402, In Line :121, At File:/data/web/restful/app/controller/UserController.php
[2017-10-02 01:55:59] A Error Code: 0, Message:402, In Line :121, At File:/data/web/restful/app/controller/UserController.php
[2017-10-02 01:57:47] A Error Code: 0, Message:402, In Line :121, At File:/data/web/restful/app/controller/UserController.php
[2017-10-02 01:58:39] A Error Code: 0, Message:402, In Line :121, At File:/data/web/restful/app/controller/UserController.php
[2017-10-02 01:58:55] A Error Code: 0, Message:402, In Line :121, At File:/data/web/restful/app/controller/UserController.php
[2017-10-02 01:59:08] A Error Code: 0, Message:402, In Line :121, At File:/data/web/restful/app/controller/UserController.php
[2017-10-02 01:59:14] A Error Code: 0, Message:402, In Line :121, At File:/data/web/restful/app/controller/UserController.php
[2017-10-02 01:59:18] A Error Code: 0, Message:402, In Line :121, At File:/data/web/restful/app/controller/UserController.php
[2017-10-02 01:59:27] A Error Code: 0, Message:402, In Line :121, At File:/data/web/restful/app/controller/UserController.php
[2017-10-02 01:59:27] A Error Code: 0, Message:402, In Line :121, At File:/data/web/restful/app/controller/UserController.php
[2017-10-02 02:04:14] A Error Code: 0, Message:402, In Line :121, At File:/data/web/restful/app/controller/UserController.php
[2017-10-02 02:07:04] A Error Code: 0, Message:402, In Line :121, At File:/data/web/restful/app/controller/UserController.php
[2017-10-02 02:07:04] A Error Code: 0, Message:402, In Line :121, At File:/data/web/restful/app/controller/UserController.php
[2017-10-02 02:07:04] A Error Code: 0, Message:402, In Line :121, At File:/data/web/restful/app/controller/UserController.php
[2017-10-02 02:07:17] A Error Code: 0, Message:402, In Line :121, At File:/data/web/restful/app/controller/UserController.php
[2017-10-02 02:07:17] A Error Code: 0, Message:402, In Line :121, At File:/data/web/restful/app/controller/UserController.php
[2017-10-02 02:07:17] A Error Code: 0, Message:402, In Line :121, At File:/data/web/restful/app/controller/UserController.php
[2017-10-02 02:08:55] A Error Code: 404, Message:404 not found, In Line :79, At File:/data/web/restful/vendor/yoc/base/Server.php
[2017-10-02 02:10:24] A Error Code: 0, Message:402, In Line :121, At File:/data/web/restful/app/controller/UserController.php
[2017-10-02 02:10:24] A Error Code: 0, Message:402, In Line :121, At File:/data/web/restful/app/controller/UserController.php
[2017-10-02 02:15:21] A Error Code: 0, Message:402, In Line :121, At File:/data/web/restful/app/controller/UserController.php
[2017-10-02 02:15:21] A Error Code: 0, Message:402, In Line :121, At File:/data/web/restful/app/controller/UserController.php
[2017-10-02 02:15:35] A Error Code: 0, Message:402, In Line :121, At File:/data/web/restful/app/controller/UserController.php
[2017-10-02 02:15:35] A Error Code: 0, Message:402, In Line :121, At File:/data/web/restful/app/controller/UserController.php
[2017-10-02 02:17:55] A Error Code: 0, Message:402, In Line :121, At File:/data/web/restful/app/controller/UserController.php
[2017-10-02 02:39:01] A Error Code: 0, Message:402, In Line :121, At File:/data/web/restful/app/controller/UserController.php
[2017-10-02 02:39:01] A Error Code: 0, Message:402, In Line :121, At File:/data/web/restful/app/controller/UserController.php
[2017-10-02 02:39:43] A Error Code: 0, Message:402, In Line :121, At File:/data/web/restful/app/controller/UserController.php
[2017-10-02 02:40:31] A Error Code: 0, Message:402, In Line :121, At File:/data/web/restful/app/controller/UserController.php
[2017-10-02 02:40:31] A Error Code: 0, Message:402, In Line :121, At File:/data/web/restful/app/controller/UserController.php
[2017-10-02 02:40:38] A Error Code: 0, Message:402, In Line :121, At File:/data/web/restful/app/controller/UserController.php
[2017-10-02 02:40:38] A Error Code: 0, Message:402, In Line :121, At File:/data/web/restful/app/controller/UserController.php
[2017-10-02 02:40:45] A Error Code: 0, Message:402, In Line :121, At File:/data/web/restful/app/controller/UserController.php
[2017-10-02 02:40:52] A Error Code: 0, Message:402, In Line :121, At File:/data/web/restful/app/controller/UserController.php
[2017-10-02 02:40:55] A Error Code: 0, Message:402, In Line :121, At File:/data/web/restful/app/controller/UserController.php
[2017-10-02 02:49:20] A Error Code: 0, Message:402, In Line :121, At File:/data/web/restful/app/controller/UserController.php
[2017-10-02 02:49:20] A Error Code: 0, Message:402, In Line :121, At File:/data/web/restful/app/controller/UserController.php
[2017-10-02 02:50:29] A Error Code: 0, Message:402, In Line :121, At File:/data/web/restful/app/controller/UserController.php
[2017-10-02 02:56:37] A Error Code: 404, Message:404 not found, In Line :79, At File:/data/web/restful/vendor/yoc/base/Server.php
[2017-10-02 03:08:58] A Error Code: 0, Message:402, In Line :121, At File:/data/web/restful/app/controller/UserController.php
[2017-10-02 03:21:20] A Error Code: 0, Message:402, In Line :121, At File:/data/web/restful/app/controller/UserController.php
[2017-10-02 03:22:32] A Error Code: 0, Message:402, In Line :121, At File:/data/web/restful/app/controller/UserController.php
[2017-10-02 03:22:32] A Error Code: 0, Message:402, In Line :121, At File:/data/web/restful/app/controller/UserController.php
[2017-10-02 03:23:30] A Error Code: 0, Message:402, In Line :121, At File:/data/web/restful/app/controller/UserController.php
[2017-10-02 03:24:30] A Error Code: 0, Message:402, In Line :121, At File:/data/web/restful/app/controller/UserController.php
[2017-10-02 03:24:30] A Error Code: 0, Message:402, In Line :121, At File:/data/web/restful/app/controller/UserController.php
[2017-10-02 03:31:23] A Error Code: 0, Message:402, In Line :121, At File:/data/web/restful/app/controller/UserController.php
[2017-10-02 03:35:18] A Error Code: 0, Message:402, In Line :121, At File:/data/web/restful/app/controller/UserController.php
[2017-10-02 03:54:03] A Error Code: 0, Message:402, In Line :121, At File:/data/web/restful/app/controller/UserController.php
[2017-10-02 04:14:16] A Error Code: 0, Message:402, In Line :121, At File:/data/web/restful/app/controller/UserController.php
[2017-10-02 04:16:26] A Error Code: 0, Message:Request Error: Not Find Controller File!data/web/restful/app/controller/Robots.txtController.php, In Line :155, At File:/data/web/restful/vendor/yoc/base/Server.php
[2017-10-02 04:16:27] A Error Code: 0, Message:Request Error: Not Find Controller File!data/web/restful/app/controller/Sitemap.xmlController.php, In Line :155, At File:/data/web/restful/vendor/yoc/base/Server.php
[2017-10-02 04:16:28] A Error Code: 404, Message:404 not found, In Line :79, At File:/data/web/restful/vendor/yoc/base/Server.php
[2017-10-02 04:31:26] A Error Code: 0, Message:402, In Line :121, At File:/data/web/restful/app/controller/UserController.php
[2017-10-02 04:31:26] A Error Code: 0, Message:402, In Line :121, At File:/data/web/restful/app/controller/UserController.php
[2017-10-02 04:31:26] A Error Code: 0, Message:402, In Line :121, At File:/data/web/restful/app/controller/UserController.php
[2017-10-02 04:33:53] A Error Code: 0, Message:402, In Line :121, At File:/data/web/restful/app/controller/UserController.php
[2017-10-02 04:36:59] A Error Code: 0, Message:402, In Line :121, At File:/data/web/restful/app/controller/UserController.php
[2017-10-02 04:58:26] A Error Code: 0, Message:402, In Line :121, At File:/data/web/restful/app/controller/UserController.php
[2017-10-02 04:58:26] A Error Code: 0, Message:402, In Line :121, At File:/data/web/restful/app/controller/UserController.php
[2017-10-02 04:58:26] A Error Code: 0, Message:402, In Line :121, At File:/data/web/restful/app/controller/UserController.php
[2017-10-02 07:21:05] A Error Code: 0, Message:Request Error: Not Find Controller File!data/web/restful/app/controller/Rpc2_loginController.php, In Line :155, At File:/data/web/restful/vendor/yoc/base/Server.php
[2017-10-02 07:21:05] A Error Code: 0, Message:Request Error: Not Find Controller File!data/web/restful/app/controller/Rpc2_loginController.php, In Line :155, At File:/data/web/restful/vendor/yoc/base/Server.php
[2017-10-02 07:21:07] A Error Code: 0, Message:Request Error: Not Find Controller File!data/web/restful/app/controller/IsapiController.php, In Line :155, At File:/data/web/restful/vendor/yoc/base/Server.php
[2017-10-02 07:21:07] A Error Code: 0, Message:Request Error: Not Find Controller File!data/web/restful/app/controller/IsapiController.php, In Line :155, At File:/data/web/restful/vendor/yoc/base/Server.php
[2017-10-02 07:21:09] A Error Code: 0, Message:Request Error: Not Find Controller File!data/web/restful/app/controller/PsiaController.php, In Line :155, At File:/data/web/restful/vendor/yoc/base/Server.php
[2017-10-02 07:21:09] A Error Code: 0, Message:Request Error: Not Find Controller File!data/web/restful/app/controller/PsiaController.php, In Line :155, At File:/data/web/restful/vendor/yoc/base/Server.php
[2017-10-02 07:21:13] A Error Code: 0, Message:Request Error: Not Find Controller File!data/web/restful/app/controller/IsapiController.php, In Line :155, At File:/data/web/restful/vendor/yoc/base/Server.php
[2017-10-02 07:21:14] A Error Code: 0, Message:Request Error: Not Find Controller File!data/web/restful/app/controller/IsapiController.php, In Line :155, At File:/data/web/restful/vendor/yoc/base/Server.php
[2017-10-02 07:21:14] A Error Code: 0, Message:Request Error: Not Find Controller File!data/web/restful/app/controller/Monitor2.htmController.php, In Line :155, At File:/data/web/restful/vendor/yoc/base/Server.php
[2017-10-02 07:21:17] A Error Code: 0, Message:Request Error: Not Find Controller File!data/web/restful/app/controller/Monitor2.htmController.php, In Line :155, At File:/data/web/restful/vendor/yoc/base/Server.php
[2017-10-02 07:21:17] A Error Code: 0, Message:Request Error: Not Find Controller File!data/web/restful/app/controller/Monitor2.htmController.php, In Line :155, At File:/data/web/restful/vendor/yoc/base/Server.php
[2017-10-02 07:21:18] A Error Code: 0, Message:Request Error: Not Find Controller File!data/web/restful/app/controller/Monitor2.htmController.php, In Line :155, At File:/data/web/restful/vendor/yoc/base/Server.php
[2017-10-02 07:21:18] A Error Code: 0, Message:Request Error: Not Find Controller File!data/web/restful/app/controller/Monitor2.htmController.php, In Line :155, At File:/data/web/restful/vendor/yoc/base/Server.php
[2017-10-02 07:21:19] A Error Code: 0, Message:Request Error: Not Find Controller File!data/web/restful/app/controller/Monitor2.htmController.php, In Line :155, At File:/data/web/restful/vendor/yoc/base/Server.php
[2017-10-02 07:21:19] A Error Code: 0, Message:Request Error: Not Find Controller File!data/web/restful/app/controller/Index.htmController.php, In Line :155, At File:/data/web/restful/vendor/yoc/base/Server.php
[2017-10-02 07:21:24] A Error Code: 0, Message:Request Error: Not Find Controller File!data/web/restful/app/controller/Index.htmController.php, In Line :155, At File:/data/web/restful/vendor/yoc/base/Server.php
[2017-10-02 07:21:25] A Error Code: 0, Message:Request Error: Not Find Controller File!data/web/restful/app/controller/Index.htmController.php, In Line :155, At File:/data/web/restful/vendor/yoc/base/Server.php
[2017-10-02 07:21:28] A Error Code: 0, Message:Request Error: Not Find Controller File!data/web/restful/app/controller/Index.htmController.php, In Line :155, At File:/data/web/restful/vendor/yoc/base/Server.php
[2017-10-02 07:21:29] A Error Code: 0, Message:Request Error: Not Find Controller File!data/web/restful/app/controller/Index.htmController.php, In Line :155, At File:/data/web/restful/vendor/yoc/base/Server.php
[2017-10-02 07:21:31] A Error Code: 0, Message:Request Error: Not Find Controller File!data/web/restful/app/controller/Index.htmController.php, In Line :155, At File:/data/web/restful/vendor/yoc/base/Server.php
[2017-10-02 07:21:44] A Error Code: 0, Message:402, In Line :121, At File:/data/web/restful/app/controller/UserController.php
[2017-10-02 07:21:44] A Error Code: 0, Message:402, In Line :121, At File:/data/web/restful/app/controller/UserController.php
[2017-10-02 07:21:44] A Error Code: 42S22, Message:SQLSTATE[42S22]: Column not found: 1054 Unknown column 'deleted' in 'where clause', In Line :120, At File:/data/web/restful/vendor/yoc/db/Command.php
[2017-10-02 08:39:02] A Error Code: 0, Message:402, In Line :121, At File:/data/web/restful/app/controller/UserController.php
[2017-10-02 08:39:02] A Error Code: 0, Message:402, In Line :121, At File:/data/web/restful/app/controller/UserController.php
[2017-10-02 08:39:02] A Error Code: 0, Message:402, In Line :121, At File:/data/web/restful/app/controller/UserController.php
[2017-10-02 09:07:36] A Error Code: 0, Message:402, In Line :121, At File:/data/web/restful/app/controller/UserController.php
[2017-10-02 09:07:36] A Error Code: 0, Message:402, In Line :121, At File:/data/web/restful/app/controller/UserController.php
[2017-10-02 09:07:36] A Error Code: 0, Message:402, In Line :121, At File:/data/web/restful/app/controller/UserController.php
[2017-10-02 09:07:37] A Error Code: 0, Message:402, In Line :121, At File:/data/web/restful/app/controller/UserController.php
[2017-10-02 09:07:38] A Error Code: 0, Message:402, In Line :121, At File:/data/web/restful/app/controller/UserController.php
[2017-10-02 09:07:42] A Error Code: 0, Message:402, In Line :121, At File:/data/web/restful/app/controller/UserController.php
[2017-10-02 09:07:48] A Error Code: 0, Message:402, In Line :121, At File:/data/web/restful/app/controller/UserController.php
[2017-10-02 09:07:49] A Error Code: 0, Message:402, In Line :121, At File:/data/web/restful/app/controller/UserController.php
[2017-10-02 09:07:51] A Error Code: 0, Message:402, In Line :121, At File:/data/web/restful/app/controller/UserController.php
[2017-10-02 09:07:55] A Error Code: 0, Message:402, In Line :121, At File:/data/web/restful/app/controller/UserController.php
[2017-10-02 09:07:58] A Error Code: 0, Message:402, In Line :121, At File:/data/web/restful/app/controller/UserController.php
[2017-10-02 09:07:59] A Error Code: 0, Message:402, In Line :121, At File:/data/web/restful/app/controller/UserController.php
[2017-10-02 09:08:01] A Error Code: 0, Message:402, In Line :121, At File:/data/web/restful/app/controller/UserController.php
[2017-10-02 09:24:20] A Error Code: 0, Message:402, In Line :121, At File:/data/web/restful/app/controller/UserController.php
[2017-10-02 09:24:20] A Error Code: 0, Message:402, In Line :121, At File:/data/web/restful/app/controller/UserController.php
[2017-10-02 09:24:21] A Error Code: 0, Message:402, In Line :121, At File:/data/web/restful/app/controller/UserController.php
[2017-10-02 09:24:22] A Error Code: 0, Message:402, In Line :121, At File:/data/web/restful/app/controller/UserController.php
[2017-10-02 09:52:10] A Error Code: 0, Message:key password can not empty, In Line :118, At File:/data/web/restful/vendor/yoc/http/Input.php
[2017-10-02 10:03:34] A Error Code: 0, Message:402, In Line :121, At File:/data/web/restful/app/controller/UserController.php
[2017-10-02 10:03:34] A Error Code: 0, Message:402, In Line :121, At File:/data/web/restful/app/controller/UserController.php
[2017-10-02 10:03:34] A Error Code: 0, Message:402, In Line :121, At File:/data/web/restful/app/controller/UserController.php
[2017-10-02 10:04:57] A Error Code: 0, Message:402, In Line :121, At File:/data/web/restful/app/controller/UserController.php
[2017-10-02 10:04:57] A Error Code: 0, Message:402, In Line :121, At File:/data/web/restful/app/controller/UserController.php
[2017-10-02 10:04:58] A Error Code: 0, Message:402, In Line :121, At File:/data/web/restful/app/controller/UserController.php
[2017-10-02 10:05:16] A Error Code: 0, Message:402, In Line :121, At File:/data/web/restful/app/controller/UserController.php
[2017-10-02 10:05:19] A Error Code: 0, Message:402, In Line :121, At File:/data/web/restful/app/controller/UserController.php
[2017-10-02 10:19:37] A Error Code: HY000, Message:SQLSTATE[HY000]: General error: 1364 Field 'groupId' doesn't have a default value, In Line :175, At File:/data/web/restful/vendor/yoc/db/Command.php
[2017-10-02 10:52:32] A Error Code: 0, Message:402, In Line :121, At File:/data/web/restful/app/controller/UserController.php
[2017-10-02 10:52:32] A Error Code: 0, Message:402, In Line :121, At File:/data/web/restful/app/controller/UserController.php
[2017-10-02 10:52:32] A Error Code: 0, Message:402, In Line :121, At File:/data/web/restful/app/controller/UserController.php
[2017-10-02 10:52:32] A Error Code: 0, Message:402, In Line :121, At File:/data/web/restful/app/controller/UserController.php
[2017-10-02 10:53:13] A Error Code: 0, Message:402, In Line :121, At File:/data/web/restful/app/controller/UserController.php
[2017-10-02 10:53:25] A Error Code: 0, Message:402, In Line :121, At File:/data/web/restful/app/controller/UserController.php
[2017-10-02 10:53:25] A Error Code: 0, Message:402, In Line :121, At File:/data/web/restful/app/controller/UserController.php
[2017-10-02 10:53:25] A Error Code: 0, Message:402, In Line :121, At File:/data/web/restful/app/controller/UserController.php
[2017-10-02 11:01:58] A Error Code: 0, Message:402, In Line :121, At File:/data/web/restful/app/controller/UserController.php
[2017-10-02 11:57:28] A Error Code: 0, Message:402, In Line :121, At File:/data/web/restful/app/controller/UserController.php
[2017-10-02 12:05:56] A Error Code: 0, Message:Request Error: Not Find Controller File!data/web/restful/app/controller/PhpmyadminController.php, In Line :155, At File:/data/web/restful/vendor/yoc/base/Server.php
[2017-10-02 12:07:14] A Error Code: 0, Message:Request Error: Not Find Controller File!data/web/restful/app/controller/PmaController.php, In Line :155, At File:/data/web/restful/vendor/yoc/base/Server.php
[2017-10-02 12:08:32] A Error Code: 0, Message:Request Error: Not Find Controller File!data/web/restful/app/controller/MyadminController.php, In Line :155, At File:/data/web/restful/vendor/yoc/base/Server.php
[2017-10-02 12:23:27] A Error Code: 0, Message:key password can not empty, In Line :100, At File:/data/web/restful/vendor/yoc/http/Input.php
[2017-10-02 12:31:53] A Error Code: 0, Message:密码错误, In Line :32, At File:/data/web/restful/app/controller/PhpMyAdminController.php
[2017-10-02 12:32:43] A Error Code: 0, Message:There is already an active transaction, In Line :244, At File:/data/web/restful/vendor/yoc/db/Connect.php
[2017-10-02 12:32:47] A Error Code: 0, Message:There is already an active transaction, In Line :244, At File:/data/web/restful/vendor/yoc/db/Connect.php
[2017-10-02 12:36:42] A Error Code: 404, Message:404 not found, In Line :79, At File:/data/web/restful/vendor/yoc/base/Server.php
[2017-10-02 12:46:51] A Error Code: 0, Message:402, In Line :121, At File:/data/web/restful/app/controller/UserController.php
[2017-10-02 12:46:51] A Error Code: 0, Message:402, In Line :121, At File:/data/web/restful/app/controller/UserController.php
[2017-10-02 13:07:49] A Error Code: 0, Message:402, In Line :121, At File:/data/web/restful/app/controller/UserController.php
[2017-10-02 13:07:49] A Error Code: 0, Message:402, In Line :121, At File:/data/web/restful/app/controller/UserController.php
[2017-10-02 13:07:50] A Error Code: 0, Message:402, In Line :121, At File:/data/web/restful/app/controller/UserController.php
[2017-10-02 13:07:50] A Error Code: 0, Message:402, In Line :121, At File:/data/web/restful/app/controller/UserController.php
[2017-10-02 13:10:08] A Error Code: 0, Message:402, In Line :121, At File:/data/web/restful/app/controller/UserController.php
[2017-10-02 13:10:08] A Error Code: 0, Message:402, In Line :121, At File:/data/web/restful/app/controller/UserController.php
[2017-10-02 13:10:08] A Error Code: 0, Message:402, In Line :121, At File:/data/web/restful/app/controller/UserController.php
[2017-10-02 13:10:08] A Error Code: 0, Message:402, In Line :121, At File:/data/web/restful/app/controller/UserController.php
[2017-10-02 13:10:08] A Error Code: 0, Message:402, In Line :121, At File:/data/web/restful/app/controller/UserController.php
[2017-10-02 13:10:09] A Error Code: 0, Message:402, In Line :121, At File:/data/web/restful/app/controller/UserController.php
[2017-10-02 13:10:09] A Error Code: 0, Message:402, In Line :121, At File:/data/web/restful/app/controller/UserController.php
[2017-10-02 13:10:09] A Error Code: 0, Message:402, In Line :121, At File:/data/web/restful/app/controller/UserController.php
[2017-10-02 13:10:09] A Error Code: 0, Message:402, In Line :121, At File:/data/web/restful/app/controller/UserController.php
[2017-10-02 13:10:09] A Error Code: 0, Message:402, In Line :121, At File:/data/web/restful/app/controller/UserController.php
[2017-10-02 13:10:09] A Error Code: 0, Message:402, In Line :121, At File:/data/web/restful/app/controller/UserController.php
[2017-10-02 13:10:09] A Error Code: 0, Message:402, In Line :121, At File:/data/web/restful/app/controller/UserController.php
[2017-10-02 13:10:09] A Error Code: 0, Message:402, In Line :121, At File:/data/web/restful/app/controller/UserController.php
[2017-10-02 13:10:09] A Error Code: 0, Message:402, In Line :121, At File:/data/web/restful/app/controller/UserController.php
[2017-10-02 13:10:09] A Error Code: 0, Message:402, In Line :121, At File:/data/web/restful/app/controller/UserController.php
[2017-10-02 13:10:09] A Error Code: 0, Message:402, In Line :121, At File:/data/web/restful/app/controller/UserController.php
[2017-10-02 13:10:09] A Error Code: 0, Message:402, In Line :121, At File:/data/web/restful/app/controller/UserController.php
[2017-10-02 13:10:09] A Error Code: 0, Message:402, In Line :121, At File:/data/web/restful/app/controller/UserController.php
[2017-10-02 13:10:09] A Error Code: 0, Message:402, In Line :121, At File:/data/web/restful/app/controller/UserController.php
[2017-10-02 13:10:09] A Error Code: 0, Message:402, In Line :121, At File:/data/web/restful/app/controller/UserController.php
[2017-10-02 13:17:05] A Error Code: 0, Message:402, In Line :121, At File:/data/web/restful/app/controller/UserController.php
[2017-10-02 13:17:05] A Error Code: 0, Message:402, In Line :121, At File:/data/web/restful/app/controller/UserController.php
[2017-10-02 13:17:05] A Error Code: 0, Message:402, In Line :121, At File:/data/web/restful/app/controller/UserController.php
[2017-10-02 13:24:44] A Error Code: 0, Message:402, In Line :121, At File:/data/web/restful/app/controller/UserController.php
[2017-10-02 13:24:44] A Error Code: 0, Message:402, In Line :121, At File:/data/web/restful/app/controller/UserController.php
[2017-10-02 13:24:44] A Error Code: 0, Message:402, In Line :121, At File:/data/web/restful/app/controller/UserController.php
[2017-10-02 13:24:57] A Error Code: 0, Message:402, In Line :121, At File:/data/web/restful/app/controller/UserController.php
[2017-10-02 13:31:53] A Error Code: 0, Message:402, In Line :121, At File:/data/web/restful/app/controller/UserController.php
[2017-10-02 13:31:53] A Error Code: 0, Message:402, In Line :121, At File:/data/web/restful/app/controller/UserController.php
[2017-10-02 13:31:53] A Error Code: 0, Message:402, In Line :121, At File:/data/web/restful/app/controller/UserController.php
[2017-10-02 13:31:53] A Error Code: 0, Message:402, In Line :121, At File:/data/web/restful/app/controller/UserController.php
[2017-10-02 13:35:35] A Error Code: 0, Message:402, In Line :121, At File:/data/web/restful/app/controller/UserController.php
[2017-10-02 13:39:00] A Error Code: 0, Message:402, In Line :121, At File:/data/web/restful/app/controller/UserController.php
[2017-10-02 13:39:00] A Error Code: 0, Message:402, In Line :121, At File:/data/web/restful/app/controller/UserController.php
[2017-10-02 13:40:32] A Error Code: 0, Message:402, In Line :121, At File:/data/web/restful/app/controller/UserController.php
[2017-10-02 13:40:32] A Error Code: 0, Message:402, In Line :121, At File:/data/web/restful/app/controller/UserController.php
[2017-10-02 13:44:30] A Error Code: 0, Message:402, In Line :121, At File:/data/web/restful/app/controller/UserController.php
[2017-10-02 13:47:47] A Error Code: 0, Message:402, In Line :121, At File:/data/web/restful/app/controller/UserController.php
[2017-10-02 13:47:47] A Error Code: 0, Message:402, In Line :121, At File:/data/web/restful/app/controller/UserController.php
[2017-10-02 13:47:47] A Error Code: 0, Message:402, In Line :121, At File:/data/web/restful/app/controller/UserController.php
[2017-10-02 13:50:02] A Error Code: 0, Message:402, In Line :121, At File:/data/web/restful/app/controller/UserController.php
[2017-10-02 13:50:02] A Error Code: 0, Message:402, In Line :121, At File:/data/web/restful/app/controller/UserController.php
[2017-10-02 13:54:58] A Error Code: 0, Message:402, In Line :121, At File:/data/web/restful/app/controller/UserController.php
[2017-10-02 13:54:58] A Error Code: 0, Message:402, In Line :121, At File:/data/web/restful/app/controller/UserController.php
[2017-10-02 13:55:39] A Error Code: 0, Message:402, In Line :121, At File:/data/web/restful/app/controller/UserController.php
[2017-10-02 13:55:39] A Error Code: 0, Message:402, In Line :121, At File:/data/web/restful/app/controller/UserController.php
[2017-10-02 14:00:57] A Error Code: 0, Message:402, In Line :121, At File:/data/web/restful/app/controller/UserController.php
[2017-10-02 14:09:12] A Error Code: 0, Message:402, In Line :121, At File:/data/web/restful/app/controller/UserController.php
[2017-10-02 14:09:12] A Error Code: 0, Message:402, In Line :121, At File:/data/web/restful/app/controller/UserController.php
[2017-10-02 14:09:44] A Error Code: 0, Message:402, In Line :121, At File:/data/web/restful/app/controller/UserController.php
[2017-10-02 14:10:00] A Error Code: 0, Message:402, In Line :121, At File:/data/web/restful/app/controller/UserController.php
[2017-10-02 14:10:00] A Error Code: 0, Message:402, In Line :121, At File:/data/web/restful/app/controller/UserController.php
[2017-10-02 14:10:03] A Error Code: 0, Message:402, In Line :121, At File:/data/web/restful/app/controller/UserController.php
[2017-10-02 14:10:03] A Error Code: 0, Message:402, In Line :121, At File:/data/web/restful/app/controller/UserController.php
[2017-10-02 14:10:06] A Error Code: 0, Message:402, In Line :121, At File:/data/web/restful/app/controller/UserController.php
[2017-10-02 14:10:09] A Error Code: 0, Message:402, In Line :121, At File:/data/web/restful/app/controller/UserController.php
[2017-10-02 14:10:10] A Error Code: 0, Message:402, In Line :121, At File:/data/web/restful/app/controller/UserController.php
[2017-10-02 14:10:19] A Error Code: 0, Message:402, In Line :121, At File:/data/web/restful/app/controller/UserController.php
[2017-10-02 14:10:19] A Error Code: 0, Message:402, In Line :121, At File:/data/web/restful/app/controller/UserController.php
[2017-10-02 14:10:21] A Error Code: 0, Message:402, In Line :121, At File:/data/web/restful/app/controller/UserController.php
[2017-10-02 14:10:25] A Error Code: 0, Message:402, In Line :121, At File:/data/web/restful/app/controller/UserController.php
[2017-10-02 14:18:15] A Error Code: 0, Message:402, In Line :121, At File:/data/web/restful/app/controller/UserController.php
[2017-10-02 14:20:32] A Error Code: 0, Message:402, In Line :121, At File:/data/web/restful/app/controller/UserController.php
[2017-10-02 14:20:32] A Error Code: 0, Message:402, In Line :121, At File:/data/web/restful/app/controller/UserController.php
[2017-10-02 14:21:09] A Error Code: 0, Message:402, In Line :121, At File:/data/web/restful/app/controller/UserController.php
[2017-10-02 14:23:10] A Error Code: 0, Message:402, In Line :121, At File:/data/web/restful/app/controller/UserController.php
[2017-10-02 14:23:59] A Error Code: 0, Message:402, In Line :121, At File:/data/web/restful/app/controller/UserController.php
[2017-10-02 14:23:59] A Error Code: 0, Message:402, In Line :121, At File:/data/web/restful/app/controller/UserController.php
[2017-10-02 14:36:37] A Error Code: 0, Message:402, In Line :121, At File:/data/web/restful/app/controller/UserController.php
[2017-10-02 14:39:39] A Error Code: 0, Message:402, In Line :121, At File:/data/web/restful/app/controller/UserController.php
[2017-10-02 14:39:39] A Error Code: 0, Message:402, In Line :121, At File:/data/web/restful/app/controller/UserController.php
[2017-10-02 14:39:39] A Error Code: 42S22, Message:SQLSTATE[42S22]: Column not found: 1054 Unknown column 'deleted' in 'where clause', In Line :120, At File:/data/web/restful/vendor/yoc/db/Command.php
[2017-10-02 14:41:41] A Error Code: 0, Message:402, In Line :121, At File:/data/web/restful/app/controller/UserController.php
[2017-10-02 14:45:26] A Error Code: 0, Message:402, In Line :121, At File:/data/web/restful/app/controller/UserController.php
[2017-10-02 14:51:36] A Error Code: 0, Message:402, In Line :121, At File:/data/web/restful/app/controller/UserController.php
[2017-10-02 14:57:36] A Error Code: 0, Message:402, In Line :121, At File:/data/web/restful/app/controller/UserController.php
[2017-10-02 15:01:35] A Error Code: 0, Message:402, In Line :121, At File:/data/web/restful/app/controller/UserController.php
[2017-10-02 15:29:01] A Error Code: 0, Message:Request Error: Not Find Controller File!data/web/restful/app/controller/CacheController.php, In Line :155, At File:/data/web/restful/vendor/yoc/base/Server.php
[2017-10-02 15:35:02] A Error Code: 0, Message:402, In Line :121, At File:/data/web/restful/app/controller/UserController.php
[2017-10-02 15:35:02] A Error Code: 0, Message:402, In Line :121, At File:/data/web/restful/app/controller/UserController.php
[2017-10-02 15:35:03] A Error Code: 0, Message:402, In Line :121, At File:/data/web/restful/app/controller/UserController.php
[2017-10-02 15:35:04] A Error Code: 0, Message:402, In Line :121, At File:/data/web/restful/app/controller/UserController.php
[2017-10-02 15:46:03] A Error Code: 0, Message:402, In Line :121, At File:/data/web/restful/app/controller/UserController.php
[2017-10-02 16:41:43] A Error Code: 0, Message:402, In Line :121, At File:/data/web/restful/app/controller/UserController.php
[2017-10-02 16:41:43] A Error Code: 0, Message:402, In Line :121, At File:/data/web/restful/app/controller/UserController.php
[2017-10-02 16:41:44] A Error Code: 0, Message:402, In Line :121, At File:/data/web/restful/app/controller/UserController.php
[2017-10-02 17:15:18] A Error Code: 0, Message:Request Error: Not Find Controller File!data/web/restful/app/controller/SController.php, In Line :155, At File:/data/web/restful/vendor/yoc/base/Server.php
[2017-10-02 17:32:05] A Error Code: 0, Message:Request Error: Not Find Controller File!data/web/restful/app/controller/SController.php, In Line :155, At File:/data/web/restful/vendor/yoc/base/Server.php
[2017-10-02 18:02:48] A Error Code: 0, Message:402, In Line :121, At File:/data/web/restful/app/controller/UserController.php
[2017-10-02 18:02:48] A Error Code: 0, Message:402, In Line :121, At File:/data/web/restful/app/controller/UserController.php
[2017-10-02 18:02:49] A Error Code: 0, Message:402, In Line :121, At File:/data/web/restful/app/controller/UserController.php
[2017-10-02 18:02:50] A Error Code: 0, Message:402, In Line :121, At File:/data/web/restful/app/controller/UserController.php
[2017-10-02 18:13:40] A Error Code: 0, Message:402, In Line :121, At File:/data/web/restful/app/controller/UserController.php
[2017-10-02 18:13:40] A Error Code: 0, Message:402, In Line :121, At File:/data/web/restful/app/controller/UserController.php
[2017-10-02 18:13:40] A Error Code: 0, Message:402, In Line :121, At File:/data/web/restful/app/controller/UserController.php
[2017-10-02 18:13:41] A Error Code: 0, Message:402, In Line :121, At File:/data/web/restful/app/controller/UserController.php
[2017-10-02 18:13:41] A Error Code: 0, Message:402, In Line :121, At File:/data/web/restful/app/controller/UserController.php
[2017-10-02 18:13:41] A Error Code: 0, Message:402, In Line :121, At File:/data/web/restful/app/controller/UserController.php
[2017-10-02 18:13:41] A Error Code: 0, Message:402, In Line :121, At File:/data/web/restful/app/controller/UserController.php
[2017-10-02 18:13:41] A Error Code: 0, Message:402, In Line :121, At File:/data/web/restful/app/controller/UserController.php
[2017-10-02 18:13:41] A Error Code: 0, Message:402, In Line :121, At File:/data/web/restful/app/controller/UserController.php
[2017-10-02 18:13:41] A Error Code: 0, Message:402, In Line :121, At File:/data/web/restful/app/controller/UserController.php
[2017-10-02 18:13:41] A Error Code: 0, Message:402, In Line :121, At File:/data/web/restful/app/controller/UserController.php
[2017-10-02 18:13:41] A Error Code: 0, Message:402, In Line :121, At File:/data/web/restful/app/controller/UserController.php
[2017-10-02 18:13:41] A Error Code: 0, Message:402, In Line :121, At File:/data/web/restful/app/controller/UserController.php
[2017-10-02 18:13:41] A Error Code: 0, Message:402, In Line :121, At File:/data/web/restful/app/controller/UserController.php
[2017-10-02 18:13:41] A Error Code: 0, Message:402, In Line :121, At File:/data/web/restful/app/controller/UserController.php
[2017-10-02 18:13:41] A Error Code: 0, Message:402, In Line :121, At File:/data/web/restful/app/controller/UserController.php
[2017-10-02 18:13:41] A Error Code: 0, Message:402, In Line :121, At File:/data/web/restful/app/controller/UserController.php
[2017-10-02 18:13:41] A Error Code: 0, Message:402, In Line :121, At File:/data/web/restful/app/controller/UserController.php
[2017-10-02 18:13:41] A Error Code: 0, Message:402, In Line :121, At File:/data/web/restful/app/controller/UserController.php
[2017-10-02 18:13:41] A Error Code: 0, Message:402, In Line :121, At File:/data/web/restful/app/controller/UserController.php
[2017-10-02 18:15:30] A Error Code: 0, Message:Request Error: Not Find Controller File!data/web/restful/app/controller/PhpmyadminController.php, In Line :155, At File:/data/web/restful/vendor/yoc/base/Server.php
[2017-10-02 18:15:30] A Error Code: 0, Message:Request Error: Not Find Controller File!data/web/restful/app/controller/PhpmyadminController.php, In Line :155, At File:/data/web/restful/vendor/yoc/base/Server.php
[2017-10-02 18:15:31] A Error Code: 0, Message:Request Error: Not Find Controller File!data/web/restful/app/controller/PhpmyadminController.php, In Line :155, At File:/data/web/restful/vendor/yoc/base/Server.php
[2017-10-02 18:15:31] A Error Code: 0, Message:Request Error: Not Find Controller File!data/web/restful/app/controller/PhpmyadminController.php, In Line :155, At File:/data/web/restful/vendor/yoc/base/Server.php
[2017-10-02 18:15:32] A Error Code: 0, Message:Request Error: Not Find Controller File!data/web/restful/app/controller/PhpmyadminController.php, In Line :155, At File:/data/web/restful/vendor/yoc/base/Server.php
[2017-10-02 18:15:32] A Error Code: 0, Message:Request Error: Not Find Controller File!data/web/restful/app/controller/PhpmyadminController.php, In Line :155, At File:/data/web/restful/vendor/yoc/base/Server.php
[2017-10-02 18:15:33] A Error Code: 0, Message:Request Error: Not Find Controller File!data/web/restful/app/controller/PhpmyadminController.php, In Line :155, At File:/data/web/restful/vendor/yoc/base/Server.php
[2017-10-02 18:15:33] A Error Code: 0, Message:Request Error: Not Find Controller File!data/web/restful/app/controller/PhpmyadminController.php, In Line :155, At File:/data/web/restful/vendor/yoc/base/Server.php
[2017-10-02 18:15:34] A Error Code: 0, Message:Request Error: Not Find Controller File!data/web/restful/app/controller/PhpmyadminController.php, In Line :155, At File:/data/web/restful/vendor/yoc/base/Server.php
[2017-10-02 18:15:34] A Error Code: 0, Message:Request Error: Not Find Controller File!data/web/restful/app/controller/PhpmyadminController.php, In Line :155, At File:/data/web/restful/vendor/yoc/base/Server.php
[2017-10-02 18:15:35] A Error Code: 0, Message:Request Error: Not Find Controller File!data/web/restful/app/controller/PhpmyadminController.php, In Line :155, At File:/data/web/restful/vendor/yoc/base/Server.php
[2017-10-02 18:15:35] A Error Code: 0, Message:Request Error: Not Find Controller File!data/web/restful/app/controller/PhpmyadminController.php, In Line :155, At File:/data/web/restful/vendor/yoc/base/Server.php
[2017-10-02 18:15:36] A Error Code: 0, Message:Request Error: Not Find Controller File!data/web/restful/app/controller/PhpmyadminController.php, In Line :155, At File:/data/web/restful/vendor/yoc/base/Server.php
[2017-10-02 18:15:36] A Error Code: 0, Message:Request Error: Not Find Controller File!data/web/restful/app/controller/PhpmyadminController.php, In Line :155, At File:/data/web/restful/vendor/yoc/base/Server.php
[2017-10-02 18:15:37] A Error Code: 0, Message:Request Error: Not Find Controller File!data/web/restful/app/controller/PhpmyadminController.php, In Line :155, At File:/data/web/restful/vendor/yoc/base/Server.php
[2017-10-02 18:15:37] A Error Code: 0, Message:Request Error: Not Find Controller File!data/web/restful/app/controller/PhpmyadminController.php, In Line :155, At File:/data/web/restful/vendor/yoc/base/Server.php
[2017-10-02 18:15:38] A Error Code: 0, Message:Request Error: Not Find Controller File!data/web/restful/app/controller/PhpmyadminController.php, In Line :155, At File:/data/web/restful/vendor/yoc/base/Server.php
[2017-10-02 18:15:38] A Error Code: 0, Message:Request Error: Not Find Controller File!data/web/restful/app/controller/PhpmyadminController.php, In Line :155, At File:/data/web/restful/vendor/yoc/base/Server.php
[2017-10-02 18:15:39] A Error Code: 0, Message:Request Error: Not Find Controller File!data/web/restful/app/controller/PhpmyadminController.php, In Line :155, At File:/data/web/restful/vendor/yoc/base/Server.php
[2017-10-02 18:15:39] A Error Code: 0, Message:Request Error: Not Find Controller File!data/web/restful/app/controller/PhpmyadminController.php, In Line :155, At File:/data/web/restful/vendor/yoc/base/Server.php
[2017-10-02 18:19:04] A Error Code: 0, Message:402, In Line :121, At File:/data/web/restful/app/controller/UserController.php
[2017-10-02 18:19:04] A Error Code: 0, Message:402, In Line :121, At File:/data/web/restful/app/controller/UserController.php
[2017-10-02 18:19:04] A Error Code: 0, Message:402, In Line :121, At File:/data/web/restful/app/controller/UserController.php
[2017-10-02 18:22:57] A Error Code: 0, Message:Request Error: Not Find Controller File!data/web/restful/app/controller/ShowcaseController.php, In Line :155, At File:/data/web/restful/vendor/yoc/base/Server.php
[2017-10-02 18:22:57] A Error Code: 0, Message:Request Error: Not Find Controller File!data/web/restful/app/controller/Struts2ShowcaseController.php, In Line :155, At File:/data/web/restful/vendor/yoc/base/Server.php
[2017-10-02 18:22:57] A Error Code: 0, Message:Request Error: Not Find Controller File!data/web/restful/app/controller/IntegrationController.php, In Line :155, At File:/data/web/restful/vendor/yoc/base/Server.php
[2017-10-02 18:22:57] A Error Code: 0, Message:Request Error: Not Find Controller File!data/web/restful/app/controller/MasterStatusController.php, In Line :155, At File:/data/web/restful/vendor/yoc/base/Server.php
[2017-10-02 18:26:03] A Error Code: 0, Message:Request Error: Not Find Controller File!data/web/restful/app/controller/WpJsonController.php, In Line :155, At File:/data/web/restful/vendor/yoc/base/Server.php
[2017-10-02 18:26:56] A Error Code: 0, Message:Request Error: Not Find Controller File!data/web/restful/app/controller/RsStatusController.php, In Line :155, At File:/data/web/restful/vendor/yoc/base/Server.php
[2017-10-02 18:27:39] A Error Code: 0, Message:Request Error: Not Find Controller File!data/web/restful/app/controller/GangliaController.php, In Line :155, At File:/data/web/restful/vendor/yoc/base/Server.php
[2017-10-02 18:27:44] A Error Code: 0, Message:402, In Line :121, At File:/data/web/restful/app/controller/UserController.php
[2017-10-02 18:27:44] A Error Code: 0, Message:402, In Line :121, At File:/data/web/restful/app/controller/UserController.php
[2017-10-02 18:27:44] A Error Code: 0, Message:402, In Line :121, At File:/data/web/restful/app/controller/UserController.php
[2017-10-02 18:28:26] A Error Code: 0, Message:Request Error: Not Find Controller File!data/web/restful/app/controller/Index.phpController.php, In Line :155, At File:/data/web/restful/vendor/yoc/base/Server.php
[2017-10-02 18:29:00] A Error Code: 0, Message:402, In Line :121, At File:/data/web/restful/app/controller/UserController.php
[2017-10-02 18:29:13] A Error Code: 0, Message:Request Error: Not Find Controller File!data/web/restful/app/controller/JobsController.php, In Line :155, At File:/data/web/restful/vendor/yoc/base/Server.php
[2017-10-02 18:29:39] A Error Code: 0, Message:Request Error: Not Find Controller File!data/web/restful/app/controller/CacheController.php, In Line :155, At File:/data/web/restful/vendor/yoc/base/Server.php
[2017-10-02 18:29:52] A Error Code: 0, Message:Request Error: Not Find Controller File!data/web/restful/app/controller/ImoarjzcuwldController.php, In Line :155, At File:/data/web/restful/vendor/yoc/base/Server.php
[2017-10-02 18:31:39] A Error Code: 0, Message:402, In Line :121, At File:/data/web/restful/app/controller/UserController.php
[2017-10-02 18:31:39] A Error Code: 0, Message:402, In Line :121, At File:/data/web/restful/app/controller/UserController.php
[2017-10-02 18:31:39] A Error Code: 0, Message:402, In Line :121, At File:/data/web/restful/app/controller/UserController.php
[2017-10-02 18:31:40] A Error Code: 0, Message:402, In Line :121, At File:/data/web/restful/app/controller/UserController.php
[2017-10-02 18:34:42] A Error Code: 0, Message:402, In Line :121, At File:/data/web/restful/app/controller/UserController.php
[2017-10-02 18:42:40] A Error Code: 0, Message:Request Error: Not Find Controller File!data/web/restful/app/controller/PhpmyadminController.php, In Line :155, At File:/data/web/restful/vendor/yoc/base/Server.php
[2017-10-02 18:42:40] A Error Code: 0, Message:Request Error: Not Find Controller File!data/web/restful/app/controller/PhpmyadminController.php, In Line :155, At File:/data/web/restful/vendor/yoc/base/Server.php
[2017-10-02 18:42:41] A Error Code: 0, Message:Request Error: Not Find Controller File!data/web/restful/app/controller/PhpmyadminController.php, In Line :155, At File:/data/web/restful/vendor/yoc/base/Server.php
[2017-10-02 18:42:41] A Error Code: 0, Message:Request Error: Not Find Controller File!data/web/restful/app/controller/PhpmyadminController.php, In Line :155, At File:/data/web/restful/vendor/yoc/base/Server.php
[2017-10-02 18:42:42] A Error Code: 0, Message:Request Error: Not Find Controller File!data/web/restful/app/controller/PhpmyadminController.php, In Line :155, At File:/data/web/restful/vendor/yoc/base/Server.php
[2017-10-02 18:42:42] A Error Code: 0, Message:Request Error: Not Find Controller File!data/web/restful/app/controller/PhpmyadminController.php, In Line :155, At File:/data/web/restful/vendor/yoc/base/Server.php
[2017-10-02 18:42:43] A Error Code: 0, Message:Request Error: Not Find Controller File!data/web/restful/app/controller/PhpmyadminController.php, In Line :155, At File:/data/web/restful/vendor/yoc/base/Server.php
[2017-10-02 18:42:43] A Error Code: 0, Message:Request Error: Not Find Controller File!data/web/restful/app/controller/PhpmyadminController.php, In Line :155, At File:/data/web/restful/vendor/yoc/base/Server.php
[2017-10-02 18:42:44] A Error Code: 0, Message:Request Error: Not Find Controller File!data/web/restful/app/controller/PhpmyadminController.php, In Line :155, At File:/data/web/restful/vendor/yoc/base/Server.php
[2017-10-02 18:42:44] A Error Code: 0, Message:Request Error: Not Find Controller File!data/web/restful/app/controller/PhpmyadminController.php, In Line :155, At File:/data/web/restful/vendor/yoc/base/Server.php
[2017-10-02 18:42:45] A Error Code: 0, Message:Request Error: Not Find Controller File!data/web/restful/app/controller/PhpmyadminController.php, In Line :155, At File:/data/web/restful/vendor/yoc/base/Server.php
[2017-10-02 18:42:45] A Error Code: 0, Message:Request Error: Not Find Controller File!data/web/restful/app/controller/PhpmyadminController.php, In Line :155, At File:/data/web/restful/vendor/yoc/base/Server.php
[2017-10-02 18:42:46] A Error Code: 0, Message:Request Error: Not Find Controller File!data/web/restful/app/controller/PhpmyadminController.php, In Line :155, At File:/data/web/restful/vendor/yoc/base/Server.php
[2017-10-02 18:42:46] A Error Code: 0, Message:Request Error: Not Find Controller File!data/web/restful/app/controller/PhpmyadminController.php, In Line :155, At File:/data/web/restful/vendor/yoc/base/Server.php
[2017-10-02 18:42:47] A Error Code: 0, Message:Request Error: Not Find Controller File!data/web/restful/app/controller/PhpmyadminController.php, In Line :155, At File:/data/web/restful/vendor/yoc/base/Server.php
[2017-10-02 18:42:47] A Error Code: 0, Message:Request Error: Not Find Controller File!data/web/restful/app/controller/PhpmyadminController.php, In Line :155, At File:/data/web/restful/vendor/yoc/base/Server.php
[2017-10-02 18:42:48] A Error Code: 0, Message:Request Error: Not Find Controller File!data/web/restful/app/controller/PhpmyadminController.php, In Line :155, At File:/data/web/restful/vendor/yoc/base/Server.php
[2017-10-02 18:42:48] A Error Code: 0, Message:Request Error: Not Find Controller File!data/web/restful/app/controller/PhpmyadminController.php, In Line :155, At File:/data/web/restful/vendor/yoc/base/Server.php
[2017-10-02 18:42:49] A Error Code: 0, Message:Request Error: Not Find Controller File!data/web/restful/app/controller/PhpmyadminController.php, In Line :155, At File:/data/web/restful/vendor/yoc/base/Server.php
[2017-10-02 18:42:49] A Error Code: 0, Message:Request Error: Not Find Controller File!data/web/restful/app/controller/PhpmyadminController.php, In Line :155, At File:/data/web/restful/vendor/yoc/base/Server.php
[2017-10-02 18:43:39] A Error Code: 0, Message:Request Error: Not Find Controller File!data/web/restful/app/controller/HwiController.php, In Line :155, At File:/data/web/restful/vendor/yoc/base/Server.php
[2017-10-02 18:51:46] A Error Code: 0, Message:Request Error: Not Find Controller File!data/web/restful/app/controller/ShowcaseController.php, In Line :155, At File:/data/web/restful/vendor/yoc/base/Server.php
[2017-10-02 18:51:46] A Error Code: 0, Message:Request Error: Not Find Controller File!data/web/restful/app/controller/Struts2ShowcaseController.php, In Line :155, At File:/data/web/restful/vendor/yoc/base/Server.php
[2017-10-02 18:51:46] A Error Code: 0, Message:Request Error: Not Find Controller File!data/web/restful/app/controller/IntegrationController.php, In Line :155, At File:/data/web/restful/vendor/yoc/base/Server.php
[2017-10-02 18:51:46] A Error Code: 0, Message:Request Error: Not Find Controller File!data/web/restful/app/controller/MasterStatusController.php, In Line :155, At File:/data/web/restful/vendor/yoc/base/Server.php
[2017-10-02 18:53:14] A Error Code: 0, Message:Request Error: Not Find Controller File!data/web/restful/app/controller/WpJsonController.php, In Line :155, At File:/data/web/restful/vendor/yoc/base/Server.php
[2017-10-02 18:55:29] A Error Code: 0, Message:Request Error: Not Find Controller File!data/web/restful/app/controller/RsStatusController.php, In Line :155, At File:/data/web/restful/vendor/yoc/base/Server.php
[2017-10-02 18:55:30] A Error Code: 0, Message:402, In Line :121, At File:/data/web/restful/app/controller/UserController.php
[2017-10-02 18:56:29] A Error Code: 0, Message:Request Error: Not Find Controller File!data/web/restful/app/controller/GangliaController.php, In Line :155, At File:/data/web/restful/vendor/yoc/base/Server.php
[2017-10-02 18:57:10] A Error Code: 0, Message:Request Error: Not Find Controller File!data/web/restful/app/controller/Index.phpController.php, In Line :155, At File:/data/web/restful/vendor/yoc/base/Server.php
[2017-10-02 18:58:18] A Error Code: 0, Message:Request Error: Not Find Controller File!data/web/restful/app/controller/JobsController.php, In Line :155, At File:/data/web/restful/vendor/yoc/base/Server.php
[2017-10-02 18:59:21] A Error Code: 0, Message:Request Error: Not Find Controller File!data/web/restful/app/controller/RzokmwcjdulqController.php, In Line :155, At File:/data/web/restful/vendor/yoc/base/Server.php
[2017-10-02 19:01:42] A Error Code: 0, Message:402, In Line :121, At File:/data/web/restful/app/controller/UserController.php
[2017-10-02 19:01:42] A Error Code: 0, Message:402, In Line :121, At File:/data/web/restful/app/controller/UserController.php
[2017-10-02 19:04:00] A Error Code: 0, Message:Request Error: Not Find Controller File!data/web/restful/app/controller/PhpmyadminController.php, In Line :155, At File:/data/web/restful/vendor/yoc/base/Server.php
[2017-10-02 19:04:01] A Error Code: 0, Message:Request Error: Not Find Controller File!data/web/restful/app/controller/PhpmyadminController.php, In Line :155, At File:/data/web/restful/vendor/yoc/base/Server.php
[2017-10-02 19:04:02] A Error Code: 0, Message:Request Error: Not Find Controller File!data/web/restful/app/controller/PhpmyadminController.php, In Line :155, At File:/data/web/restful/vendor/yoc/base/Server.php
[2017-10-02 19:04:02] A Error Code: 0, Message:Request Error: Not Find Controller File!data/web/restful/app/controller/PhpmyadminController.php, In Line :155, At File:/data/web/restful/vendor/yoc/base/Server.php
[2017-10-02 19:04:02] A Error Code: 0, Message:Request Error: Not Find Controller File!data/web/restful/app/controller/MasterStatusController.php, In Line :155, At File:/data/web/restful/vendor/yoc/base/Server.php
[2017-10-02 19:04:03] A Error Code: 0, Message:Request Error: Not Find Controller File!data/web/restful/app/controller/PhpmyadminController.php, In Line :155, At File:/data/web/restful/vendor/yoc/base/Server.php
[2017-10-02 19:04:03] A Error Code: 0, Message:Request Error: Not Find Controller File!data/web/restful/app/controller/PhpmyadminController.php, In Line :155, At File:/data/web/restful/vendor/yoc/base/Server.php
[2017-10-02 19:04:04] A Error Code: 0, Message:Request Error: Not Find Controller File!data/web/restful/app/controller/PhpmyadminController.php, In Line :155, At File:/data/web/restful/vendor/yoc/base/Server.php
[2017-10-02 19:04:04] A Error Code: 0, Message:Request Error: Not Find Controller File!data/web/restful/app/controller/PhpmyadminController.php, In Line :155, At File:/data/web/restful/vendor/yoc/base/Server.php
[2017-10-02 19:04:05] A Error Code: 0, Message:Request Error: Not Find Controller File!data/web/restful/app/controller/PhpmyadminController.php, In Line :155, At File:/data/web/restful/vendor/yoc/base/Server.php
[2017-10-02 19:04:05] A Error Code: 0, Message:Request Error: Not Find Controller File!data/web/restful/app/controller/PhpmyadminController.php, In Line :155, At File:/data/web/restful/vendor/yoc/base/Server.php
[2017-10-02 19:04:06] A Error Code: 0, Message:Request Error: Not Find Controller File!data/web/restful/app/controller/PhpmyadminController.php, In Line :155, At File:/data/web/restful/vendor/yoc/base/Server.php
[2017-10-02 19:04:06] A Error Code: 0, Message:Request Error: Not Find Controller File!data/web/restful/app/controller/PhpmyadminController.php, In Line :155, At File:/data/web/restful/vendor/yoc/base/Server.php
[2017-10-02 19:04:07] A Error Code: 0, Message:Request Error: Not Find Controller File!data/web/restful/app/controller/PhpmyadminController.php, In Line :155, At File:/data/web/restful/vendor/yoc/base/Server.php
[2017-10-02 19:04:07] A Error Code: 0, Message:Request Error: Not Find Controller File!data/web/restful/app/controller/PhpmyadminController.php, In Line :155, At File:/data/web/restful/vendor/yoc/base/Server.php
[2017-10-02 19:04:08] A Error Code: 0, Message:Request Error: Not Find Controller File!data/web/restful/app/controller/PhpmyadminController.php, In Line :155, At File:/data/web/restful/vendor/yoc/base/Server.php
[2017-10-02 19:04:08] A Error Code: 0, Message:Request Error: Not Find Controller File!data/web/restful/app/controller/PhpmyadminController.php, In Line :155, At File:/data/web/restful/vendor/yoc/base/Server.php
[2017-10-02 19:04:09] A Error Code: 0, Message:Request Error: Not Find Controller File!data/web/restful/app/controller/PhpmyadminController.php, In Line :155, At File:/data/web/restful/vendor/yoc/base/Server.php
[2017-10-02 19:04:09] A Error Code: 0, Message:Request Error: Not Find Controller File!data/web/restful/app/controller/PhpmyadminController.php, In Line :155, At File:/data/web/restful/vendor/yoc/base/Server.php
[2017-10-02 19:04:10] A Error Code: 0, Message:Request Error: Not Find Controller File!data/web/restful/app/controller/PhpmyadminController.php, In Line :155, At File:/data/web/restful/vendor/yoc/base/Server.php
[2017-10-02 19:04:10] A Error Code: 0, Message:Request Error: Not Find Controller File!data/web/restful/app/controller/PhpmyadminController.php, In Line :155, At File:/data/web/restful/vendor/yoc/base/Server.php
[2017-10-02 19:07:26] A Error Code: 0, Message:Request Error: Not Find Controller File!data/web/restful/app/controller/RsStatusController.php, In Line :155, At File:/data/web/restful/vendor/yoc/base/Server.php
[2017-10-02 19:07:38] A Error Code: 0, Message:402, In Line :121, At File:/data/web/restful/app/controller/UserController.php
[2017-10-02 19:07:38] A Error Code: 0, Message:402, In Line :121, At File:/data/web/restful/app/controller/UserController.php
[2017-10-02 19:07:39] A Error Code: 0, Message:402, In Line :121, At File:/data/web/restful/app/controller/UserController.php
[2017-10-02 19:07:39] A Error Code: 0, Message:402, In Line :121, At File:/data/web/restful/app/controller/UserController.php
[2017-10-02 19:07:39] A Error Code: 0, Message:402, In Line :121, At File:/data/web/restful/app/controller/UserController.php
[2017-10-02 19:07:40] A Error Code: 0, Message:402, In Line :121, At File:/data/web/restful/app/controller/UserController.php
[2017-10-02 19:07:40] A Error Code: 0, Message:402, In Line :121, At File:/data/web/restful/app/controller/UserController.php
[2017-10-02 19:07:40] A Error Code: 0, Message:402, In Line :121, At File:/data/web/restful/app/controller/UserController.php
[2017-10-02 19:07:40] A Error Code: 0, Message:402, In Line :121, At File:/data/web/restful/app/controller/UserController.php
[2017-10-02 19:07:40] A Error Code: 0, Message:402, In Line :121, At File:/data/web/restful/app/controller/UserController.php
[2017-10-02 19:07:40] A Error Code: 0, Message:402, In Line :121, At File:/data/web/restful/app/controller/UserController.php
[2017-10-02 19:07:40] A Error Code: 0, Message:402, In Line :121, At File:/data/web/restful/app/controller/UserController.php
[2017-10-02 19:07:40] A Error Code: 0, Message:402, In Line :121, At File:/data/web/restful/app/controller/UserController.php
[2017-10-02 19:07:40] A Error Code: 0, Message:402, In Line :121, At File:/data/web/restful/app/controller/UserController.php
[2017-10-02 19:07:41] A Error Code: 0, Message:402, In Line :121, At File:/data/web/restful/app/controller/UserController.php
[2017-10-02 19:07:41] A Error Code: 0, Message:402, In Line :121, At File:/data/web/restful/app/controller/UserController.php
[2017-10-02 19:07:41] A Error Code: 0, Message:402, In Line :121, At File:/data/web/restful/app/controller/UserController.php
[2017-10-02 19:07:42] A Error Code: 0, Message:402, In Line :121, At File:/data/web/restful/app/controller/UserController.php
[2017-10-02 19:07:42] A Error Code: 0, Message:402, In Line :121, At File:/data/web/restful/app/controller/UserController.php
[2017-10-02 19:07:42] A Error Code: 0, Message:402, In Line :121, At File:/data/web/restful/app/controller/UserController.php
[2017-10-02 19:07:43] A Error Code: 0, Message:402, In Line :121, At File:/data/web/restful/app/controller/UserController.php
[2017-10-02 19:07:45] A Error Code: 0, Message:402, In Line :121, At File:/data/web/restful/app/controller/UserController.php
[2017-10-02 19:07:45] A Error Code: 0, Message:402, In Line :121, At File:/data/web/restful/app/controller/UserController.php
[2017-10-02 19:07:45] A Error Code: 0, Message:402, In Line :121, At File:/data/web/restful/app/controller/UserController.php
[2017-10-02 19:07:50] A Error Code: 0, Message:Request Error: Not Find Controller File!data/web/restful/app/controller/Dfshealth.htmlController.php, In Line :155, At File:/data/web/restful/vendor/yoc/base/Server.php
[2017-10-02 19:08:06] A Error Code: 0, Message:Request Error: Not Find Controller File!data/web/restful/app/controller/HwiController.php, In Line :155, At File:/data/web/restful/vendor/yoc/base/Server.php
[2017-10-02 19:18:33] A Error Code: 0, Message:402, In Line :121, At File:/data/web/restful/app/controller/UserController.php
[2017-10-02 19:20:09] A Error Code: 0, Message:Request Error: Not Find Controller File!data/web/restful/app/controller/Struts2ShowcaseController.php, In Line :155, At File:/data/web/restful/vendor/yoc/base/Server.php
[2017-10-02 19:23:26] A Error Code: 0, Message:402, In Line :121, At File:/data/web/restful/app/controller/UserController.php
[2017-10-02 19:23:26] A Error Code: 0, Message:402, In Line :121, At File:/data/web/restful/app/controller/UserController.php
[2017-10-02 19:23:26] A Error Code: 0, Message:402, In Line :121, At File:/data/web/restful/app/controller/UserController.php
[2017-10-02 19:26:20] A Error Code: 0, Message:Request Error: Not Find Controller File!data/web/restful/app/controller/Clusters.jsfController.php, In Line :155, At File:/data/web/restful/vendor/yoc/base/Server.php
[2017-10-02 19:27:18] A Error Code: 0, Message:402, In Line :121, At File:/data/web/restful/app/controller/UserController.php
[2017-10-02 19:27:18] A Error Code: 0, Message:402, In Line :121, At File:/data/web/restful/app/controller/UserController.php
[2017-10-02 19:29:32] A Error Code: 0, Message:Request Error: Not Find Controller File!data/web/restful/app/controller/InfoController.php, In Line :155, At File:/data/web/restful/vendor/yoc/base/Server.php
[2017-10-02 19:29:42] A Error Code: 0, Message:Request Error: Not Find Controller File!data/web/restful/app/controller/Dfshealth.htmlController.php, In Line :155, At File:/data/web/restful/vendor/yoc/base/Server.php
[2017-10-02 19:32:36] A Error Code: 0, Message:Request Error: Not Find Controller File!data/web/restful/app/controller/CacheController.php, In Line :155, At File:/data/web/restful/vendor/yoc/base/Server.php
[2017-10-02 19:36:32] A Error Code: 0, Message:402, In Line :121, At File:/data/web/restful/app/controller/UserController.php
[2017-10-02 19:36:32] A Error Code: 0, Message:402, In Line :121, At File:/data/web/restful/app/controller/UserController.php
[2017-10-02 19:41:15] A Error Code: 0, Message:Request Error: Not Find Controller File!data/web/restful/app/controller/Struts2ShowcaseController.php, In Line :155, At File:/data/web/restful/vendor/yoc/base/Server.php
[2017-10-02 19:42:52] A Error Code: 0, Message:Request Error: Not Find Controller File!data/web/restful/app/controller/Clusters.jsfController.php, In Line :155, At File:/data/web/restful/vendor/yoc/base/Server.php
[2017-10-02 19:43:28] A Error Code: 0, Message:Request Error: Not Find Controller File!data/web/restful/app/controller/InfoController.php, In Line :155, At File:/data/web/restful/vendor/yoc/base/Server.php
[2017-10-02 19:52:03] A Error Code: 0, Message:Request Error: Not Find Controller File!data/web/restful/app/controller/GangliaController.php, In Line :155, At File:/data/web/restful/vendor/yoc/base/Server.php
[2017-10-02 19:52:42] A Error Code: 0, Message:Request Error: Not Find Controller File!data/web/restful/app/controller/ShowcaseController.php, In Line :155, At File:/data/web/restful/vendor/yoc/base/Server.php
[2017-10-02 19:52:42] A Error Code: 0, Message:Request Error: Not Find Controller File!data/web/restful/app/controller/Struts2ShowcaseController.php, In Line :155, At File:/data/web/restful/vendor/yoc/base/Server.php
[2017-10-02 19:52:42] A Error Code: 0, Message:Request Error: Not Find Controller File!data/web/restful/app/controller/IntegrationController.php, In Line :155, At File:/data/web/restful/vendor/yoc/base/Server.php
[2017-10-02 19:54:06] A Error Code: 0, Message:Request Error: Not Find Controller File!data/web/restful/app/controller/JenkinsController.php, In Line :155, At File:/data/web/restful/vendor/yoc/base/Server.php
[2017-10-02 19:54:59] A Error Code: 0, Message:Request Error: Not Find Controller File!data/web/restful/app/controller/Index.phpController.php, In Line :155, At File:/data/web/restful/vendor/yoc/base/Server.php
[2017-10-02 19:56:37] A Error Code: 0, Message:Request Error: Not Find Controller File!data/web/restful/app/controller/JenkinsController.php, In Line :155, At File:/data/web/restful/vendor/yoc/base/Server.php
[2017-10-02 19:59:17] A Error Code: 0, Message:Request Error: Not Find Controller File!data/web/restful/app/controller/WpJsonController.php, In Line :155, At File:/data/web/restful/vendor/yoc/base/Server.php
[2017-10-02 20:02:03] A Error Code: 0, Message:Request Error: Not Find Controller File!data/web/restful/app/controller/ZabbixController.php, In Line :155, At File:/data/web/restful/vendor/yoc/base/Server.php
[2017-10-02 20:02:57] A Error Code: 0, Message:402, In Line :121, At File:/data/web/restful/app/controller/UserController.php
[2017-10-02 20:02:57] A Error Code: 0, Message:402, In Line :121, At File:/data/web/restful/app/controller/UserController.php
[2017-10-02 20:08:06] A Error Code: 0, Message:Request Error: Not Find Controller File!data/web/restful/app/controller/PhpmyadminController.php, In Line :155, At File:/data/web/restful/vendor/yoc/base/Server.php
[2017-10-02 20:08:06] A Error Code: 0, Message:Request Error: Not Find Controller File!data/web/restful/app/controller/PhpmyadminController.php, In Line :155, At File:/data/web/restful/vendor/yoc/base/Server.php
[2017-10-02 20:08:07] A Error Code: 0, Message:Request Error: Not Find Controller File!data/web/restful/app/controller/PhpmyadminController.php, In Line :155, At File:/data/web/restful/vendor/yoc/base/Server.php
[2017-10-02 20:08:07] A Error Code: 0, Message:Request Error: Not Find Controller File!data/web/restful/app/controller/PhpmyadminController.php, In Line :155, At File:/data/web/restful/vendor/yoc/base/Server.php
[2017-10-02 20:08:08] A Error Code: 0, Message:Request Error: Not Find Controller File!data/web/restful/app/controller/PhpmyadminController.php, In Line :155, At File:/data/web/restful/vendor/yoc/base/Server.php
[2017-10-02 20:08:09] A Error Code: 0, Message:Request Error: Not Find Controller File!data/web/restful/app/controller/PhpmyadminController.php, In Line :155, At File:/data/web/restful/vendor/yoc/base/Server.php
[2017-10-02 20:08:10] A Error Code: 0, Message:Request Error: Not Find Controller File!data/web/restful/app/controller/PhpmyadminController.php, In Line :155, At File:/data/web/restful/vendor/yoc/base/Server.php
[2017-10-02 20:08:10] A Error Code: 0, Message:Request Error: Not Find Controller File!data/web/restful/app/controller/PhpmyadminController.php, In Line :155, At File:/data/web/restful/vendor/yoc/base/Server.php
[2017-10-02 20:08:11] A Error Code: 0, Message:Request Error: Not Find Controller File!data/web/restful/app/controller/PhpmyadminController.php, In Line :155, At File:/data/web/restful/vendor/yoc/base/Server.php
[2017-10-02 20:08:11] A Error Code: 0, Message:Request Error: Not Find Controller File!data/web/restful/app/controller/PhpmyadminController.php, In Line :155, At File:/data/web/restful/vendor/yoc/base/Server.php
[2017-10-02 20:08:12] A Error Code: 0, Message:Request Error: Not Find Controller File!data/web/restful/app/controller/PhpmyadminController.php, In Line :155, At File:/data/web/restful/vendor/yoc/base/Server.php
[2017-10-02 20:08:12] A Error Code: 0, Message:Request Error: Not Find Controller File!data/web/restful/app/controller/PhpmyadminController.php, In Line :155, At File:/data/web/restful/vendor/yoc/base/Server.php
[2017-10-02 20:08:13] A Error Code: 0, Message:Request Error: Not Find Controller File!data/web/restful/app/controller/PhpmyadminController.php, In Line :155, At File:/data/web/restful/vendor/yoc/base/Server.php
[2017-10-02 20:08:13] A Error Code: 0, Message:Request Error: Not Find Controller File!data/web/restful/app/controller/PhpmyadminController.php, In Line :155, At File:/data/web/restful/vendor/yoc/base/Server.php
[2017-10-02 20:08:14] A Error Code: 0, Message:Request Error: Not Find Controller File!data/web/restful/app/controller/PhpmyadminController.php, In Line :155, At File:/data/web/restful/vendor/yoc/base/Server.php
[2017-10-02 20:08:14] A Error Code: 0, Message:Request Error: Not Find Controller File!data/web/restful/app/controller/PhpmyadminController.php, In Line :155, At File:/data/web/restful/vendor/yoc/base/Server.php
[2017-10-02 20:08:15] A Error Code: 0, Message:Request Error: Not Find Controller File!data/web/restful/app/controller/PhpmyadminController.php, In Line :155, At File:/data/web/restful/vendor/yoc/base/Server.php
[2017-10-02 20:08:15] A Error Code: 0, Message:Request Error: Not Find Controller File!data/web/restful/app/controller/PhpmyadminController.php, In Line :155, At File:/data/web/restful/vendor/yoc/base/Server.php
[2017-10-02 20:08:16] A Error Code: 0, Message:Request Error: Not Find Controller File!data/web/restful/app/controller/PhpmyadminController.php, In Line :155, At File:/data/web/restful/vendor/yoc/base/Server.php
[2017-10-02 20:08:16] A Error Code: 0, Message:Request Error: Not Find Controller File!data/web/restful/app/controller/PhpmyadminController.php, In Line :155, At File:/data/web/restful/vendor/yoc/base/Server.php
[2017-10-02 20:09:50] A Error Code: 0, Message:402, In Line :121, At File:/data/web/restful/app/controller/UserController.php
[2017-10-02 20:12:24] A Error Code: 0, Message:Request Error: Not Find Controller File!data/web/restful/app/controller/SolrController.php, In Line :155, At File:/data/web/restful/vendor/yoc/base/Server.php
[2017-10-02 20:17:17] A Error Code: 0, Message:Request Error: Not Find Controller File!data/web/restful/app/controller/ShowcaseController.php, In Line :155, At File:/data/web/restful/vendor/yoc/base/Server.php
[2017-10-02 20:17:17] A Error Code: 0, Message:Request Error: Not Find Controller File!data/web/restful/app/controller/Struts2ShowcaseController.php, In Line :155, At File:/data/web/restful/vendor/yoc/base/Server.php
[2017-10-02 20:17:17] A Error Code: 0, Message:Request Error: Not Find Controller File!data/web/restful/app/controller/IntegrationController.php, In Line :155, At File:/data/web/restful/vendor/yoc/base/Server.php
[2017-10-02 20:17:30] A Error Code: 0, Message:Request Error: Not Find Controller File!data/web/restful/app/controller/MasterStatusController.php, In Line :155, At File:/data/web/restful/vendor/yoc/base/Server.php
[2017-10-02 20:21:29] A Error Code: 0, Message:Request Error: Not Find Controller File!data/web/restful/app/controller/ZabbixController.php, In Line :155, At File:/data/web/restful/vendor/yoc/base/Server.php
[2017-10-02 20:22:53] A Error Code: 0, Message:Request Error: Not Find Controller File!data/web/restful/app/controller/WpJsonController.php, In Line :155, At File:/data/web/restful/vendor/yoc/base/Server.php
[2017-10-02 20:25:13] A Error Code: 0, Message:Request Error: Not Find Controller File!data/web/restful/app/controller/AboutController.php, In Line :155, At File:/data/web/restful/vendor/yoc/base/Server.php
[2017-10-02 20:26:28] A Error Code: 0, Message:Request Error: Not Find Controller File!data/web/restful/app/controller/WarningController.php, In Line :155, At File:/data/web/restful/vendor/yoc/base/Server.php
[2017-10-02 20:26:41] A Error Code: 0, Message:Request Error: Not Find Controller File!data/web/restful/app/controller/JobsController.php, In Line :155, At File:/data/web/restful/vendor/yoc/base/Server.php
[2017-10-02 20:27:44] A Error Code: 0, Message:Request Error: Not Find Controller File!data/web/restful/app/controller/RsStatusController.php, In Line :155, At File:/data/web/restful/vendor/yoc/base/Server.php
[2017-10-02 20:27:44] A Error Code: 0, Message:Request Error: Not Find Controller File!data/web/restful/app/controller/PleasereadthisController.php, In Line :155, At File:/data/web/restful/vendor/yoc/base/Server.php
[2017-10-02 20:28:59] A Error Code: 0, Message:402, In Line :121, At File:/data/web/restful/app/controller/UserController.php
[2017-10-02 20:29:57] A Error Code: 0, Message:Request Error: Not Find Controller File!data/web/restful/app/controller/Please_readController.php, In Line :155, At File:/data/web/restful/vendor/yoc/base/Server.php
[2017-10-02 20:31:12] A Error Code: 0, Message:Request Error: Not Find Controller File!data/web/restful/app/controller/GangliaController.php, In Line :155, At File:/data/web/restful/vendor/yoc/base/Server.php
[2017-10-02 20:32:33] A Error Code: 0, Message:Request Error: Not Find Controller File!data/web/restful/app/controller/Dfshealth.jspController.php, In Line :155, At File:/data/web/restful/vendor/yoc/base/Server.php
[2017-10-02 20:32:55] A Error Code: 0, Message:Request Error: Not Find Controller File!data/web/restful/app/controller/SolrController.php, In Line :155, At File:/data/web/restful/vendor/yoc/base/Server.php
[2017-10-02 20:33:09] A Error Code: 0, Message:Request Error: Not Find Controller File!data/web/restful/app/controller/HadoopController.php, In Line :155, At File:/data/web/restful/vendor/yoc/base/Server.php
[2017-10-02 20:33:57] A Error Code: 0, Message:Request Error: Not Find Controller File!data/web/restful/app/controller/Index.phpController.php, In Line :155, At File:/data/web/restful/vendor/yoc/base/Server.php
[2017-10-02 20:39:13] A Error Code: 0, Message:Request Error: Not Find Controller File!data/web/restful/app/controller/AboutController.php, In Line :155, At File:/data/web/restful/vendor/yoc/base/Server.php
[2017-10-02 20:40:46] A Error Code: 0, Message:Request Error: Not Find Controller File!data/web/restful/app/controller/CzbmjavhyiugController.php, In Line :155, At File:/data/web/restful/vendor/yoc/base/Server.php
[2017-10-02 20:43:30] A Error Code: 0, Message:Request Error: Not Find Controller File!data/web/restful/app/controller/WarningController.php, In Line :155, At File:/data/web/restful/vendor/yoc/base/Server.php
[2017-10-02 20:47:16] A Error Code: 0, Message:Request Error: Not Find Controller File!data/web/restful/app/controller/JobsController.php, In Line :155, At File:/data/web/restful/vendor/yoc/base/Server.php
[2017-10-02 20:48:40] A Error Code: 0, Message:Request Error: Not Find Controller File!data/web/restful/app/controller/PleasereadthisController.php, In Line :155, At File:/data/web/restful/vendor/yoc/base/Server.php
[2017-10-02 20:52:32] A Error Code: 0, Message:Request Error: Not Find Controller File!data/web/restful/app/controller/Please_readController.php, In Line :155, At File:/data/web/restful/vendor/yoc/base/Server.php
[2017-10-02 20:53:15] A Error Code: 0, Message:Request Error: Not Find Controller File!data/web/restful/app/controller/MbvihgnfxtjsController.php, In Line :155, At File:/data/web/restful/vendor/yoc/base/Server.php
[2017-10-02 20:54:42] A Error Code: 0, Message:Request Error: Not Find Controller File!data/web/restful/app/controller/Dfshealth.jspController.php, In Line :155, At File:/data/web/restful/vendor/yoc/base/Server.php
[2017-10-02 20:57:51] A Error Code: 0, Message:Request Error: Not Find Controller File!data/web/restful/app/controller/HadoopController.php, In Line :155, At File:/data/web/restful/vendor/yoc/base/Server.php
[2017-10-02 20:58:56] A Error Code: 0, Message:402, In Line :121, At File:/data/web/restful/app/controller/UserController.php
[2017-10-02 20:58:56] A Error Code: 0, Message:402, In Line :121, At File:/data/web/restful/app/controller/UserController.php
[2017-10-02 21:02:10] A Error Code: 0, Message:Request Error: Not Find Controller File!data/web/restful/app/controller/HwiController.php, In Line :155, At File:/data/web/restful/vendor/yoc/base/Server.php
[2017-10-02 21:05:50] A Error Code: 0, Message:402, In Line :121, At File:/data/web/restful/app/controller/UserController.php
[2017-10-02 21:06:02] A Error Code: 0, Message:Request Error: Not Find Controller File!data/web/restful/app/controller/HwiController.php, In Line :155, At File:/data/web/restful/vendor/yoc/base/Server.php
[2017-10-02 21:22:17] A Error Code: 0, Message:402, In Line :121, At File:/data/web/restful/app/controller/UserController.php
[2017-10-02 21:22:17] A Error Code: 0, Message:402, In Line :121, At File:/data/web/restful/app/controller/UserController.php
[2017-10-02 21:25:59] A Error Code: 0, Message:Request Error: Not Find Controller File!data/web/restful/app/controller/Dfshealth.htmlController.php, In Line :155, At File:/data/web/restful/vendor/yoc/base/Server.php
[2017-10-02 21:28:00] A Error Code: 0, Message:402, In Line :121, At File:/data/web/restful/app/controller/UserController.php
[2017-10-02 21:28:00] A Error Code: 0, Message:402, In Line :121, At File:/data/web/restful/app/controller/UserController.php
[2017-10-02 21:29:03] A Error Code: 0, Message:402, In Line :121, At File:/data/web/restful/app/controller/UserController.php
[2017-10-02 21:34:36] A Error Code: 0, Message:402, In Line :121, At File:/data/web/restful/app/controller/UserController.php
[2017-10-02 21:34:52] A Error Code: 0, Message:402, In Line :121, At File:/data/web/restful/app/controller/UserController.php
[2017-10-02 21:44:39] A Error Code: 0, Message:Request Error: Not Find Controller File!data/web/restful/app/controller/Dfshealth.htmlController.php, In Line :155, At File:/data/web/restful/vendor/yoc/base/Server.php
[2017-10-02 21:53:07] A Error Code: 0, Message:402, In Line :121, At File:/data/web/restful/app/controller/UserController.php
[2017-10-02 21:53:07] A Error Code: 0, Message:402, In Line :121, At File:/data/web/restful/app/controller/UserController.php
[2017-10-02 21:53:45] A Error Code: 0, Message:402, In Line :121, At File:/data/web/restful/app/controller/UserController.php
[2017-10-02 21:53:53] A Error Code: 0, Message:402, In Line :121, At File:/data/web/restful/app/controller/UserController.php
[2017-10-02 21:54:01] A Error Code: 0, Message:402, In Line :121, At File:/data/web/restful/app/controller/UserController.php
[2017-10-02 21:57:59] A Error Code: 0, Message:Request Error: Not Find Controller File!data/web/restful/app/controller/Struts2ShowcaseController.php, In Line :155, At File:/data/web/restful/vendor/yoc/base/Server.php
[2017-10-02 21:59:00] A Error Code: 0, Message:Request Error: Not Find Controller File!data/web/restful/app/controller/Struts2ShowcaseController.php, In Line :155, At File:/data/web/restful/vendor/yoc/base/Server.php
[2017-10-02 21:59:54] A Error Code: 0, Message:Request Error: Not Find Controller File!data/web/restful/app/controller/Clusters.jsfController.php, In Line :155, At File:/data/web/restful/vendor/yoc/base/Server.php
[2017-10-02 22:00:01] A Error Code: 0, Message:Request Error: Not Find Controller File!data/web/restful/app/controller/InfoController.php, In Line :155, At File:/data/web/restful/vendor/yoc/base/Server.php
[2017-10-02 22:00:41] A Error Code: 0, Message:Request Error: Not Find Controller File!data/web/restful/app/controller/ZabbixController.php, In Line :155, At File:/data/web/restful/vendor/yoc/base/Server.php
[2017-10-02 22:00:49] A Error Code: 0, Message:Request Error: Not Find Controller File!data/web/restful/app/controller/SolrController.php, In Line :155, At File:/data/web/restful/vendor/yoc/base/Server.php
[2017-10-02 22:01:02] A Error Code: 0, Message:Request Error: Not Find Controller File!data/web/restful/app/controller/AboutController.php, In Line :155, At File:/data/web/restful/vendor/yoc/base/Server.php
[2017-10-02 22:01:16] A Error Code: 0, Message:Request Error: Not Find Controller File!data/web/restful/app/controller/PleasereadthisController.php, In Line :155, At File:/data/web/restful/vendor/yoc/base/Server.php
[2017-10-02 22:01:21] A Error Code: 0, Message:Request Error: Not Find Controller File!data/web/restful/app/controller/Please_readController.php, In Line :155, At File:/data/web/restful/vendor/yoc/base/Server.php
[2017-10-02 22:04:00] A Error Code: 0, Message:402, In Line :121, At File:/data/web/restful/app/controller/UserController.php
[2017-10-02 22:04:00] A Error Code: 0, Message:402, In Line :121, At File:/data/web/restful/app/controller/UserController.php
[2017-10-02 22:05:07] A Error Code: 0, Message:Request Error: Not Find Controller File!data/web/restful/app/controller/Clusters.jsfController.php, In Line :155, At File:/data/web/restful/vendor/yoc/base/Server.php
[2017-10-02 22:06:43] A Error Code: 0, Message:Request Error: Not Find Controller File!data/web/restful/app/controller/InfoController.php, In Line :155, At File:/data/web/restful/vendor/yoc/base/Server.php
[2017-10-02 22:07:48] A Error Code: 0, Message:402, In Line :121, At File:/data/web/restful/app/controller/UserController.php
[2017-10-02 22:07:48] A Error Code: 0, Message:402, In Line :121, At File:/data/web/restful/app/controller/UserController.php
[2017-10-02 22:07:48] A Error Code: 0, Message:402, In Line :121, At File:/data/web/restful/app/controller/UserController.php
[2017-10-02 22:07:49] A Error Code: 0, Message:402, In Line :121, At File:/data/web/restful/app/controller/UserController.php
[2017-10-02 22:16:03] A Error Code: 0, Message:402, In Line :121, At File:/data/web/restful/app/controller/UserController.php
[2017-10-02 22:19:56] A Error Code: 0, Message:Request Error: Not Find Controller File!data/web/restful/app/controller/JenkinsController.php, In Line :155, At File:/data/web/restful/vendor/yoc/base/Server.php
[2017-10-02 22:21:45] A Error Code: 0, Message:402, In Line :121, At File:/data/web/restful/app/controller/UserController.php
[2017-10-02 22:21:45] A Error Code: 0, Message:402, In Line :121, At File:/data/web/restful/app/controller/UserController.php
[2017-10-02 22:22:21] A Error Code: 0, Message:Request Error: Not Find Controller File!data/web/restful/app/controller/ZabbixController.php, In Line :155, At File:/data/web/restful/vendor/yoc/base/Server.php
[2017-10-02 22:22:39] A Error Code: 0, Message:Request Error: Not Find Controller File!data/web/restful/app/controller/SolrController.php, In Line :155, At File:/data/web/restful/vendor/yoc/base/Server.php
[2017-10-02 22:22:51] A Error Code: 0, Message:Request Error: Not Find Controller File!data/web/restful/app/controller/AboutController.php, In Line :155, At File:/data/web/restful/vendor/yoc/base/Server.php
[2017-10-02 22:22:54] A Error Code: 0, Message:Request Error: Not Find Controller File!data/web/restful/app/controller/WarningController.php, In Line :155, At File:/data/web/restful/vendor/yoc/base/Server.php
[2017-10-02 22:22:59] A Error Code: 0, Message:Request Error: Not Find Controller File!data/web/restful/app/controller/PleasereadthisController.php, In Line :155, At File:/data/web/restful/vendor/yoc/base/Server.php
[2017-10-02 22:23:03] A Error Code: 0, Message:Request Error: Not Find Controller File!data/web/restful/app/controller/Please_readController.php, In Line :155, At File:/data/web/restful/vendor/yoc/base/Server.php
[2017-10-02 22:23:07] A Error Code: 0, Message:Request Error: Not Find Controller File!data/web/restful/app/controller/Dfshealth.jspController.php, In Line :155, At File:/data/web/restful/vendor/yoc/base/Server.php
[2017-10-02 22:23:09] A Error Code: 0, Message:Request Error: Not Find Controller File!data/web/restful/app/controller/HadoopController.php, In Line :155, At File:/data/web/restful/vendor/yoc/base/Server.php
[2017-10-02 22:36:09] A Error Code: 0, Message:402, In Line :121, At File:/data/web/restful/app/controller/UserController.php
[2017-10-02 22:38:16] A Error Code: 0, Message:402, In Line :121, At File:/data/web/restful/app/controller/UserController.php
[2017-10-02 22:40:22] A Error Code: 0, Message:402, In Line :121, At File:/data/web/restful/app/controller/UserController.php
[2017-10-02 22:44:57] A Error Code: 0, Message:402, In Line :121, At File:/data/web/restful/app/controller/UserController.php
[2017-10-02 22:51:08] A Error Code: 0, Message:402, In Line :121, At File:/data/web/restful/app/controller/UserController.php
[2017-10-02 22:51:15] A Error Code: 0, Message:402, In Line :121, At File:/data/web/restful/app/controller/UserController.php
