[2017-09-30 09:38:28] A Error Code: 0, Message:Allowed memory size of 134217728 bytes exhausted (tried to allocate 8388616 bytes), In Line :143, At File:/data/web/restful/vendor/yoc/db/Connect.php
[2017-09-30 09:39:34] A Error Code: 0, Message:Allowed memory size of 134217728 bytes exhausted (tried to allocate 8388616 bytes), In Line :143, At File:/data/web/restful/vendor/yoc/db/Connect.php
[2017-09-30 11:12:42] A Error Code: 0, Message:, In Line :, At File:
[2017-09-30 11:26:09] A Error Code: 0, Message:, In Line :, At File:
[2017-09-30 11:38:20] A Error Code: 0, Message:, In Line :, At File:
[2017-09-30 11:47:39] A Error Code: 0, Message:, In Line :, At File:
[2017-09-30 13:22:36] A Error Code: 0, Message:Uncaught Error: Call to undefined function app\controller\token_temp_key() in /data/web/restful/app/controller/SiteController.php:71
Stack trace:
#0 /data/web/restful/vendor/yoc/base/Server.php(105): app\controller\SiteController->actionLogin(Object(yoc\http\Request))
#1 {main}
  thrown, In Line :71, At File:/data/web/restful/app/controller/SiteController.php
[2017-09-30 13:22:47] A Error Code: 0, Message:, In Line :, At File:
[2017-09-30 13:34:16] A Error Code: 0, Message:, In Line :, At File:
[2017-09-30 13:39:34] A Error Code: 0, Message:, In Line :, At File:
[2017-09-30 13:40:16] A Error Code: 0, Message:, In Line :, At File:
[2017-09-30 14:18:50] A Error Code: 0, Message:, In Line :, At File:
[2017-09-30 15:04:20] A Error Code: 0, Message:, In Line :, At File:
[2017-09-30 15:58:05] A Error Code: 0, Message:Uncaught Error: Call to undefined method yoc\db\builder\QueryRecord::queryRand() in /data/web/restful/vendor/yoc/db/ActiveRecord.php:74
Stack trace:
#0 /data/web/restful/app/controller/UserController.php(58): yoc\db\ActiveRecord::__callStatic('queryRand', Array)
#1 /data/web/restful/vendor/yoc/base/Server.php(105): app\controller\UserController->actionAdd(Object(yoc\http\Request))
#2 {main}
  thrown, In Line :74, At File:/data/web/restful/vendor/yoc/db/ActiveRecord.php
[2017-09-30 16:01:21] A Error Code: 0, Message:, In Line :, At File:
[2017-09-30 16:03:38] A Error Code: 0, Message:Uncaught Error: Call to undefined method yoc\db\builder\QueryRecord::queryRand() in /data/web/restful/vendor/yoc/db/ActiveRecord.php:74
Stack trace:
#0 /data/web/restful/app/controller/UserController.php(58): yoc\db\ActiveRecord::__callStatic('queryRand', Array)
#1 /data/web/restful/vendor/yoc/base/Server.php(105): app\controller\UserController->actionAdd(Object(yoc\http\Request))
#2 {main}
  thrown, In Line :74, At File:/data/web/restful/vendor/yoc/db/ActiveRecord.php
[2017-09-30 16:43:10] A Error Code: 0, Message:Uncaught Error: Call to undefined method Yoc::redis() in /data/web/restful/vendor/yoc/db/ActiveRecord.php:423
Stack trace:
#0 /data/web/restful/app/controller/UserController.php(145): yoc\db\ActiveRecord->delete()
#1 /data/web/restful/vendor/yoc/base/Server.php(105): app\controller\UserController->actionDelete(Object(yoc\http\Request))
#2 {main}
  thrown, In Line :423, At File:/data/web/restful/vendor/yoc/db/ActiveRecord.php
[2017-09-30 16:51:11] A Error Code: 0, Message:Uncaught Error: Call to a member function where() on null in /data/web/restful/vendor/yoc/db/ActiveRecord.php:74
Stack trace:
#0 /data/web/restful/app/controller/SetController.php(146): yoc\db\ActiveRecord::__callStatic('where', Array)
#1 /data/web/restful/vendor/yoc/base/Server.php(105): app\controller\SetController->actionList(Object(yoc\http\Request))
#2 {main}
  thrown, In Line :74, At File:/data/web/restful/vendor/yoc/db/ActiveRecord.php
[2017-09-30 17:18:02] A Error Code: 0, Message:Uncaught ArgumentCountError: Too few arguments to function yoc\db\builder\QueryRecord::__construct(), 0 passed in /data/web/restful/vendor/yoc/db/builder/Query.php on line 457 and at least 1 expected in /data/web/restful/vendor/yoc/db/builder/QueryRecord.php:25
Stack trace:
#0 /data/web/restful/vendor/yoc/db/builder/Query.php(457): yoc\db\builder\QueryRecord->__construct()
#1 /data/web/restful/vendor/yoc/db/builder/Builder.php(192): yoc\db\builder\Builder->clear()
#2 /data/web/restful/vendor/yoc/db/builder/Builder.php(168): yoc\db\builder\Builder->sqlLog(' select id from...', true)
#3 /data/web/restful/vendor/yoc/db/builder/QueryRecord.php(179): yoc\db\builder\Builder->getSelectSql()
#4 /data/web/restful/app/controller/SetController.php(154): yoc\db\builder\QueryRecord->all()
#5 /data/web/restful/vendor/yoc/base/Server.php(105): app\controller\SetController->actionList(Object(yoc\http\Request))
#6 {main}
  thrown, In Line :25, At File:/data/web/restful/vendor/yoc/db/builder/QueryRecord.php
[2017-09-30 17:34:08] A Error Code: 0, Message:Uncaught Error: __clone method called on non-object in /data/web/restful/vendor/yoc/db/builder/QueryRecord.php:125
Stack trace:
#0 /data/web/restful/vendor/yoc/db/builder/QueryRecord.php(193): yoc\db\builder\QueryRecord->findByPrimary('211')
#1 /data/web/restful/app/controller/AuthController.php(146): yoc\db\builder\QueryRecord->all()
#2 /data/web/restful/vendor/yoc/base/Server.php(105): app\controller\AuthController->actionList(Object(yoc\http\Request))
#3 {main}
  thrown, In Line :125, At File:/data/web/restful/vendor/yoc/db/builder/QueryRecord.php
[2017-09-30 17:34:32] A Error Code: 0, Message:Uncaught TypeError: Argument 1 passed to yoc\db\builder\QueryRecord::builder() must be an instance of yoc\db\ActiveRecord, boolean given, called in /data/web/restful/vendor/yoc/db/builder/QueryRecord.php on line 197 and defined in /data/web/restful/vendor/yoc/db/builder/QueryRecord.php:145
Stack trace:
#0 /data/web/restful/vendor/yoc/db/builder/QueryRecord.php(197): yoc\db\builder\QueryRecord->builder(false)
#1 /data/web/restful/app/controller/AuthController.php(146): yoc\db\builder\QueryRecord->all()
#2 /data/web/restful/vendor/yoc/base/Server.php(105): app\controller\AuthController->actionList(Object(yoc\http\Request))
#3 {main}
  thrown, In Line :145, At File:/data/web/restful/vendor/yoc/db/builder/QueryRecord.php
[2017-09-30 17:35:08] A Error Code: 0, Message:Uncaught TypeError: Argument 1 passed to yoc\db\builder\QueryRecord::builder() must be an instance of yoc\db\ActiveRecord, boolean given, called in /data/web/restful/vendor/yoc/db/builder/QueryRecord.php on line 198 and defined in /data/web/restful/vendor/yoc/db/builder/QueryRecord.php:145
Stack trace:
#0 /data/web/restful/vendor/yoc/db/builder/QueryRecord.php(198): yoc\db\builder\QueryRecord->builder(false)
#1 /data/web/restful/app/controller/AuthController.php(146): yoc\db\builder\QueryRecord->all()
#2 /data/web/restful/vendor/yoc/base/Server.php(105): app\controller\AuthController->actionList(Object(yoc\http\Request))
#3 {main}
  thrown, In Line :145, At File:/data/web/restful/vendor/yoc/db/builder/QueryRecord.php
[2017-09-30 17:35:33] A Error Code: 0, Message:Uncaught Error: Call to a member function hasAppends() on boolean in /data/web/restful/vendor/yoc/db/builder/QueryRecord.php:147
Stack trace:
#0 /data/web/restful/vendor/yoc/db/builder/QueryRecord.php(197): yoc\db\builder\QueryRecord->builder(false)
#1 /data/web/restful/app/controller/AuthController.php(146): yoc\db\builder\QueryRecord->all()
#2 /data/web/restful/vendor/yoc/base/Server.php(105): app\controller\AuthController->actionList(Object(yoc\http\Request))
#3 {main}
  thrown, In Line :147, At File:/data/web/restful/vendor/yoc/db/builder/QueryRecord.php
[2017-09-30 17:36:13] A Error Code: 0, Message:Uncaught Error: Call to a member function hasAppends() on boolean in /data/web/restful/vendor/yoc/db/builder/QueryRecord.php:147
Stack trace:
#0 /data/web/restful/vendor/yoc/db/builder/QueryRecord.php(198): yoc\db\builder\QueryRecord->builder(false)
#1 /data/web/restful/app/controller/AuthController.php(146): yoc\db\builder\QueryRecord->all()
#2 /data/web/restful/vendor/yoc/base/Server.php(105): app\controller\AuthController->actionList(Object(yoc\http\Request))
#3 {main}
  thrown, In Line :147, At File:/data/web/restful/vendor/yoc/db/builder/QueryRecord.php
[2017-09-30 17:36:30] A Error Code: 0, Message:Uncaught Error: Call to a member function hasAppends() on boolean in /data/web/restful/vendor/yoc/db/builder/QueryRecord.php:148
Stack trace:
#0 /data/web/restful/vendor/yoc/db/builder/QueryRecord.php(198): yoc\db\builder\QueryRecord->builder(false)
#1 /data/web/restful/app/controller/AuthController.php(146): yoc\db\builder\QueryRecord->all()
#2 /data/web/restful/vendor/yoc/base/Server.php(105): app\controller\AuthController->actionList(Object(yoc\http\Request))
#3 {main}
  thrown, In Line :148, At File:/data/web/restful/vendor/yoc/db/builder/QueryRecord.php
[2017-09-30 17:37:11] A Error Code: 0, Message:Uncaught Error: Call to a member function getStartLine() on string in /data/web/restful/vendor/yoc/base/Gii.php:416
Stack trace:
#0 /data/web/restful/vendor/yoc/base/Gii.php(159): yoc\base\Gii->getUseContent('', 'app\\controller\\...')
#1 /data/web/restful/vendor/yoc/base/Gii.php(64): yoc\base\Gii->createCFile('XlFriendModel', Array)
#2 /data/web/restful/vendor/yoc/base/Gii.php(842): yoc\base\Gii->getTable(1, 1)
#3 /data/web/restful/app/controller/SiteController.php(83): yoc\base\Gii::run(Object(yoc\http\Request))
#4 /data/web/restful/vendor/yoc/base/Server.php(105): app\controller\SiteController->actionGii(Object(yoc\http\Request))
#5 {main}
  thrown, In Line :416, At File:/data/web/restful/vendor/yoc/base/Gii.php
[2017-09-30 17:38:08] A Error Code: 0, Message:Uncaught Error: Call to a member function hasAppends() on boolean in /data/web/restful/vendor/yoc/db/builder/QueryRecord.php:147
Stack trace:
#0 /data/web/restful/vendor/yoc/db/builder/QueryRecord.php(125): yoc\db\builder\QueryRecord->builder(false)
#1 /data/web/restful/vendor/yoc/db/builder/QueryRecord.php(193): yoc\db\builder\QueryRecord->findByPrimary('205')
#2 /data/web/restful/app/controller/AuthController.php(149): yoc\db\builder\QueryRecord->all()
#3 /data/web/restful/vendor/yoc/base/Server.php(105): app\controller\AuthController->actionList(Object(yoc\http\Request))
#4 {main}
  thrown, In Line :147, At File:/data/web/restful/vendor/yoc/db/builder/QueryRecord.php
[2017-09-30 17:58:38] A Error Code: 0, Message:, In Line :, At File:
[2017-09-30 18:03:00] A Error Code: 0, Message:Uncaught Error: Call to a member function hasAppends() on boolean in /data/web/restful/vendor/yoc/db/builder/QueryRecord.php:144
Stack trace:
#0 /data/web/restful/vendor/yoc/db/builder/QueryRecord.php(122): yoc\db\builder\QueryRecord->builder(false)
#1 /data/web/restful/vendor/yoc/db/builder/QueryRecord.php(190): yoc\db\builder\QueryRecord->findByPrimary('204')
#2 /data/web/restful/app/controller/AuthController.php(149): yoc\db\builder\QueryRecord->all()
#3 /data/web/restful/vendor/yoc/base/Server.php(105): app\controller\AuthController->actionList(Object(yoc\http\Request))
#4 {main}
  thrown, In Line :144, At File:/data/web/restful/vendor/yoc/db/builder/QueryRecord.php
[2017-09-30 18:03:53] A Error Code: 0, Message:, In Line :, At File:
[2017-09-30 18:04:14] A Error Code: 0, Message:, In Line :, At File:
[2017-09-30 18:05:37] A Error Code: 0, Message:Uncaught Error: Call to a member function hasAppends() on boolean in /data/web/restful/vendor/yoc/db/builder/QueryRecord.php:144
Stack trace:
#0 /data/web/restful/vendor/yoc/db/builder/QueryRecord.php(122): yoc\db\builder\QueryRecord->builder(false)
#1 /data/web/restful/vendor/yoc/db/builder/QueryRecord.php(190): yoc\db\builder\QueryRecord->findByPrimary('203')
#2 /data/web/restful/app/controller/AuthController.php(149): yoc\db\builder\QueryRecord->all()
#3 /data/web/restful/vendor/yoc/base/Server.php(105): app\controller\AuthController->actionList(Object(yoc\http\Request))
#4 {main}
  thrown, In Line :144, At File:/data/web/restful/vendor/yoc/db/builder/QueryRecord.php
[2017-09-30 18:07:23] A Error Code: 0, Message:Uncaught Error: Call to a member function hasAppends() on boolean in /data/web/restful/vendor/yoc/db/builder/QueryRecord.php:144
Stack trace:
#0 /data/web/restful/vendor/yoc/db/builder/QueryRecord.php(122): yoc\db\builder\QueryRecord->builder(false)
#1 /data/web/restful/vendor/yoc/db/builder/QueryRecord.php(195): yoc\db\builder\QueryRecord->findByPrimary('202')
#2 /data/web/restful/app/controller/AuthController.php(149): yoc\db\builder\QueryRecord->all()
#3 /data/web/restful/vendor/yoc/base/Server.php(105): app\controller\AuthController->actionList(Object(yoc\http\Request))
#4 {main}
  thrown, In Line :144, At File:/data/web/restful/vendor/yoc/db/builder/QueryRecord.php
[2017-09-30 18:07:33] A Error Code: 0, Message:Uncaught Error: Call to a member function hasAppends() on boolean in /data/web/restful/vendor/yoc/db/builder/QueryRecord.php:144
Stack trace:
#0 /data/web/restful/vendor/yoc/db/builder/QueryRecord.php(122): yoc\db\builder\QueryRecord->builder(false)
#1 /data/web/restful/vendor/yoc/db/builder/QueryRecord.php(195): yoc\db\builder\QueryRecord->findByPrimary('201')
#2 /data/web/restful/app/controller/AuthController.php(149): yoc\db\builder\QueryRecord->all()
#3 /data/web/restful/vendor/yoc/base/Server.php(105): app\controller\AuthController->actionList(Object(yoc\http\Request))
#4 {main}
  thrown, In Line :144, At File:/data/web/restful/vendor/yoc/db/builder/QueryRecord.php
[2017-09-30 18:07:46] A Error Code: 0, Message:Uncaught Error: Call to a member function hasAppends() on boolean in /data/web/restful/vendor/yoc/db/builder/QueryRecord.php:144
Stack trace:
#0 /data/web/restful/vendor/yoc/db/builder/QueryRecord.php(122): yoc\db\builder\QueryRecord->builder(false)
#1 /data/web/restful/vendor/yoc/db/builder/QueryRecord.php(195): yoc\db\builder\QueryRecord->findByPrimary('200')
#2 /data/web/restful/app/controller/AuthController.php(149): yoc\db\builder\QueryRecord->all()
#3 /data/web/restful/vendor/yoc/base/Server.php(105): app\controller\AuthController->actionList(Object(yoc\http\Request))
#4 {main}
  thrown, In Line :144, At File:/data/web/restful/vendor/yoc/db/builder/QueryRecord.php
[2017-09-30 18:12:10] A Error Code: 0, Message:, In Line :, At File:
