[2017-10-06 10:51:45] A Error Code: 0, Message:, In Line :, At File:
[2017-10-06 10:51:50] A Error Code: 0, Message:, In Line :, At File:
[2017-10-06 10:56:00] A Error Code: 0, Message:, In Line :, At File:
[2017-10-06 10:56:51] A Error Code: 0, Message:, In Line :, At File:
[2017-10-06 11:18:46] A Error Code: 0, Message:Uncaught ArgumentCountError: Too few arguments to function yoc\pool\Connect::push(), 1 passed in /data/web/restful/vendor/yoc/db/Connect.php on line 168 and exactly 2 expected in /data/web/restful/vendor/yoc/pool/Connect.php:49
Stack trace:
#0 /data/web/restful/vendor/yoc/db/Connect.php(168): yoc\pool\Connect::push('mysql_master_po...')
#1 /data/web/restful/vendor/yoc/db/Connect.php(108): yoc\db\Connect->getConnect()
#2 /data/web/restful/vendor/yoc/db/Connect.php(241): yoc\db\Connect->getMaster()
#3 /data/web/restful/vendor/yoc/db/builder/QueryRecord.php(261): yoc\db\Connect->getCommand()
#4 /data/web/restful/vendor/yoc/db/ActiveRecord.php(340): yoc\db\builder\QueryRecord->save(Object(app\model\User), Array)
#5 /data/web/restful/app/logic/UserLogic.php(65): yoc\db\ActiveRecord->save()
#6 [internal function]: app\logic\UserLogic->connect(Object(app\model\User), 1)
#7 /data/web/restful/vendor/yoc/core/WebSocket.php(114): ReflectionMethod->invokeArgs(Object(app\logic\UserLogic), Array)
#8 [internal function]: yo, In Line :49, At File:/data/web/restful/vendor/yoc/pool/Connect.php
[2017-10-06 12:40:29] A Error Code: 0, Message:Uncaught Error: Call to a member function packet() on boolean in /data/web/restful/app/model/Friend.php:80
Stack trace:
#0 /data/web/restful/vendor/yoc/db/builder/QueryRecord.php(142): app\model\Friend->getUserAttribute()
#1 /data/web/restful/vendor/yoc/db/builder/QueryRecord.php(111): yoc\db\builder\QueryRecord->builder(Object(app\model\Friend))
#2 /data/web/restful/vendor/yoc/db/builder/QueryRecord.php(216): yoc\db\builder\QueryRecord->findByPrimary('30')
#3 /data/web/restful/app/model/FriendGroup.php(66): yoc\db\builder\QueryRecord->all()
#4 /data/web/restful/vendor/yoc/db/builder/QueryRecord.php(142): app\model\FriendGroup->getUserListAttribute()
#5 /data/web/restful/vendor/yoc/db/builder/QueryRecord.php(111): yoc\db\builder\QueryRecord->builder(Object(app\model\FriendGroup))
#6 /data/web/restful/vendor/yoc/db/builder/QueryRecord.php(43): yoc\db\builder\QueryRecord->findByPrimary('4')
#7 /data/web/restful/app/controller/FriendController.php(253): yoc\db\builder\QueryRecord->one()
#8 /data/web/restful/vend, In Line :80, At File:/data/web/restful/app/model/Friend.php
[2017-10-06 12:40:49] A Error Code: 0, Message:Uncaught Error: Call to a member function packet() on boolean in /data/web/restful/app/model/Friend.php:80
Stack trace:
#0 /data/web/restful/vendor/yoc/db/builder/QueryRecord.php(142): app\model\Friend->getUserAttribute()
#1 /data/web/restful/vendor/yoc/db/builder/QueryRecord.php(111): yoc\db\builder\QueryRecord->builder(Object(app\model\Friend))
#2 /data/web/restful/vendor/yoc/db/builder/QueryRecord.php(216): yoc\db\builder\QueryRecord->findByPrimary('30')
#3 /data/web/restful/app/model/FriendGroup.php(66): yoc\db\builder\QueryRecord->all()
#4 /data/web/restful/vendor/yoc/db/builder/QueryRecord.php(142): app\model\FriendGroup->getUserListAttribute()
#5 /data/web/restful/vendor/yoc/db/builder/QueryRecord.php(111): yoc\db\builder\QueryRecord->builder(Object(app\model\FriendGroup))
#6 /data/web/restful/vendor/yoc/db/builder/QueryRecord.php(38): yoc\db\builder\QueryRecord->findByPrimary('4')
#7 /data/web/restful/app/controller/FriendController.php(253): yoc\db\builder\QueryRecord->one()
#8 /data/web/restful/vend, In Line :80, At File:/data/web/restful/app/model/Friend.php
[2017-10-06 12:42:28] A Error Code: 0, Message:, In Line :, At File:
[2017-10-06 12:42:29] A Error Code: 0, Message:Uncaught Error: Call to a member function packet() on boolean in /data/web/restful/app/model/Friend.php:80
Stack trace:
#0 /data/web/restful/vendor/yoc/db/builder/QueryRecord.php(142): app\model\Friend->getUserAttribute()
#1 /data/web/restful/vendor/yoc/db/builder/QueryRecord.php(111): yoc\db\builder\QueryRecord->builder(Object(app\model\Friend))
#2 /data/web/restful/vendor/yoc/db/builder/QueryRecord.php(216): yoc\db\builder\QueryRecord->findByPrimary('30')
#3 /data/web/restful/app/logic/UserLogic.php(66): yoc\db\builder\QueryRecord->all()
#4 [internal function]: app\logic\UserLogic->connect(Object(app\model\User), 1)
#5 /data/web/restful/vendor/yoc/core/WebSocket.php(114): ReflectionMethod->invokeArgs(Object(app\logic\UserLogic), Array)
#6 [internal function]: yoc\core\WebSocket::onTask(Object(Swoole\WebSocket\Server), 0, 4, Array)
#7 /data/web/restful/vendor/yoc/base/Server.php(62): Swoole\Http\Server->start()
#8 /data/web/restful/vendor/yoc/base/Application.php(116): yoc\base\Server->start()
#9 /data/web/r, In Line :80, At File:/data/web/restful/app/model/Friend.php
[2017-10-06 18:32:00] A Error Code: 0, Message:Uncaught Error: Call to undefined method yoc\base\Server::download() in /data/web/restful/app/controller/FilesController.php:224
Stack trace:
#0 /data/web/restful/vendor/yoc/base/Server.php(105): app\controller\FilesController->actionDownload(Object(yoc\http\Request))
#1 {main}
  thrown, In Line :224, At File:/data/web/restful/app/controller/FilesController.php
