[2017-10-01 14:20:30] A Error Code: 0, Message:Allowed memory size of 134217728 bytes exhausted (tried to allocate 8388616 bytes), In Line :143, At File:/data/web/restful/vendor/yoc/db/Connect.php
[2017-10-01 14:24:15] A Error Code: 0, Message:Allowed memory size of 134217728 bytes exhausted (tried to allocate 8388616 bytes), In Line :143, At File:/data/web/restful/vendor/yoc/db/Connect.php
[2017-10-01 14:35:19] A Error Code: 0, Message:Allowed memory size of 134217728 bytes exhausted (tried to allocate 8388616 bytes), In Line :143, At File:/data/web/restful/vendor/yoc/db/Connect.php
[2017-10-01 17:46:36] A Error Code: 0, Message:Uncaught Error: Call to a member function getStartLine() on string in /data/web/restful/vendor/yoc/base/Gii.php:416
Stack trace:
#0 /data/web/restful/vendor/yoc/base/Gii.php(159): yoc\base\Gii->getUseContent('', 'app\\controller\\...')
#1 /data/web/restful/vendor/yoc/base/Gii.php(64): yoc\base\Gii->createCFile('XlFriendModel', Array)
#2 /data/web/restful/vendor/yoc/base/Gii.php(842): yoc\base\Gii->getTable(1, 1)
#3 /data/web/restful/app/controller/SiteController.php(83): yoc\base\Gii::run(Object(yoc\http\Request))
#4 /data/web/restful/vendor/yoc/base/Server.php(105): app\controller\SiteController->actionGii(Object(yoc\http\Request))
#5 {main}
  thrown, In Line :416, At File:/data/web/restful/vendor/yoc/base/Gii.php
[2017-10-01 20:25:25] A Error Code: 0, Message:, In Line :, At File:
[2017-10-01 21:38:31] A Error Code: 0, Message:, In Line :, At File:
[2017-10-01 21:38:31] A Error Code: 0, Message:, In Line :, At File:
[2017-10-01 21:41:22] A Error Code: 0, Message:, In Line :, At File:
[2017-10-01 21:41:22] A Error Code: 0, Message:, In Line :, At File:
[2017-10-01 21:42:19] A Error Code: 0, Message:, In Line :, At File:
[2017-10-01 21:43:18] A Error Code: 0, Message:, In Line :, At File:
[2017-10-01 21:43:18] A Error Code: 0, Message:, In Line :, At File:
[2017-10-01 21:43:18] A Error Code: 0, Message:, In Line :, At File:
[2017-10-01 21:43:25] A Error Code: 0, Message:, In Line :, At File:
[2017-10-01 22:01:59] A Error Code: 0, Message:, In Line :, At File:
