[][site/index][python-requests/2.12.4]
[][site/index][python-requests/2.12.4]
[][rpc2_login/index][python-requests/2.12.4]
[][rpc2_login/index][python-requests/2.12.4]
[][isapi/security][python-requests/2.12.4]
[][isapi/security][python-requests/2.12.4]
[][psia/custom][python-requests/2.12.4]
[][psia/custom][python-requests/2.12.4]
[][site/index][python-requests/2.12.4]
[][site/index][python-requests/2.12.4]
[][isapi/security][python-requests/2.12.4]
[][isapi/security][python-requests/2.12.4]
[][monitor2.htm/index][python-requests/2.12.4]
[][monitor2.htm/index][python-requests/2.12.4]
[][monitor2.htm/index][python-requests/2.12.4]
[][monitor2.htm/index][python-requests/2.12.4]
[][monitor2.htm/index][python-requests/2.12.4]
[][monitor2.htm/index][python-requests/2.12.4]
[][index.htm/index][python-requests/2.12.4]
[][index.htm/index][python-requests/2.12.4]
[][index.htm/index][python-requests/2.12.4]
[][index.htm/index][python-requests/2.12.4]
[][index.htm/index][python-requests/2.12.4]
[][index.htm/index][python-requests/2.12.4]
[106.11.225.170][user/detail][ is curl request ]
[106.11.225.170][friendGroup/list][ is curl request ]
[106.11.225.170][user/detail][ is curl request ]
[106.11.225.57][user/detail][ is curl request ]
