[][zabbix/index][Mozilla/4.0 (compatible; MSIE 6.0; Windows NT 5.1;Alibaba.Security.Heimdall.5448812)]
[140.205.225.197][user/detail][ is curl request ]
[140.205.225.197][user/detail][ is curl request ]
[][site/index][Mozilla/4.0 (compatible; MSIE 6.0; Windows NT 5.1;Alibaba.Security.Heimdall.5448812)]
[][phpmyadmin/index][Python-urllib/2.6]
[][phpmyadmin/index][Mozilla/4.0 (compatible; MSIE 6.0; Windows NT 5.1;Alibaba.Security.Heimdall.5448812.phpmyadmin_login_weak)]
[][phpmyadmin/index][Python-urllib/2.6]
[][phpmyadmin/index][Mozilla/4.0 (compatible; MSIE 6.0; Windows NT 5.1;Alibaba.Security.Heimdall.5448812.phpmyadmin_login_weak)]
[][phpmyadmin/index][Python-urllib/2.6]
[][phpmyadmin/index][Mozilla/4.0 (compatible; MSIE 6.0; Windows NT 5.1;Alibaba.Security.Heimdall.5448812.phpmyadmin_login_weak)]
[][phpmyadmin/index][Python-urllib/2.6]
[][phpmyadmin/index][Mozilla/4.0 (compatible; MSIE 6.0; Windows NT 5.1;Alibaba.Security.Heimdall.5448812.phpmyadmin_login_weak)]
[][phpmyadmin/index][Python-urllib/2.6]
[][phpmyadmin/index][Mozilla/4.0 (compatible; MSIE 6.0; Windows NT 5.1;Alibaba.Security.Heimdall.5448812.phpmyadmin_login_weak)]
[][phpmyadmin/index][Python-urllib/2.6]
[][phpmyadmin/index][Mozilla/4.0 (compatible; MSIE 6.0; Windows NT 5.1;Alibaba.Security.Heimdall.5448812.phpmyadmin_login_weak)]
[][phpmyadmin/index][Python-urllib/2.6]
[][phpmyadmin/index][Mozilla/4.0 (compatible; MSIE 6.0; Windows NT 5.1;Alibaba.Security.Heimdall.5448812.phpmyadmin_login_weak)]
[][phpmyadmin/index][Python-urllib/2.6]
[][phpmyadmin/index][Mozilla/4.0 (compatible; MSIE 6.0; Windows NT 5.1;Alibaba.Security.Heimdall.5448812.phpmyadmin_login_weak)]
[][phpmyadmin/index][Python-urllib/2.6]
[][phpmyadmin/index][Mozilla/4.0 (compatible; MSIE 6.0; Windows NT 5.1;Alibaba.Security.Heimdall.5448812.phpmyadmin_login_weak)]
[][phpmyadmin/index][Python-urllib/2.6]
[][phpmyadmin/index][Mozilla/4.0 (compatible; MSIE 6.0; Windows NT 5.1;Alibaba.Security.Heimdall.5448812.phpmyadmin_login_weak)]
[180.76.15.145][user/detail][ is curl request ]
[][solr/index][Mozilla/4.0 (compatible; MSIE 6.0; Windows NT 5.1;Alibaba.Security.Heimdall.5448812)]
[][site/index][Mozilla/4.0 (compatible; MSIE 6.0; Windows NT 5.1;Alibaba.Security.Heimdall.5448812.struts-s2-046)]
[][site/index][Mozilla/4.0 (compatible; MSIE 6.0; Windows NT 5.1;Alibaba.Security.Heimdall.5448812)]
[][showcase/integration][Python-urllib/2.6]
[][struts2Showcase/integration][Python-urllib/2.6]
[][integration/savegangster.action][Python-urllib/2.6]
[][masterStatus/index][Mozilla/4.0 (compatible; MSIE 6.0; Windows NT 5.1;Alibaba.Security.Heimdall.5448812)]
[][zabbix/index][Mozilla/4.0 (compatible; MSIE 6.0; Windows NT 5.1;Alibaba.Security.Heimdall.5448812)]
[][site/index][Mozilla/4.0 (compatible; MSIE 6.0; Windows NT 5.1;Alibaba.Security.Heimdall.5448812.wordpress-restapi-editpost)]
[][wpJson/wp][Mozilla/4.0 (compatible; MSIE 6.0; Windows NT 5.1;Alibaba.Security.Heimdall.5448812.wordpress-restapi-editpost)]
[][about/index][Mozilla/4.0 (compatible; MSIE 6.0; Windows NT 5.1;Alibaba.Security.Heimdall.5448812)]
[][warning/index][Mozilla/4.0 (compatible; MSIE 6.0; Windows NT 5.1;Alibaba.Security.Heimdall.5448812)]
[][jobs/index][Mozilla/4.0 (compatible; MSIE 6.0; Windows NT 5.1;Alibaba.Security.Heimdall.5448812)]
[][rsStatus/index][Mozilla/4.0 (compatible; MSIE 6.0; Windows NT 5.1;Alibaba.Security.Heimdall.5448812)]
[][pleasereadthis/index][Mozilla/4.0 (compatible; MSIE 6.0; Windows NT 5.1;Alibaba.Security.Heimdall.5448812)]
[140.205.225.197][user/detail][ is curl request ]
[][please_read/_search][Mozilla/4.0 (compatible; MSIE 6.0; Windows NT 5.1;Alibaba.Security.Heimdall.5448812)]
[][site/index][Mozilla/4.0 (compatible; MSIE 6.0; Windows NT 5.1;Alibaba.Security.Heimdall.5448812)]
[][ganglia/index.php][Mozilla/4.0 (compatible; MSIE 6.0; Windows NT 5.1;Alibaba.Security.Heimdall.5448812)]
[][dfshealth.jsp/index][Mozilla/4.0 (compatible; MSIE 6.0; Windows NT 5.1;Alibaba.Security.Heimdall.5448812)]
[][solr/index][Mozilla/4.0 (compatible; MSIE 6.0; Windows NT 5.1;Alibaba.Security.Heimdall.5448812)]
[][hadoop/dfshealth.jsp][Mozilla/4.0 (compatible; MSIE 6.0; Windows NT 5.1;Alibaba.Security.Heimdall.5448812)]
[][index.php/index][Mozilla/4.0 (compatible; MSIE 6.0; Windows NT 5.1;Alibaba.Security.Heimdall.5448812)]
[][site/index][Mozilla/4.0 (compatible; MSIE 6.0; Windows NT 5.1;Alibaba.Security.Heimdall.5448812)]
[][site/index][Mozilla/4.0 (compatible; MSIE 6.0; Windows NT 5.1;Alibaba.Security.Heimdall.5448812)]
[][about/index][Mozilla/4.0 (compatible; MSIE 6.0; Windows NT 5.1;Alibaba.Security.Heimdall.5448812)]
[][czbmjavhyiug/index][Mozilla/4.0 (compatible; MSIE 6.0; Windows NT 5.1;Alibaba.Security.Heimdall.5448812.elasticsearch_unauthorized)]
[][site/index][Mozilla/4.0 (compatible; MSIE 6.0; Windows NT 5.1;Alibaba.Security.Heimdall.5448812)]
[][warning/index][Mozilla/4.0 (compatible; MSIE 6.0; Windows NT 5.1;Alibaba.Security.Heimdall.5448812)]
[][jobs/index][Mozilla/4.0 (compatible; MSIE 6.0; Windows NT 5.1;Alibaba.Security.Heimdall.5448812)]
[][pleasereadthis/index][Mozilla/4.0 (compatible; MSIE 6.0; Windows NT 5.1;Alibaba.Security.Heimdall.5448812)]
[][site/index][Mozilla/4.0 (compatible; MSIE 6.0; Windows NT 5.1;Alibaba.Security.Heimdall.5448812)]
[][please_read/_search][Mozilla/4.0 (compatible; MSIE 6.0; Windows NT 5.1;Alibaba.Security.Heimdall.5448812)]
[][mbvihgnfxtjs/index][Mozilla/4.0 (compatible; MSIE 6.0; Windows NT 5.1;Alibaba.Security.Heimdall.5448812.elasticsearch_unauthorized)]
[][dfshealth.jsp/index][Mozilla/4.0 (compatible; MSIE 6.0; Windows NT 5.1;Alibaba.Security.Heimdall.5448812)]
[][site/index][Mozilla/4.0 (compatible; MSIE 6.0; Windows NT 5.1;Alibaba.Security.Heimdall.5448812)]
[][hadoop/dfshealth.jsp][Mozilla/4.0 (compatible; MSIE 6.0; Windows NT 5.1;Alibaba.Security.Heimdall.5448812)]
[140.205.225.197][user/detail][ is curl request ]
[140.205.225.197][user/detail][ is curl request ]
